sbcl --dynamic-space-size 32768 --disable-debugger --eval "(progn (push (uiop:getcwd) asdf:*central-registry*) (asdf:load-system :openldk))" --eval "(openldk::make-image)"
This is SBCL 2.5.9, an implementation of ANSI Common Lisp.
More information about SBCL is available at <http://www.sbcl.org/>.

SBCL is free software, provided as is, with absolutely no warranty.
It is mostly in the public domain; some portions are provided under
BSD-style licenses.  See the CREDITS and COPYING files in the
distribution for more information.
WARNING: redefining PERFORM (#<STANDARD-CLASS ASDF/BUNDLE:IMAGE-OP> #<STANDARD-CLASS ASDF/SYSTEM:SYSTEM>) in DEFMETHOD
WARNING: System definition file #P"/home/green/git/openldk/CLEAN-openldk/openldk/systems/cl-fad-0.7.6/cl-fad.asd" contains definition for system "cl-fad-test". Please only define "cl-fad" and secondary systems with a name starting with "cl-fad/" (e.g. "cl-fad/test") in that file.
WARNING: System definition file #P"/home/green/git/openldk/CLEAN-openldk/openldk/systems/cl-store-20240503-adb52a1/cl-store.asd" contains definition for system "cl-store-tests". Please only define "cl-store" and secondary systems with a name starting with "cl-store/" (e.g. "cl-store/test") in that file.
;;; Computing Hangul syllable namesSTYLE-WARNING:
   Generic function FSET:ITERATOR clobbers an earlier FTYPE proclamation
   (FUNCTION (T &KEY &ALLOW-OTHER-KEYS) (VALUES FUNCTION &REST T)) for the same
   name with (FUNCTION (T &KEY &ALLOW-OTHER-KEYS) *).
STYLE-WARNING:
   Generic function FSET::FUN-ITERATOR clobbers an earlier FTYPE proclamation
   (FUNCTION (T &KEY (:FROM-END? T) &ALLOW-OTHER-KEYS)
    (VALUES FUNCTION &REST T))
   for the same name with
   (FUNCTION (T &KEY (:FROM-END? T) &ALLOW-OTHER-KEYS) *).
STYLE-WARNING:
   The new FTYPE proclamation for SLYNK-BACKEND:GETPID
     (FUNCTION NIL (VALUES (SIGNED-BYTE 32) &OPTIONAL))
   does not match the derived return type
     (FUNCTION NIL *)
WARNING:
   redefining EMACS-INSPECT (#<SB-PCL:SYSTEM-CLASS COMMON-LISP:T>) in DEFMETHOD

WARNING:
   redefining ORG.SHIRAKUMO.PRECISE-TIME::%PRECISE-TIME-UNITS-PER-SECOND in DEFUN
WARNING:
   redefining ORG.SHIRAKUMO.PRECISE-TIME::%MONOTONIC-TIME-UNITS-PER-SECOND in DEFUN
WARNING: redefining ORG.SHIRAKUMO.PRECISE-TIME:GET-PRECISE-TIME in DEFUN
WARNING: redefining ORG.SHIRAKUMO.PRECISE-TIME:GET-MONOTONIC-TIME in DEFUN
SLYNK's ASDF loader finished.
; compiling file "/home/green/git/openldk/CLEAN-openldk/openldk/src/descriptors.lisp" (written 03 OCT 2025 09:59:59 PM):

; wrote /home/green/.cache/common-lisp/sbcl-2.5.9-linux-x64-s/home/green/git/openldk/CLEAN-openldk/openldk/src/descriptors-tmpAAURSO1.fasl
; compilation finished in 0:00:00.135
; compiling file "/home/green/git/openldk/CLEAN-openldk/openldk/src/classfile.lisp" (written 03 OCT 2025 07:32:21 PM):

; wrote /home/green/.cache/common-lisp/sbcl-2.5.9-linux-x64-s/home/green/git/openldk/CLEAN-openldk/openldk/src/classfile-tmp5GEXGEG5.fasl
; compilation finished in 0:00:00.294
; compiling file "/home/green/git/openldk/CLEAN-openldk/openldk/src/native.lisp" (written 03 OCT 2025 07:32:00 PM):

; file: /home/green/git/openldk/CLEAN-openldk/openldk/src/native.lisp
; in: DEFUN |sun/management/MemoryImpl.getMemoryManagers0()|
;     (OPENLDK::MM-MXBEAN-CLASS
;      (OPENLDK::|java/lang/Class.forName0(Ljava/lang/String;ZLjava/lang/ClassLoader;Ljava/lang/Class;)|
;       (OPENLDK::JSTRING "sun/management/MemoryManagerImpl") NIL NIL NIL))
; 
; caught STYLE-WARNING:
;   The variable MM-MXBEAN-CLASS is defined but never used.

; in: DEFUN |sun/management/MemoryImpl.getMemoryPools0()|
;     (OPENLDK::MP-MXBEAN-CLASS
;      (OPENLDK::|java/lang/Class.forName0(Ljava/lang/String;ZLjava/lang/ClassLoader;Ljava/lang/Class;)|
;       (OPENLDK::JSTRING "sun/management/MemoryPoolImpl") NIL NIL NIL))
; 
; caught STYLE-WARNING:
;   The variable MP-MXBEAN-CLASS is defined but never used.

; in:
;      DEFUN |java/lang/invoke/MethodHandleNatives.objectFieldOffset(Ljava/lang/invoke/MemberName;)|
;     (IGNORE OPENLDK::UNSAFE)
; 
; caught STYLE-WARNING:
;   IGNORE declaration for an unknown variable: UNSAFE


; wrote /home/green/.cache/common-lisp/sbcl-2.5.9-linux-x64-s/home/green/git/openldk/CLEAN-openldk/openldk/src/native-tmpAR3FSGEY.fasl
; compilation finished in 0:00:00.865
WARNING:
   Lisp compilation had style-warnings while
   compiling #<CL-SOURCE-FILE "openldk" "src/native">
WARNING:
   redefining PRINT-OBJECT (#<STANDARD-CLASS OPENLDK::|java/lang/String|>
                            #<SB-PCL:SYSTEM-CLASS COMMON-LISP:T>) in DEFMETHOD
; compiling file "/home/green/git/openldk/CLEAN-openldk/openldk/src/streams.lisp" (written 03 OCT 2025 06:55:34 AM):

; wrote /home/green/.cache/common-lisp/sbcl-2.5.9-linux-x64-s/home/green/git/openldk/CLEAN-openldk/openldk/src/streams-tmpJAIDFZTC.fasl
; compilation finished in 0:00:00.045
; compiling file "/home/green/git/openldk/CLEAN-openldk/openldk/src/zip.lisp" (written 03 OCT 2025 07:31:26 PM):

; wrote /home/green/.cache/common-lisp/sbcl-2.5.9-linux-x64-s/home/green/git/openldk/CLEAN-openldk/openldk/src/zip-tmp8V3J6PE9.fasl
; compilation finished in 0:00:00.100
; compiling file "/home/green/git/openldk/CLEAN-openldk/openldk/src/reflection.lisp" (written 03 OCT 2025 06:50:25 AM):

; wrote /home/green/.cache/common-lisp/sbcl-2.5.9-linux-x64-s/home/green/git/openldk/CLEAN-openldk/openldk/src/reflection-tmp9V47YWQF.fasl
; compilation finished in 0:00:00.002
; compiling file "/home/green/git/openldk/CLEAN-openldk/openldk/src/openldk.lisp" (written 03 OCT 2025 08:00:20 PM):

; file: /home/green/git/openldk/CLEAN-openldk/openldk/src/openldk.lisp
; in: DEFUN %COMPILE-METHOD
;     (LAMBDA (OPENLDK::K OPENLDK::V)
;       (WHEN (> (LENGTH OPENLDK::V) 1)
;         (REDUCE #'OPENLDK::MERGE-STACKS OPENLDK::V)))
; 
; caught STYLE-WARNING:
;   The variable K is defined but never used.

; in: DEFUN %CLASSLOAD-FROM-STREAM
;     (OPENLDK::INTERFACES
;      (LET ((OPENLDK::INTERFACES (SLOT-VALUE CLASS 'OPENLDK::INTERFACES)))
;        (WHEN OPENLDK::INTERFACES
;          (MAPCAR (LAMBDA # #) (COERCE OPENLDK::INTERFACES 'LIST)))))
; 
; caught STYLE-WARNING:
;   The variable INTERFACES is defined but never used.

; in: DEFUN MAIN
;     (DEFUN OPENLDK::MAIN
;            (OPENLDK::MAINCLASS
;             &OPTIONAL (OPENLDK::ARGS (LIST))
;             &KEY OPENLDK::DUMP-DIR OPENLDK::CLASSPATH)
;       (DECLARE
;        (WHEREISEVERYONE.COMMAND-LINE-ARGS:PARSER (LIST IDENTITY) OPENLDK::ARGS)
;        (WHEREISEVERYONE.COMMAND-LINE-ARGS:PARSER IDENTITY OPENLDK::CLASSPATH)
;        (WHEREISEVERYONE.COMMAND-LINE-ARGS:PARSER IDENTITY OPENLDK::DUMP-DIR))
;       #<(SIMPLE-ARRAY CHARACTER
;          (377)) openldk - copyright (C) 2023-2024 Anthony Green <green@moxielogic.com>
;      Distributed under the terms of the GPLv3 + Classpath Exception
;   
;      MAINCLASS: The class with the static main method to execute... {1230F2108F}>
;       (OPENLDK::ENSURE-JAVA_HOME)
;       (UNLESS OPENLDK::CLASSPATH
;         (SETF OPENLDK::CLASSPATH (CONCATENATE 'STRING # ":" #)))
;       (LET ((OPENLDK::LDK_DEBUG (UIOP/OS:GETENV "LDK_DEBUG")))
;         (WHEN OPENLDK::LDK_DEBUG
;           (PROGN
;            (WHEN # #)
;            (WHEN # #)
;            (WHEN # #)
;            (WHEN # #)
;            (WHEN # #)
;            (WHEN # #)
;            (WHEN # #)
;            (WHEN # #))))
;       (OPENLDK::|java/lang/System.initProperties(Ljava/util/Properties;)|
;        (SLOT-VALUE OPENLDK::|+static-java/lang/System+| 'OPENLDK::|props|))
;       (OPENLDK::%CLINIT
;        (OPENLDK::%GET-LDK-CLASS-BY-BIN-NAME "sun/misc/Launcher"))
;       (WHEN OPENLDK::*DEBUG-SLYNK* (SLYNK:CREATE-SERVER :PORT 2025) (SLEEP 10))
;       (SETF OPENLDK::*DUMP-DIR* OPENLDK::DUMP-DIR)
;       ...)
; --> SB-IMPL::%DEFUN SB-IMPL::%DEFUN SB-INT:NAMED-LAMBDA 
; ==>
;   #'(SB-INT:NAMED-LAMBDA OPENLDK::MAIN
;         (OPENLDK::MAINCLASS &OPTIONAL (OPENLDK::ARGS (LIST)) &KEY
;          OPENLDK::DUMP-DIR OPENLDK::CLASSPATH)
;       (DECLARE (SB-C::TOP-LEVEL-FORM))
;       #<(SIMPLE-ARRAY CHARACTER
;          (377)) openldk - copyright (C) 2023-2024 Anthony Green <green@moxielogic.com>
;    Distributed under the terms of the GPLv3 + Classpath Exception
; 
;    MAINCLASS: The class with the static main method to execute... {1230F2108F}>
;       (DECLARE
;        (WHEREISEVERYONE.COMMAND-LINE-ARGS:PARSER (LIST IDENTITY) OPENLDK::ARGS)
;        (WHEREISEVERYONE.COMMAND-LINE-ARGS:PARSER IDENTITY OPENLDK::CLASSPATH)
;        (WHEREISEVERYONE.COMMAND-LINE-ARGS:PARSER IDENTITY OPENLDK::DUMP-DIR))
;       (BLOCK OPENLDK::MAIN
;         (OPENLDK::ENSURE-JAVA_HOME)
;         (UNLESS OPENLDK::CLASSPATH (SETF OPENLDK::CLASSPATH #))
;         (LET ((OPENLDK::LDK_DEBUG #))
;           (WHEN OPENLDK::LDK_DEBUG (PROGN # # # # # # # #)))
;         (OPENLDK::|java/lang/System.initProperties(Ljava/util/Properties;)|
;          (SLOT-VALUE OPENLDK::|+static-java/lang/System+| 'OPENLDK::|props|))
;         (OPENLDK::%CLINIT
;          (OPENLDK::%GET-LDK-CLASS-BY-BIN-NAME "sun/misc/Launcher"))
;         (WHEN OPENLDK::*DEBUG-SLYNK*
;           (SLYNK:CREATE-SERVER :PORT 2025)
;           (SLEEP 10))
;         (SETF OPENLDK::*DUMP-DIR* OPENLDK::DUMP-DIR)
;         (SETF OPENLDK::*CLASSPATH*
;                 (LOOP OPENLDK::FOR OPENLDK::CPE OPENLDK::IN #
;                       OPENLDK::COLLECT #))
;         (LET* ((CLASS #) (OPENLDK::ARGV #))
;           (ASSERT (OR CLASS #))
;           (OPENLDK::%CLINIT CLASS)
;           (LABELS (#)
;             (LET #
;               #)))))
; 
; caught STYLE-WARNING:
;   &OPTIONAL and &KEY found in the same lambda list: (MAINCLASS &OPTIONAL
;                                                      (ARGS (LIST)) &KEY DUMP-DIR
;                                                      CLASSPATH)


; wrote /home/green/.cache/common-lisp/sbcl-2.5.9-linux-x64-s/home/green/git/openldk/CLEAN-openldk/openldk/src/openldk-tmp9BN22RMA.fasl
; compilation finished in 0:00:00.425
WARNING:
   Lisp compilation had style-warnings while
   compiling #<CL-SOURCE-FILE "openldk" "src/openldk">

; file: /home/green/git/openldk/CLEAN-openldk/openldk/src/native.lisp
; in:
;      DEFMETHOD OPENLDK::|getOption(I)| (OPENLDK::|java/net/SocketOptions| T)
;     (SLOT-VALUE OPENLDK::|+static-java/lang/Boolean+| 'OPENLDK::TRUE)
; 
; caught WARNING:
;   undefined variable: OPENLDK::|+static-java/lang/Boolean+|

; in: DEFUN OPENLDK::|java/lang/System.setOut0(Ljava/io/PrintStream;)|
;     (SLOT-VALUE OPENLDK::|+static-java/lang/System+| 'OPENLDK::|out|)
; 
; caught WARNING:
;   undefined variable: OPENLDK::|+static-java/lang/System+|

; in: DEFUN OPENLDK::|java/lang/System.setErr0(Ljava/io/PrintStream;)|
;     (SLOT-VALUE OPENLDK::|+static-java/lang/System+| 'OPENLDK::|err|)
; 
; caught WARNING:
;   undefined variable: OPENLDK::|+static-java/lang/System+|

; in: DEFUN OPENLDK::|java/lang/System.setIn0(Ljava/io/InputStream;)|
;     (SLOT-VALUE OPENLDK::|+static-java/lang/System+| 'OPENLDK::|in|)
; 
; caught WARNING:
;   undefined variable: OPENLDK::|+static-java/lang/System+|

; 
; caught WARNING:
;   2 more uses of undefined variable OPENLDK::|+static-java/lang/System+|


; file: /home/green/git/openldk/CLEAN-openldk/openldk/src/zip.lisp
; in:
;      DEFMETHOD OPENLDK::|getManifest()| (OPENLDK::|java/util/jar/JarInputStream|)
;     (OPENLDK::|<init>()| OPENLDK::MANIFEST)
; 
; caught STYLE-WARNING:
;   undefined function: OPENLDK::|<init>()|


; file: /home/green/git/openldk/CLEAN-openldk/openldk/src/native.lisp
; in:
;      DEFUN OPENLDK::|sun/reflect/NativeConstructorAccessorImpl.newInstance0(Ljava/lang/reflect/Constructor;[Ljava/lang/Object;)|
;     (OPENLDK::|<init>()| OPENLDK::OBJ)
; 
; caught STYLE-WARNING:
;   undefined function: OPENLDK::|<init>()|

; in: DEFMETHOD OPENLDK::|java/lang/Thread.currentThread()| ()
;     (OPENLDK::|<init>()| OPENLDK::THREAD-GROUP)
; 
; caught STYLE-WARNING:
;   undefined function: OPENLDK::|<init>()|

; 
; caught STYLE-WARNING:
;   1 more use of undefined function OPENLDK::|<init>()|


; file: /home/green/git/openldk/CLEAN-openldk/openldk/src/native.lisp
; in: DEFMETHOD OPENLDK::|createLong(Ljava/lang/String;IIJ)| (T T T T T)
;     (OPENLDK::|<init>(JI)| OPENLDK::DBB OPENLDK::PTR 8)
; 
; caught STYLE-WARNING:
;   undefined function: OPENLDK::|<init>(JI)|

; in:
;      DEFMETHOD OPENLDK::|getDeclaredFields0(Z)| (OPENLDK::|java/lang/Class| T)
;     (OPENLDK::|<init>(Ljava/lang/Class;Ljava/lang/String;Ljava/lang/Class;IILjava/lang/String;[B)|
;      OPENLDK::F OPENLDK::THIS (OPENLDK::IJSTRING (OPENLDK::NAME OPENLDK::FIELD))
;      (LET ((OPENLDK::CN (SLOT-VALUE OPENLDK::FIELD 'OPENLDK::DESCRIPTOR)))
;        (WHEN (EQ (CHAR OPENLDK::CN 0) #\L) (SETF OPENLDK::CN #))
;        (OR (OPENLDK::%GET-JAVA-CLASS-BY-BIN-NAME OPENLDK::CN T)
;            (LET (#)
;              (SETF #)
;              (SETF #)
;              (SETF #))))
;      (OPENLDK::ACCESS-FLAGS OPENLDK::FIELD) NIL NIL NIL)
; 
; caught STYLE-WARNING:
;   undefined function: OPENLDK::|<init>(Ljava/lang/Class;Ljava/lang/String;Ljava/lang/Class;IILjava/lang/String;[B)|

; in:
;      DEFMETHOD OPENLDK::|getDeclaredMethods0(Z)| (OPENLDK::|java/lang/Class| T)
;     #'OPENLDK::|<init>(Ljava/lang/Class;Ljava/lang/String;[Ljava/lang/Class;Ljava/lang/Class;[Ljava/lang/Class;IILjava/lang/String;[B[B[B)|
; 
; caught STYLE-WARNING:
;   undefined function: OPENLDK::|<init>(Ljava/lang/Class;Ljava/lang/String;[Ljava/lang/Class;Ljava/lang/Class;[Ljava/lang/Class;IILjava/lang/String;[B[B[B)|

; in:
;      DEFMETHOD OPENLDK::|getDeclaredConstructors0(Z)| (OPENLDK::|java/lang/Class| T)
;     (OPENLDK::|<init>(Ljava/lang/Class;[Ljava/lang/Class;[Ljava/lang/Class;IILjava/lang/String;[B[B)|
;      OPENLDK::C OPENLDK::THIS
;      (OPENLDK::MAKE-JAVA-ARRAY :COMPONENT-CLASS
;                                (OPENLDK::%GET-JAVA-CLASS-BY-FQ-NAME
;                                 "java.lang.Class")
;                                :INITIAL-CONTENTS OPENLDK::PT)
;      (OPENLDK::MAKE-JAVA-ARRAY :COMPONENT-CLASS
;                                (OPENLDK::%GET-JAVA-CLASS-BY-FQ-NAME
;                                 "java.lang.Class")
;                                :SIZE 0)
;      (OPENLDK::ACCESS-FLAGS METHOD) 0
;      (OPENLDK::IJSTRING (OPENLDK::DESCRIPTOR METHOD))
;      (GETHASH "RuntimeVisibleAnnotations" (OPENLDK::ATTRIBUTES METHOD))
;      (OR
;       (GETHASH "RuntimeVisibleParameterAnnotations" (OPENLDK::ATTRIBUTES METHOD))
;       (OPENLDK::MAKE-JAVA-ARRAY :COMPONENT-CLASS
;                                 (OPENLDK::%GET-JAVA-CLASS-BY-FQ-NAME "byte")
;                                 :INITIAL-CONTENTS
;                                 (CONS (LENGTH OPENLDK::PT)
;                                       (MAKE-LIST # :INITIAL-ELEMENT 0)))))
; 
; caught STYLE-WARNING:
;   undefined function: OPENLDK::|<init>(Ljava/lang/Class;[Ljava/lang/Class;[Ljava/lang/Class;IILjava/lang/String;[B[B)|

; in: DEFUN OPENLDK::|sun/management/MemoryImpl.getMemoryManagers0()|
;     (OPENLDK::|<init>(Ljava/lang/String;)| OPENLDK::MM-MXBEAN
;      (OPENLDK::JSTRING "sbcl-heap-manager"))
; 
; caught STYLE-WARNING:
;   undefined function: OPENLDK::|<init>(Ljava/lang/String;)|

; in:
;      DEFMETHOD OPENLDK::|open0(Ljava/lang/String;)| (OPENLDK::|java/io/FileInputStream|
;                                                  T)
;     (OPENLDK::|<init>(Ljava/lang/String;)| OPENLDK::FNF OPENLDK::FILENAME)
; 
; caught STYLE-WARNING:
;   undefined function: OPENLDK::|<init>(Ljava/lang/String;)|

; in:
;      DEFMETHOD OPENLDK::|open0(Ljava/lang/String;I)| (OPENLDK::|java/io/RandomAccessFile|
;                                                   T T)
;     (OPENLDK::|<init>(Ljava/lang/String;)| OPENLDK::FNF OPENLDK::FILENAME)
; 
; caught STYLE-WARNING:
;   undefined function: OPENLDK::|<init>(Ljava/lang/String;)|

; 
; caught STYLE-WARNING:
;   1 more use of undefined function OPENLDK::|<init>(Ljava/lang/String;)|


; file: /home/green/git/openldk/CLEAN-openldk/openldk/src/native.lisp
; in:
;      DEFMETHOD OPENLDK::|getStackTraceElement(I)| (OPENLDK::|java/lang/Throwable| T)
;     (OPENLDK::|<init>(Ljava/lang/String;Ljava/lang/String;Ljava/lang/String;I)|
;      OPENLDK::STE
;      (OPENLDK::JSTRING
;       (OPENLDK::%CALLER-CLASS-NAME-FROM-STACK-FRAME OPENLDK::STACK-FRAME))
;      (OPENLDK::IJSTRING "unknown")
;      (OPENLDK::JSTRING (FORMAT NIL "~A" OPENLDK::STACK-FRAME)) -1)
; 
; caught STYLE-WARNING:
;   undefined function: OPENLDK::|<init>(Ljava/lang/String;Ljava/lang/String;Ljava/lang/String;I)|

; in: DEFUN OPENLDK::|sun/management/MemoryImpl.getMemoryPools0()|
;     (OPENLDK::|<init>(Ljava/lang/String;ZJJ)| OPENLDK::MP-MXBEAN
;      (OPENLDK::JSTRING "SBCL Heap") T 100000000 100000000)
; 
; caught STYLE-WARNING:
;   undefined function: OPENLDK::|<init>(Ljava/lang/String;ZJJ)|

; in:
;      DEFMETHOD OPENLDK::|lookupAllHostAddr(Ljava/lang/String;)| (OPENLDK::|java/net/Inet4AddressImpl|
;                                                              T)
;     (OPENLDK::|<init>(Ljava/lang/String;[B)| OPENLDK::INET4ADDR OPENLDK::HOSTNAME
;      (OPENLDK::MAKE-JAVA-ARRAY :COMPONENT-CLASS
;                                (OPENLDK::%GET-JAVA-CLASS-BY-FQ-NAME "byte")
;                                :INITIAL-CONTENTS
;                                (COERCE
;                                 (MAPCAR #'PARSE-INTEGER
;                                         (UIOP/UTILITY:SPLIT-STRING "127.0.0.1"
;                                                                    :SEPARATOR
;                                                                    '#))
;                                 'VECTOR)))
; 
; caught STYLE-WARNING:
;   undefined function: OPENLDK::|<init>(Ljava/lang/String;[B)|

; in: DEFMETHOD OPENLDK::|java/lang/Thread.currentThread()| ()
;     (OPENLDK::|<init>(Ljava/lang/ThreadGroup;Ljava/lang/Runnable;Ljava/lang/String;J)|
;      OPENLDK::THREAD OPENLDK::THREAD-GROUP NIL (OPENLDK::JSTRING "main") 0)
; 
; caught STYLE-WARNING:
;   undefined function: OPENLDK::|<init>(Ljava/lang/ThreadGroup;Ljava/lang/Runnable;Ljava/lang/String;J)|


; file: /home/green/git/openldk/CLEAN-openldk/openldk/src/streams.lisp
; in: DEFMETHOD STREAM-CLEAR-INPUT (OPENLDK::<JAVA-INPUT-STREAM>)
;     (COERCE OPENLDK::AVAILABLE 'OPENLDK::LONG)
; 
; caught STYLE-WARNING:
;   undefined type: OPENLDK::LONG

;     (DEFMETHOD STREAM-CLEAR-INPUT ((STREAM OPENLDK::<JAVA-INPUT-STREAM>))
;       "Attempt to skip any currently available bytes in the buffer."
;       (UNWIND-PROTECT
;           (PROGN
;            (WHEN OPENLDK::*DEBUG-TRACE*
;              (FORMAT T "~&~V@A trace: <java-input-stream> stream-clear-input(~A)"
;                      # "*" STREAM))
;            (LET* (# #)
;              (WHEN # #)))
;         (INCF OPENLDK::*CALL-NESTING-LEVEL* -1)))
; --> EVAL-WHEN SB-PCL::%DEFMETHOD-EXPANDER 
; ==>
;   (SB-PCL::LOAD-DEFMETHOD 'STANDARD-METHOD 'STREAM-CLEAR-INPUT 'NIL
;                           (LIST (FIND-CLASS 'OPENLDK::<JAVA-INPUT-STREAM>))
;                           '(STREAM)
;                           (LIST* :FUNCTION
;                                  (LET* ((SB-PCL::FMF #) (SB-PCL::MF #))
;                                    (SETF # #)
;                                    SB-PCL::MF)
;                                  '(SB-PCL::PLIST (:ARG-INFO (1))
;                                    SB-PCL::SIMPLE-NEXT-METHOD-CALL T
;                                    :DOCUMENTATION
;                                    "Attempt to skip any currently available bytes in the buffer."))
;                           (SB-C:SOURCE-LOCATION))
; 
; caught STYLE-WARNING:
;   undefined type: OPENLDK::LONG

;     (OPENLDK::|available(Ljava/io/InputStream;)| OPENLDK::JAVA-STREAM)
; 
; caught STYLE-WARNING:
;   undefined function: OPENLDK::|available(Ljava/io/InputStream;)|

; in: DEFMETHOD STREAM-LISTEN (OPENLDK::<JAVA-INPUT-STREAM>)
;     (OPENLDK::|available(Ljava/io/InputStream;)| OPENLDK::JAVA-STREAM)
; 
; caught STYLE-WARNING:
;   undefined function: OPENLDK::|available(Ljava/io/InputStream;)|


; file: /home/green/git/openldk/CLEAN-openldk/openldk/src/native.lisp
; in:
;      DEFMETHOD OPENLDK::|java/lang/Class.forName0(Ljava/lang/String;ZLjava/lang/ClassLoader;Ljava/lang/Class;)| (T
;                                                                                                              T
;                                                                                                              T
;                                                                                                              T)
;     (OPENLDK::|findClass(Ljava/lang/String;)| OPENLDK::LOADER OPENLDK::NAME)
; 
; caught STYLE-WARNING:
;   undefined function: OPENLDK::|findClass(Ljava/lang/String;)|

; in:
;      DEFUN OPENLDK::|java/lang/invoke/MethodHandleNatives.getMembers(Ljava/lang/Class;Ljava/lang/String;Ljava/lang/String;ILjava/lang/Class;I[Ljava/lang/invoke/MemberName;)|
;     (OPENLDK::|getClassLoader()| OPENLDK::DEFC)
; 
; caught STYLE-WARNING:
;   undefined function: OPENLDK::|getClassLoader()|


; file: /home/green/git/openldk/CLEAN-openldk/openldk/src/zip.lisp
; in:
;      DEFMETHOD OPENLDK::|<init>(Ljava/io/File;I)| (OPENLDK::|java/util/zip/ZipFile|
;                                                T T)
;     (OPENLDK::|getPath()| OPENLDK::FILE)
; 
; caught STYLE-WARNING:
;   undefined function: OPENLDK::|getPath()|


; file: /home/green/git/openldk/CLEAN-openldk/openldk/src/native.lisp
; in:
;      DEFUN OPENLDK::|java/lang/invoke/MethodHandleNatives.getMembers(Ljava/lang/Class;Ljava/lang/String;Ljava/lang/String;ILjava/lang/Class;I[Ljava/lang/invoke/MemberName;)|
;     (OPENLDK::|init(Ljava/lang/Class;Ljava/lang/String;Ljava/lang/Object;I)|
;      OPENLDK::MN OPENLDK::DEFC (OPENLDK::JSTRING (OPENLDK::NAME METHOD))
;      (OPENLDK::|java/lang/invoke/MethodType.fromMethodDescriptorString(Ljava/lang/String;Ljava/lang/ClassLoader;)|
;       (OPENLDK::JSTRING (OPENLDK::DESCRIPTOR METHOD)) OPENLDK::CLASS-LOADER)
;      (+ (OPENLDK::ACCESS-FLAGS METHOD)
;         (IF (OPENLDK::STATIC-P METHOD)
;             (ASH 6 24)
;             (ASH 5 24))
;         (IF (STRING= "<init>" (OPENLDK::NAME METHOD))
;             131072
;             65536)))
; 
; caught STYLE-WARNING:
;   undefined function: OPENLDK::|init(Ljava/lang/Class;Ljava/lang/String;Ljava/lang/Object;I)|

; in:
;      DEFUN OPENLDK::|sun/reflect/NativeMethodAccessorImpl.invoke0(Ljava/lang/reflect/Method;Ljava/lang/Object;[Ljava/lang/Object;)|
;     (DEFUN OPENLDK::|sun/reflect/NativeMethodAccessorImpl.invoke0(Ljava/lang/reflect/Method;Ljava/lang/Object;[Ljava/lang/Object;)|
;            (METHOD OPENLDK::OBJECT OPENLDK::ARGS)
;       (WHEN OPENLDK::*DEBUG-TRACE*
;         (FORMAT T
;                 "~&~V@A trace: entering sun/reflect/NativeMethodAccessorImpl.invoke0(Ljava/lang/reflect/Method;Ljava/lang/Object;[Ljava/lang/Object;)~A~%"
;                 (INCF OPENLDK::*CALL-NESTING-LEVEL* 1) "*"
;                 (LIST METHOD OPENLDK::OBJECT OPENLDK::ARGS)))
;       (UNWIND-PROTECT
;           (PROGN
;            (DOTIMES (OPENLDK::I #) (WHEN # #))
;            (LET (#)
;              (WHEN OPENLDK::*DEBUG-TRACE* #)
;              OPENLDK::RESULT))
;         (WHEN OPENLDK::*DEBUG-TRACE* (INCF OPENLDK::*CALL-NESTING-LEVEL* -1))))
; ==>
;   (SB-IMPL::%DEFUN
;    'OPENLDK::|sun/reflect/NativeMethodAccessorImpl.invoke0(Ljava/lang/reflect/Method;Ljava/lang/Object;[Ljava/lang/Object;)|
;    (SB-INT:NAMED-LAMBDA OPENLDK::|sun/reflect/NativeMethodAccessorImpl.invoke0(Ljava/lang/reflect/Method;Ljava/lang/Object;[Ljava/lang/Object;)|
;        (METHOD OPENLDK::OBJECT OPENLDK::ARGS)
;      (DECLARE (SB-C::TOP-LEVEL-FORM))
;      (BLOCK
;          OPENLDK::|sun/reflect/NativeMethodAccessorImpl.invoke0(Ljava/lang/reflect/Method;Ljava/lang/Object;[Ljava/lang/Object;)|
;        (WHEN OPENLDK::*DEBUG-TRACE*
;          (FORMAT T
;                  "~&~V@A trace: entering sun/reflect/NativeMethodAccessorImpl.invoke0(Ljava/lang/reflect/Method;Ljava/lang/Object;[Ljava/lang/Object;)~A~%"
;                  # "*" #))
;        (UNWIND-PROTECT (PROGN # #) (WHEN OPENLDK::*DEBUG-TRACE* #)))))
; 
; caught STYLE-WARNING:
;   undefined type: OPENLDK::|java/lang/Integer|

;     (TYPEP (OPENLDK::JAREF OPENLDK::ARGS OPENLDK::I)
;            'OPENLDK::|java/lang/Integer|)
; 
; caught STYLE-WARNING:
;   undefined type: OPENLDK::|java/lang/Integer|


; file: /home/green/git/openldk/CLEAN-openldk/openldk/src/openldk.lisp
; in: DEFUN OPENLDK:INITIALIZE
;     (OPENLDK::|java/lang/System.initializeSystemClass()|)
; 
; caught STYLE-WARNING:
;   undefined function: OPENLDK::|java/lang/System.initializeSystemClass()|

;     (OPENLDK::|java/lang/System.setProperty(Ljava/lang/String;Ljava/lang/String;)|
;      (OPENLDK::IJSTRING (CAR OPENLDK::PROP))
;      (OPENLDK::IJSTRING (CDR OPENLDK::PROP)))
; 
; caught STYLE-WARNING:
;   undefined function: OPENLDK::|java/lang/System.setProperty(Ljava/lang/String;Ljava/lang/String;)|


; file: /home/green/git/openldk/CLEAN-openldk/openldk/src/native.lisp
; in:
;      DEFUN OPENLDK::|java/lang/System.initProperties(Ljava/util/Properties;)|
;     (OPENLDK::|java/lang/System.setProperty(Ljava/lang/String;Ljava/lang/String;)|
;      (OPENLDK::IJSTRING (CAR OPENLDK::PROP))
;      (OPENLDK::IJSTRING (CDR OPENLDK::PROP)))
; 
; caught STYLE-WARNING:
;   undefined function: OPENLDK::|java/lang/System.setProperty(Ljava/lang/String;Ljava/lang/String;)|

; in:
;      DEFUN OPENLDK::|java/lang/invoke/MethodHandleNatives.getMembers(Ljava/lang/Class;Ljava/lang/String;Ljava/lang/String;ILjava/lang/Class;I[Ljava/lang/invoke/MemberName;)|
;     (OPENLDK::|java/lang/invoke/MethodType.fromMethodDescriptorString(Ljava/lang/String;Ljava/lang/ClassLoader;)|
;      (OPENLDK::JSTRING (OPENLDK::DESCRIPTOR METHOD)) OPENLDK::CLASS-LOADER)
; 
; caught STYLE-WARNING:
;   undefined function: OPENLDK::|java/lang/invoke/MethodType.fromMethodDescriptorString(Ljava/lang/String;Ljava/lang/ClassLoader;)|


; file: /home/green/git/openldk/CLEAN-openldk/openldk/src/classfile.lisp
; in: DEFMETHOD OPENLDK::EMIT (OPENLDK::CONSTANT-METHOD-HANDLE T)
;     (OPENLDK::|java/lang/invoke/MethodType.fromMethodDescriptorString(Ljava/lang/String;Ljava/lang/ClassLoader;)|
;      (OPENLDK::JSTRING
;       (OPENLDK::EMIT-TYPE
;        (AREF OPENLDK::CP (OPENLDK::METHOD-DESCRIPTOR-INDEX OPENLDK::M))
;        OPENLDK::CP))
;      NIL)
; 
; caught STYLE-WARNING:
;   undefined function: OPENLDK::|java/lang/invoke/MethodType.fromMethodDescriptorString(Ljava/lang/String;Ljava/lang/ClassLoader;)|

; in: DEFMETHOD OPENLDK::EMIT (OPENLDK::CONSTANT-METHOD-TYPE T)
;     (OPENLDK::|java/lang/invoke/MethodType.methodType(Ljava/lang/Class;[Ljava/lang/Class;)|
;      (OPENLDK::%GET-RETURN-TYPE OPENLDK::DESCRIPTOR)
;      (OPENLDK::MAKE-JAVA-ARRAY :COMPONENT-CLASS
;                                (OPENLDK::%GET-JAVA-CLASS-BY-BIN-NAME
;                                 "java/lang/Class")
;                                :INITIAL-CONTENTS
;                                (OPENLDK::%GET-PARAMETER-TYPES
;                                 OPENLDK::DESCRIPTOR)))
; 
; caught STYLE-WARNING:
;   undefined function: OPENLDK::|java/lang/invoke/MethodType.methodType(Ljava/lang/Class;[Ljava/lang/Class;)|


; file: /home/green/git/openldk/CLEAN-openldk/openldk/src/native.lisp
; in:
;      DEFUN OPENLDK::|java/lang/invoke/MethodHandleNatives.init(Ljava/lang/invoke/MemberName;Ljava/lang/Object;)|
;     (DEFUN OPENLDK::|java/lang/invoke/MethodHandleNatives.init(Ljava/lang/invoke/MemberName;Ljava/lang/Object;)|
;            (OPENLDK::MEMBER-NAME OPENLDK::OBJREF)
;       (SETF (SLOT-VALUE OPENLDK::MEMBER-NAME 'OPENLDK::|clazz|)
;               (SLOT-VALUE OPENLDK::OBJREF 'OPENLDK::|clazz|))
;       (SETF (SLOT-VALUE OPENLDK::MEMBER-NAME 'OPENLDK::|name|)
;               (SLOT-VALUE OPENLDK::OBJREF 'OPENLDK::|name|))
;       (ASSERT (TYPEP OPENLDK::OBJREF 'OPENLDK::|java/lang/reflect/Method|))
;       (FORMAT T "MHN.INIT ~A ~A~%" OPENLDK::MEMBER-NAME OPENLDK::OBJREF)
;       (COND
;        ((NOT (EQ 0 #)) (SETF # #)
;         (FORMAT T "STATIC ~A~%"
;                 (SLOT-VALUE OPENLDK::MEMBER-NAME 'OPENLDK::|flags|)))
;        (T (SETF # #)
;         (FORMAT T "METHOD ~A~%"
;                 (SLOT-VALUE OPENLDK::MEMBER-NAME 'OPENLDK::|flags|)))))
; ==>
;   (SB-IMPL::%DEFUN
;    'OPENLDK::|java/lang/invoke/MethodHandleNatives.init(Ljava/lang/invoke/MemberName;Ljava/lang/Object;)|
;    (SB-INT:NAMED-LAMBDA OPENLDK::|java/lang/invoke/MethodHandleNatives.init(Ljava/lang/invoke/MemberName;Ljava/lang/Object;)|
;        (OPENLDK::MEMBER-NAME OPENLDK::OBJREF)
;      (DECLARE (SB-C::TOP-LEVEL-FORM))
;      (BLOCK
;          OPENLDK::|java/lang/invoke/MethodHandleNatives.init(Ljava/lang/invoke/MemberName;Ljava/lang/Object;)|
;        (SETF # #)
;        (SETF # #)
;        (ASSERT (TYPEP OPENLDK::OBJREF 'OPENLDK::|java/lang/reflect/Method|))
;        (FORMAT T "MHN.INIT ~A ~A~%" OPENLDK::MEMBER-NAME OPENLDK::OBJREF)
;        (COND (# # #) (T # #)))))
; 
; caught STYLE-WARNING:
;   undefined type: OPENLDK::|java/lang/reflect/Method|

;     (ASSERT (TYPEP OPENLDK::OBJREF 'OPENLDK::|java/lang/reflect/Method|))
; --> LET WHEN IF 
; ==>
;   (TYPEP #:TEMP0 'OPENLDK::|java/lang/reflect/Method|)
; 
; caught STYLE-WARNING:
;   undefined type: OPENLDK::|java/lang/reflect/Method|

; in: DEFUN OPENLDK::|java/util/LinkedHashMap.hash(Ljava/lang/Object;)|
;     (OPENLDK::|java/util/HashMap.hash(Ljava/lang/Object;)| OPENLDK::OBJ)
; 
; caught STYLE-WARNING:
;   undefined function: OPENLDK::|java/util/HashMap.hash(Ljava/lang/Object;)|


; file: /home/green/git/openldk/CLEAN-openldk/openldk/src/zip.lisp
; in:
;      DEFMETHOD OPENLDK::|getManifest()| (OPENLDK::|java/util/jar/JarInputStream|)
;     (OPENLDK::|read(Ljava/io/InputStream;)| OPENLDK::MANIFEST
;      (MAKE-INSTANCE 'OPENLDK::<BUFFER-INPUT-STREAM> :BUF OPENLDK::BUFFER))
; 
; caught STYLE-WARNING:
;   undefined function: OPENLDK::|read(Ljava/io/InputStream;)|


; file: /home/green/git/openldk/CLEAN-openldk/openldk/src/streams.lisp
; in: DEFMETHOD STREAM-CLEAR-INPUT (OPENLDK::<JAVA-INPUT-STREAM>)
;     (OPENLDK::|skip(Ljava/io/InputStream;J)| OPENLDK::JAVA-STREAM
;      (COERCE OPENLDK::AVAILABLE 'OPENLDK::LONG))
; 
; caught STYLE-WARNING:
;   undefined function: OPENLDK::|skip(Ljava/io/InputStream;J)|


; file: /home/green/git/openldk/CLEAN-openldk/openldk/src/native.lisp
; in:
;      DEFUN OPENLDK::|sun/util/calendar/BaseCalendar.getDayOfWeekDateOnOrBefore(JI)|
;     (OPENLDK::|sun/util/calendar/AbstractCalendar.getDayOfWeekDateOnOrBefore(JI)|
;      OPENLDK::L OPENLDK::I)
; 
; caught STYLE-WARNING:
;   undefined function: OPENLDK::|sun/util/calendar/AbstractCalendar.getDayOfWeekDateOnOrBefore(JI)|
; 
; compilation unit finished
;   Undefined types:
;     OPENLDK::LONG OPENLDK::|java/lang/Integer| OPENLDK::|java/lang/reflect/Method|
;   Undefined functions:
;     OPENLDK::|<init>()| OPENLDK::|<init>(JI)| 
;  OPENLDK::|<init>(Ljava/lang/Class;Ljava/lang/String;Ljava/lang/Class;IILjava/lang/String;[B)| 
;  OPENLDK::|<init>(Ljava/lang/Class;Ljava/lang/String;[Ljava/lang/Class;Ljava/lang/Class;[Ljava/lang/Class;IILjava/lang/String;[B[B[B)| 
;  OPENLDK::|<init>(Ljava/lang/Class;[Ljava/lang/Class;[Ljava/lang/Class;IILjava/lang/String;[B[B)| OPENLDK::|<init>(Ljava/lang/String;)| 
;  OPENLDK::|<init>(Ljava/lang/String;Ljava/lang/String;Ljava/lang/String;I)| OPENLDK::|<init>(Ljava/lang/String;ZJJ)| OPENLDK::|<init>(Ljava/lang/String;[B)| 
;  OPENLDK::|<init>(Ljava/lang/ThreadGroup;Ljava/lang/Runnable;Ljava/lang/String;J)| OPENLDK::|available(Ljava/io/InputStream;)| OPENLDK::|findClass(Ljava/lang/String;)| OPENLDK::|getClassLoader()| OPENLDK::|getPath()| OPENLDK::|init(Ljava/lang/Class;Ljava/lang/String;Ljava/lang/Object;I)| OPENLDK::|java/lang/System.initializeSystemClass()| 
;  OPENLDK::|java/lang/System.setProperty(Ljava/lang/String;Ljava/lang/String;)| 
;  OPENLDK::|java/lang/invoke/MethodType.fromMethodDescriptorString(Ljava/lang/String;Ljava/lang/ClassLoader;)| 
;  OPENLDK::|java/lang/invoke/MethodType.methodType(Ljava/lang/Class;[Ljava/lang/Class;)| OPENLDK::|java/util/HashMap.hash(Ljava/lang/Object;)| OPENLDK::|read(Ljava/io/InputStream;)| OPENLDK::|skip(Ljava/io/InputStream;J)| 
;  OPENLDK::|sun/util/calendar/AbstractCalendar.getDayOfWeekDateOnOrBefore(JI)|
;   Undefined variables:
;     OPENLDK::|+static-java/lang/Boolean+| OPENLDK::|+static-java/lang/System+|
;   caught 5 WARNING conditions
;   caught 44 STYLE-WARNING conditions
; LOADING java/lang/Object
; LOADING java/lang/String
; LOADING java/io/Serializable
; LOADING java/lang/Comparable
; LOADING java/lang/CharSequence
; LOADING java/io/ObjectStreamField
; LOADING java/lang/String$CaseInsensitiveComparator
; LOADING java/util/Comparator
; LOADING java/lang/Class
; LOADING java/lang/reflect/GenericDeclaration
; LOADING java/lang/reflect/AnnotatedElement
; LOADING java/lang/reflect/Type
; LOADING java/lang/ClassLoader
; LOADING java/security/cert/Certificate
; LOADING java/util/Vector
; LOADING java/util/AbstractList
; LOADING java/util/AbstractCollection
; LOADING java/util/Collection
; LOADING java/lang/Iterable
; LOADING java/util/List
; LOADING java/util/RandomAccess
; LOADING java/lang/Cloneable
; LOADING java/util/Stack
; LOADING java/lang/IllegalArgumentException
; LOADING java/lang/RuntimeException
; LOADING java/lang/Exception
; LOADING java/lang/Throwable
; LOADING java/lang/StringBuilder
; LOADING java/lang/AbstractStringBuilder
; LOADING java/lang/Appendable
; LOADING java/lang/Boolean
; LOADING java/lang/Character
; LOADING java/lang/System
; LOADING sun/reflect/Reflection
; LOADING java/lang/Byte
; LOADING java/lang/Number
; LOADING java/lang/Short
; LOADING java/lang/Integer
; LOADING java/lang/Long
; LOADING java/lang/Float
; LOADING java/lang/Double
; LOADING java/nio/LongBuffer
; LOADING java/nio/Buffer
; LOADING java/lang/Void
; LOADING java/security/PrivilegedAction
; LOADING java/lang/StackTraceElement
; LOADING java/lang/ThreadGroup
; LOADING java/lang/Thread$UncaughtExceptionHandler
; LOADING java/lang/Thread
; LOADING java/lang/Runnable
; LOADING java/lang/RuntimePermission
; LOADING java/security/BasicPermission
; LOADING java/security/Permission
; LOADING java/security/Guard
; LOADING java/lang/NullPointerException
; LOADING java/lang/StringIndexOutOfBoundsException
; LOADING java/lang/IndexOutOfBoundsException
; LOADING java/lang/ref/SoftReference
; LOADING java/lang/ref/Reference
; LOADING java/lang/ref/Reference$Lock
; LOADING java/lang/ref/Reference$ReferenceHandler
; LOADING java/lang/ref/Reference$1
; LOADING sun/misc/JavaLangRefAccess
; LOADING sun/misc/SharedSecrets
; LOADING java/lang/IllegalThreadStateException
; LOADING java/util/Arrays
; LOADING java/security/AccessController
; LOADING java/lang/ThreadLocal
; LOADING java/security/AccessControlContext
; LOADING sun/misc/Unsafe
; LOADING java/util/HashMap
; LOADING java/util/AbstractMap
; LOADING java/util/Map
; LOADING java/util/HashMap$Node
; LOADING java/util/Map$Entry
; LOADING java/util/HashMap$TreeNode
; LOADING java/util/LinkedHashMap$Entry
; LOADING sun/misc/VM
; LOADING java/lang/SecurityException
; LOADING java/util/Properties
; LOADING java/util/Hashtable
; LOADING java/util/Dictionary
; LOADING java/util/Hashtable$Entry
; LOADING java/lang/Math
; LOADING java/lang/AssertionError
; LOADING java/lang/Error
; LOADING java/lang/SecurityManager
; LOADING jdk/internal/util/StaticProperty
; LOADING sun/misc/Version
; LOADING java/io/FileInputStream
; LOADING java/io/InputStream
; LOADING java/io/Closeable
; LOADING java/lang/AutoCloseable
; LOADING java/io/FileDescriptor
; LOADING java/io/FileOutputStream
; LOADING java/io/OutputStream
; LOADING java/io/Flushable
; LOADING java/io/BufferedInputStream
; LOADING java/io/FilterInputStream
; LOADING java/lang/Terminator
; LOADING java/util/PropertyPermission
; LOADING java/lang/IllegalStateException
; LOADING java/lang/Runtime
; LOADING java/util/Hashtable$EntrySet
; LOADING java/util/AbstractSet
; LOADING java/util/Set
; LOADING java/util/Collections
; LOADING java/util/Collections$EmptySet
; LOADING java/util/Collections$EmptyList
; LOADING java/util/Collections$EmptyMap
; LOADING java/util/Collections$SynchronizedSet
; LOADING java/util/Collections$SynchronizedCollection
; LOADING java/util/Objects
; LOADING java/util/Hashtable$Enumerator
; LOADING java/util/Enumeration
; LOADING java/util/Iterator
; LOADING java/util/ConcurrentModificationException
; LOADING java/util/NoSuchElementException
; LOADING java/io/FileDescriptor$1
; LOADING sun/misc/JavaIOFileDescriptorAccess
; LOADING java/util/ArrayList
; LOADING java/util/concurrent/atomic/AtomicReferenceFieldUpdater
; LOADING java/util/concurrent/atomic/AtomicReferenceFieldUpdater$AtomicReferenceFieldUpdaterImpl
; LOADING java/util/concurrent/atomic/AtomicReferenceFieldUpdater$AtomicReferenceFieldUpdaterImpl$1
; LOADING java/security/PrivilegedExceptionAction
; LOADING java/lang/reflect/Field
; LOADING java/lang/reflect/AccessibleObject
; LOADING java/lang/reflect/Member
; LOADING sun/reflect/misc/ReflectUtil
; LOADING java/lang/ClassCastException
; LOADING java/lang/reflect/Modifier
; LOADING java/security/PrivilegedActionException
; LOADING java/lang/NoSuchFieldException
; LOADING java/lang/ReflectiveOperationException
; LOADING sun/security/util/SecurityConstants
; LOADING java/lang/Class$ReflectionData
; LOADING java/lang/Class$3
; LOADING java/lang/Class$Atomic
; LOADING java/lang/ref/ReferenceQueue
; LOADING java/lang/ref/ReferenceQueue$Null
; LOADING java/lang/ref/ReferenceQueue$Lock
; LOADING sun/reflect/ReflectionFactory$GetReflectionFactoryAction
; LOADING sun/reflect/ReflectionFactory
; LOADING java/lang/reflect/ReflectAccess
; LOADING sun/reflect/LangReflectAccess
; LOADING java/lang/reflect/Array
; LOADING java/lang/IllegalAccessException
; LOADING java/lang/InternalError
; LOADING java/lang/VirtualMachineError
; LOADING java/io/PrintStream
; LOADING java/io/FilterOutputStream
; LOADING java/io/BufferedOutputStream
; LOADING java/io/UnsupportedEncodingException
; LOADING java/io/IOException
; LOADING java/io/OutputStreamWriter
; LOADING java/io/Writer
; LOADING java/io/BufferedWriter
; LOADING sun/nio/cs/StreamEncoder
; LOADING java/nio/charset/Charset
; LOADING java/nio/charset/IllegalCharsetNameException
; LOADING sun/nio/cs/StandardCharsets
; LOADING sun/nio/cs/FastCharsetProvider
; LOADING java/nio/charset/spi/CharsetProvider
; LOADING sun/nio/cs/StandardCharsets$Aliases
; LOADING sun/util/PreHashedMap
; LOADING sun/nio/cs/StandardCharsets$Classes
; LOADING sun/nio/cs/StandardCharsets$Cache
; LOADING java/util/concurrent/atomic/AtomicInteger
; LOADING sun/security/action/GetPropertyAction
; LOADING sun/nio/cs/US_ASCII
; LOADING sun/nio/cs/HistoricallyNamedCharset
; LOADING java/lang/InstantiationException
; LOADING java/lang/ClassNotFoundException
; LOADING sun/nio/cs/UTF_8
; LOADING sun/nio/cs/Unicode
; LOADING java/lang/Class$1
; LOADING java/lang/NoSuchMethodException
; LOADING java/lang/reflect/InvocationTargetException
; LOADING java/lang/reflect/Constructor
; LOADING java/lang/reflect/Executable
; LOADING java/lang/reflect/ReflectPermission
; LOADING sun/reflect/InstantiationExceptionConstructorAccessorImpl
; LOADING sun/reflect/ConstructorAccessorImpl
; LOADING sun/reflect/MagicAccessorImpl
; LOADING sun/reflect/ConstructorAccessor
; LOADING sun/reflect/BootstrapConstructorAccessorImpl
; LOADING sun/reflect/MethodAccessorGenerator
; LOADING sun/reflect/AccessorGenerator
; LOADING sun/reflect/ClassFileConstants
; LOADING sun/reflect/NativeConstructorAccessorImpl
; LOADING sun/reflect/DelegatingConstructorAccessorImpl
; LOADING sun/reflect/ReflectionFactory$1
; LOADING java/lang/NumberFormatException
; LOADING java/lang/UnsupportedOperationException
; LOADING java/nio/charset/UnsupportedCharsetException
; LOADING java/nio/charset/CodingErrorAction
; LOADING sun/nio/cs/UTF_8$Encoder
; LOADING java/nio/charset/CharsetEncoder
; LOADING sun/nio/cs/ArrayEncoder
; LOADING java/nio/ByteBuffer
; LOADING java/nio/HeapByteBuffer
; LOADING java/nio/Bits
; LOADING java/nio/ByteOrder
; LOADING java/util/concurrent/atomic/AtomicLong
; LOADING java/nio/Bits$1
; LOADING sun/misc/JavaNioAccess
; LOADING java/io/File
; LOADING java/lang/UnsatisfiedLinkError
; LOADING java/lang/LinkageError
; LOADING java/io/DefaultFileSystem
; LOADING java/io/UnixFileSystem
; LOADING java/io/FileSystem
; LOADING java/io/ExpiringCache
; LOADING java/io/ExpiringCache$1
; LOADING java/util/LinkedHashMap
; LOADING java/lang/ClassLoaderHelper
; LOADING java/lang/ClassLoader$3
; LOADING java/lang/ClassLoader$NativeLibrary
; LOADING java/util/EmptyStackException
; LOADING java/lang/ArrayIndexOutOfBoundsException
; LOADING java/lang/Terminator$1
; LOADING sun/misc/SignalHandler
; LOADING sun/misc/Signal
; LOADING sun/misc/NativeSignalHandler
; LOADING java/lang/Integer$IntegerCache
; LOADING sun/misc/OSEnvironment
; LOADING java/lang/System$2
; LOADING sun/misc/JavaLangAccess
; LOADING sun/misc/Launcher
; LOADING sun/misc/Launcher$Factory
; LOADING java/net/URLStreamHandlerFactory
; LOADING sun/misc/Launcher$ExtClassLoader
; LOADING java/net/URLClassLoader
; LOADING java/security/SecureClassLoader
; LOADING sun/misc/Launcher$AppClassLoader
; LOADING sun/nio/fs/DefaultFileSystemProvider
; LOADING sun/security/util/Debug
; LOADING java/lang/StringBuffer
; LOADING java/util/regex/Pattern
; LOADING java/util/Locale
; LOADING java/util/regex/Pattern$4
; LOADING java/util/regex/Pattern$Node
; LOADING java/util/regex/Pattern$LastNode
; LOADING java/util/regex/Pattern$Start
; LOADING java/lang/StackOverflowError
; LOADING java/util/regex/Pattern$GroupHead
; LOADING java/util/regex/Pattern$Slice
; LOADING java/util/regex/Pattern$SliceNode
; LOADING java/util/regex/Pattern$BnM
; LOADING java/util/regex/Pattern$StartS
; LOADING java/util/regex/Pattern$Begin
; LOADING java/util/regex/Pattern$First
; LOADING java/util/regex/ASCII
; LOADING java/util/regex/Pattern$BranchConn
; LOADING java/util/regex/Pattern$Branch
; LOADING java/util/regex/Pattern$UnixCaret
; LOADING java/util/regex/Pattern$Caret
; LOADING java/util/regex/Pattern$UnixDollar
; LOADING java/util/regex/Pattern$Dollar
; LOADING java/util/regex/Pattern$All
; LOADING java/util/regex/Pattern$CharProperty
; LOADING java/util/regex/Pattern$UnixDot
; LOADING java/util/regex/Pattern$Dot
; LOADING java/util/regex/Pattern$BitClass
; LOADING java/util/regex/Pattern$BmpCharProperty
; LOADING java/util/regex/Pattern$Ques
; LOADING java/util/regex/Pattern$Curly
; LOADING java/util/regex/Pattern$SingleU
; LOADING java/util/regex/Pattern$SingleI
; LOADING java/util/regex/Pattern$SingleS
; LOADING java/util/regex/Pattern$Single
; LOADING java/util/regex/Pattern$1
; LOADING java/util/regex/Pattern$5
; LOADING java/util/regex/Pattern$Pos
; LOADING java/util/regex/Pattern$Neg
; LOADING java/util/regex/Pattern$TreeInfo
; LOADING java/util/regex/Pattern$BehindS
; LOADING java/util/regex/Pattern$Behind
; LOADING java/util/regex/Pattern$NotBehindS
; LOADING java/util/regex/Pattern$NotBehind
; LOADING java/util/regex/Pattern$GroupTail
; LOADING java/util/regex/Pattern$GroupCurly
; LOADING java/util/regex/Pattern$Loop
; LOADING java/util/regex/Pattern$LazyLoop
; LOADING java/util/regex/Pattern$Prolog
; LOADING java/util/regex/Matcher
; LOADING java/util/regex/MatchResult
; LOADING java/util/regex/Pattern$CharProperty$1
; LOADING java/util/regex/Pattern$7
; LOADING java/util/Locale$Cache
; LOADING sun/util/locale/LocaleObjectCache
; LOADING java/util/concurrent/ConcurrentHashMap
; LOADING java/util/concurrent/ConcurrentMap
; LOADING java/util/concurrent/ConcurrentHashMap$CounterCell
; LOADING java/util/concurrent/ConcurrentHashMap$Segment
; LOADING java/util/concurrent/locks/ReentrantLock
; LOADING java/util/concurrent/locks/Lock
; LOADING sun/util/locale/BaseLocale
; LOADING sun/util/locale/BaseLocale$Cache
; LOADING sun/util/locale/BaseLocale$Key
; LOADING sun/util/locale/LocaleUtils
; LOADING sun/util/locale/LocaleObjectCache$CacheEntry
; LOADING java/util/concurrent/ConcurrentHashMap$Node
; LOADING java/util/concurrent/ConcurrentHashMap$TreeBin
; LOADING java/util/concurrent/ThreadLocalRandom
; LOADING java/util/Random
; LOADING java/util/Locale$LocaleKey
; LOADING sun/util/locale/LocaleExtensions
; LOADING java/lang/ConditionalSpecialCasing
; LOADING java/lang/CharacterData
; LOADING java/lang/CharacterDataLatin1
; LOADING java/lang/CharacterData00
; LOADING java/lang/CharacterData01
; LOADING java/lang/CharacterData02
; LOADING java/lang/CharacterData0E
; LOADING java/lang/CharacterDataPrivateUse
; LOADING java/lang/CharacterDataUndefined
; LOADING java/lang/ClassLoader$ParallelLoaders
; LOADING java/util/WeakHashMap
; LOADING java/util/WeakHashMap$Entry
; LOADING java/lang/ref/WeakReference
; LOADING java/util/Collections$SetFromMap
; LOADING java/util/WeakHashMap$KeySet
; LOADING java/net/URLClassLoader$7
; LOADING sun/misc/JavaNetAccess
; LOADING sun/misc/Launcher$ExtClassLoader$1
; LOADING sun/misc/MetaIndex
; LOADING java/util/StringTokenizer
; LOADING java/net/URL
; LOADING sun/misc/URLClassPath
; LOADING java/security/ProtectionDomain
; LOADING java/security/CodeSource
; LOADING java/security/ProtectionDomain$Key
; LOADING java/security/Permissions
; LOADING java/security/PermissionCollection
; LOADING java/security/Principal
; LOADING java/net/URLStreamHandler
; LOADING sun/net/www/protocol/jar/Handler
; LOADING sun/misc/Launcher$AppClassLoader$1
; LOADING sun/net/www/ParseUtil
; LOADING java/net/MalformedURLException
; LOADING java/io/File$PathStatus
; LOADING java/lang/Enum
; LOADING java/io/ExpiringCache$Entry
; LOADING java/util/BitSet
; LOADING java/lang/NegativeArraySizeException
; LOADING java/net/Parts
; LOADING sun/net/util/IPAddressUtil
; LOADING sun/net/www/protocol/file/Handler
; LOADING java/lang/SystemClassLoaderAction
; LOADING java/lang/invoke/MethodHandles
; LOADING java/lang/invoke/MemberName
; LOADING java/lang/invoke/MethodHandleImpl
; LOADING sun/invoke/util/Wrapper
; LOADING java/lang/invoke/MethodHandle
; LOADING java/lang/invoke/MemberName$Factory
; LOADING java/lang/invoke/MethodHandleImpl$1
; LOADING java/lang/invoke/MethodHandleImpl$2
; LOADING java/util/function/Function
; LOADING java/lang/invoke/MethodHandleImpl$3
; LOADING java/lang/invoke/MethodHandleImpl$4
; LOADING java/lang/ClassValue
; LOADING java/lang/ClassValue$Identity
; LOADING java/lang/ClassValue$Version
; LOADING java/lang/ClassValue$Entry
; LOADING sun/invoke/util/Wrapper$Format
; LOADING java/lang/Class$EnclosingMethodInfo
; LOADING java/lang/Byte$ByteCache
; LOADING java/lang/Short$ShortCache
; LOADING java/lang/Character$CharacterCache
; LOADING java/lang/Long$LongCache
; LOADING java/lang/invoke/MethodHandles$Lookup
; LOADING java/net/Inet4Address
; LOADING java/net/InetAddress
; LOADING sun/security/action/GetBooleanAction
; LOADING java/net/InetAddress$1
; LOADING java/util/concurrent/ConcurrentSkipListSet
; LOADING java/util/NavigableSet
; LOADING java/util/SortedSet
; LOADING java/net/InetAddressImplFactory
; LOADING java/util/concurrent/ConcurrentSkipListMap
; LOADING java/util/concurrent/ConcurrentNavigableMap
; LOADING java/util/NavigableMap
; LOADING java/util/SortedMap
; LOADING java/util/concurrent/ConcurrentSkipListMap$HeadIndex
; LOADING java/util/concurrent/ConcurrentSkipListMap$Index
; LOADING java/util/concurrent/ConcurrentSkipListMap$Node
; LOADING java/net/InetAddressImpl
; LOADING java/net/Inet4AddressImpl
; LOADING java/net/InetAddress$2
; LOADING sun/net/spi/nameservice/NameService
; LOADING java/net/InetAddress$3
[undoing binding stack and other enclosing state... done]
[performing final GC... done]
[defragmenting immobile space... (inst,code,sym)=2174+36777+25690... done]
[saving current Lisp image into openldk:
writing 131072 bytes from the linkage space at 0xb7ffb00000
writing 1523712 bytes from the fixedobj space at 0x50000000
writing 2752 bytes from the static space at 0x520000000000
writing 94404608 bytes from the dynamic space at 0x1200000000
writing 28196960 bytes from the read-only space at 0x11fe518000
writing 26177536 bytes from the text space at 0xb800000000
done]
(cd testsuite; runtest --tool openldk )
WARNING: Couldn't find the global config file.
Using /home/green/git/openldk/CLEAN-openldk/openldk/testsuite/lib/openldk.exp as tool init file.
Test run by green on Sat Oct  4 04:31:06 2025
Native configuration is x86_64-pc-linux-gnu

		=== openldk tests ===

Schedule of variations:
    unix

Running target unix
Using /usr/share/dejagnu/baseboards/unix.exp as board description file for target.
Using /usr/share/dejagnu/config/unix.exp as generic interface file for target.
WARNING: Couldn't find tool config file for unix, using default.
WARNING: could not find testsuite; trying ..
Running ./aaa/run.exp ...
Running ./gcj/gcj.exp ...
FAIL: gcj/PR12416.java execution test
FAIL: gcj/PR242.java execution test
WARNING: program timed out
FAIL: gcj/PR6204.java execution test
FAIL: gcj/SyncTest.java execution test
FAIL: gcj/err1.java execution test
WARNING: program timed out
Running ./jikestst/jikestst.exp ...
Running ./mauve/run-mauve.exp ...
WARNING: program timed out
WARNING: program timed out
WARNING: program timed out
FAIL: mauve/gnu/testlet/java/awt/BorderLayout/setVgap.java execution test
FAIL: mauve/gnu/testlet/java/awt/FontClass/serialization.java execution test
FAIL: mauve/gnu/testlet/java/awt/Point/clone.java execution test
FAIL: mauve/gnu/testlet/java/awt/Point/equals.java execution test
FAIL: mauve/gnu/testlet/java/awt/Point/getLocation.java execution test
FAIL: mauve/gnu/testlet/java/awt/Point/move.java execution test
FAIL: mauve/gnu/testlet/java/awt/Point/translate.java execution test
FAIL: mauve/gnu/testlet/java/awt/Rectangle/clone.java execution test
FAIL: mauve/gnu/testlet/java/awt/Rectangle/equals.java execution test
FAIL: mauve/gnu/testlet/java/awt/Rectangle/grow.java execution test
FAIL: mauve/gnu/testlet/java/awt/Rectangle/isEmpty.java execution test
FAIL: mauve/gnu/testlet/java/awt/Rectangle/outcode.java execution test
FAIL: mauve/gnu/testlet/java/awt/Rectangle/translate.java execution test
FAIL: mauve/gnu/testlet/java/awt/Toolkit/security.java execution test
FAIL: mauve/gnu/testlet/java/awt/datatransfer/StringSelection/selection.java execution test
FAIL: mauve/gnu/testlet/java/awt/font/TextAttribute/constants13.java execution test
FAIL: mauve/gnu/testlet/java/awt/font/TextAttribute/serialization.java execution test
FAIL: mauve/gnu/testlet/java/awt/font/TextAttribute/toString.java execution test
FAIL: mauve/gnu/testlet/java/awt/font/TextAttribute/toString13.java execution test
FAIL: mauve/gnu/testlet/java/awt/font/TextHitInfo/afterOffset.java execution test
FAIL: mauve/gnu/testlet/java/awt/font/TextHitInfo/beforeOffset.java execution test
FAIL: mauve/gnu/testlet/java/awt/font/TextHitInfo/equals.java execution test
FAIL: mauve/gnu/testlet/java/awt/font/TextHitInfo/getCharIndex.java execution test
FAIL: mauve/gnu/testlet/java/awt/font/TextHitInfo/getInsertionIndex.java execution test
FAIL: mauve/gnu/testlet/java/awt/font/TextHitInfo/getOffsetHit.java execution test
FAIL: mauve/gnu/testlet/java/awt/font/TextHitInfo/getOtherHit.java execution test
FAIL: mauve/gnu/testlet/java/awt/font/TextHitInfo/hashCode.java execution test
FAIL: mauve/gnu/testlet/java/awt/font/TextHitInfo/isLeadingEdge.java execution test
FAIL: mauve/gnu/testlet/java/awt/font/TextHitInfo/leading.java execution test
FAIL: mauve/gnu/testlet/java/awt/font/TextHitInfo/toString.java execution test
FAIL: mauve/gnu/testlet/java/awt/font/TextHitInfo/trailing.java execution test
FAIL: mauve/gnu/testlet/java/awt/geom/AffineTransform/clone.java execution test
FAIL: mauve/gnu/testlet/java/awt/geom/AffineTransform/constants.java execution test
FAIL: mauve/gnu/testlet/java/awt/geom/AffineTransform/equals.java execution test
FAIL: mauve/gnu/testlet/java/awt/geom/AffineTransform/getDeterminant.java execution test
FAIL: mauve/gnu/testlet/java/awt/geom/AffineTransform/getMatrix.java execution test
FAIL: mauve/gnu/testlet/java/awt/geom/Arc2D/Double/clone.java execution test
FAIL: mauve/gnu/testlet/java/awt/geom/Arc2D/Float/clone.java execution test
FAIL: mauve/gnu/testlet/java/awt/geom/Arc2D/constants.java execution test
FAIL: mauve/gnu/testlet/java/awt/geom/Arc2D/contains.java execution test
FAIL: mauve/gnu/testlet/java/awt/geom/Arc2D/containsAngle.java execution test
FAIL: mauve/gnu/testlet/java/awt/geom/Arc2D/equals.java execution test
FAIL: mauve/gnu/testlet/java/awt/geom/Arc2D/getPathIterator.java execution test
FAIL: mauve/gnu/testlet/java/awt/geom/Arc2D/intersects.java execution test
FAIL: mauve/gnu/testlet/java/awt/geom/Arc2D/isEmpty.java execution test
FAIL: mauve/gnu/testlet/java/awt/geom/Arc2D/setAngleExtent.java execution test
FAIL: mauve/gnu/testlet/java/awt/geom/Arc2D/setAngleStart.java execution test
FAIL: mauve/gnu/testlet/java/awt/geom/Arc2D/setAngles.java execution test
FAIL: mauve/gnu/testlet/java/awt/geom/Arc2D/setArc.java execution test
FAIL: mauve/gnu/testlet/java/awt/geom/Arc2D/setArcByCenter.java execution test
FAIL: mauve/gnu/testlet/java/awt/geom/Arc2D/setArcByTangent.java execution test
FAIL: mauve/gnu/testlet/java/awt/geom/Arc2D/setArcType.java execution test
FAIL: mauve/gnu/testlet/java/awt/geom/Arc2D/setFrame.java execution test
FAIL: mauve/gnu/testlet/java/awt/geom/Area/clone.java execution test
FAIL: mauve/gnu/testlet/java/awt/geom/Area/constructors.java execution test
FAIL: mauve/gnu/testlet/java/awt/geom/Area/contains.java execution test
FAIL: mauve/gnu/testlet/java/awt/geom/Area/equals.java execution test
FAIL: mauve/gnu/testlet/java/awt/geom/Area/getBounds.java execution test
FAIL: mauve/gnu/testlet/java/awt/geom/Area/getBounds2D.java execution test
FAIL: mauve/gnu/testlet/java/awt/geom/Area/intersects.java execution test
FAIL: mauve/gnu/testlet/java/awt/geom/Area/isEmpty.java execution test
FAIL: mauve/gnu/testlet/java/awt/geom/Area/isPolygonal.java execution test
FAIL: mauve/gnu/testlet/java/awt/geom/Area/isRectangular.java execution test
FAIL: mauve/gnu/testlet/java/awt/geom/Area/isSingular.java execution test
FAIL: mauve/gnu/testlet/java/awt/geom/Area/reset.java execution test
FAIL: mauve/gnu/testlet/java/awt/geom/CubicCurve2D/Double/getBounds2D.java execution test
FAIL: mauve/gnu/testlet/java/awt/geom/CubicCurve2D/Double/getCtrlP1.java execution test
FAIL: mauve/gnu/testlet/java/awt/geom/CubicCurve2D/Double/getCtrlP2.java execution test
FAIL: mauve/gnu/testlet/java/awt/geom/CubicCurve2D/Double/getP1.java execution test
FAIL: mauve/gnu/testlet/java/awt/geom/CubicCurve2D/Double/getP2.java execution test
FAIL: mauve/gnu/testlet/java/awt/geom/CubicCurve2D/Double/setCurve.java execution test
FAIL: mauve/gnu/testlet/java/awt/geom/CubicCurve2D/Float/getBounds2D.java execution test
FAIL: mauve/gnu/testlet/java/awt/geom/CubicCurve2D/Float/getCtrlP1.java execution test
FAIL: mauve/gnu/testlet/java/awt/geom/CubicCurve2D/Float/getCtrlP2.java execution test
FAIL: mauve/gnu/testlet/java/awt/geom/CubicCurve2D/Float/getP1.java execution test
FAIL: mauve/gnu/testlet/java/awt/geom/CubicCurve2D/Float/getP2.java execution test
FAIL: mauve/gnu/testlet/java/awt/geom/CubicCurve2D/clone.java execution test
FAIL: mauve/gnu/testlet/java/awt/geom/CubicCurve2D/getFlatness.java execution test
FAIL: mauve/gnu/testlet/java/awt/geom/CubicCurve2D/getFlatnessSq.java execution test
FAIL: mauve/gnu/testlet/java/awt/geom/CubicCurve2D/setCurve.java execution test
FAIL: mauve/gnu/testlet/java/awt/geom/CubicCurve2D/subdivide.java execution test
FAIL: mauve/gnu/testlet/java/awt/geom/Ellipse2D/Double/clone.java execution test
FAIL: mauve/gnu/testlet/java/awt/geom/Ellipse2D/Double/isEmpty.java execution test
FAIL: mauve/gnu/testlet/java/awt/geom/Ellipse2D/Float/clone.java execution test
FAIL: mauve/gnu/testlet/java/awt/geom/Ellipse2D/Float/isEmpty.java execution test
FAIL: mauve/gnu/testlet/java/awt/geom/Ellipse2D/contains.java execution test
FAIL: mauve/gnu/testlet/java/awt/geom/Ellipse2D/intersects.java execution test
FAIL: mauve/gnu/testlet/java/awt/geom/FlatteningPathIterator/currentSegment.java execution test
FAIL: mauve/gnu/testlet/java/awt/geom/FlatteningPathIterator/getFlatness.java execution test
FAIL: mauve/gnu/testlet/java/awt/geom/FlatteningPathIterator/getRecursionLimit.java execution test
FAIL: mauve/gnu/testlet/java/awt/geom/FlatteningPathIterator/getWindingRule.java execution test
FAIL: mauve/gnu/testlet/java/awt/geom/GeneralPath/GeneralPath.java execution test
FAIL: mauve/gnu/testlet/java/awt/geom/GeneralPath/append_PathIterator.java execution test
FAIL: mauve/gnu/testlet/java/awt/geom/GeneralPath/contains.java execution test
FAIL: mauve/gnu/testlet/java/awt/geom/GeneralPath/getCurrentPoint.java execution test
FAIL: mauve/gnu/testlet/java/awt/geom/Line2D/clone.java execution test
FAIL: mauve/gnu/testlet/java/awt/geom/Line2D/contains.java execution test
FAIL: mauve/gnu/testlet/java/awt/geom/Line2D/equals.java execution test
FAIL: mauve/gnu/testlet/java/awt/geom/Line2D/getBounds.java execution test
FAIL: mauve/gnu/testlet/java/awt/geom/Line2D/getP1.java execution test
FAIL: mauve/gnu/testlet/java/awt/geom/Line2D/getP2.java execution test
FAIL: mauve/gnu/testlet/java/awt/geom/Line2D/getPathIterator.java execution test
FAIL: mauve/gnu/testlet/java/awt/geom/Line2D/intersects.java execution test
FAIL: mauve/gnu/testlet/java/awt/geom/Line2D/intersectsLine.java execution test
FAIL: mauve/gnu/testlet/java/awt/geom/Line2D/linesIntersect.java execution test
FAIL: mauve/gnu/testlet/java/awt/geom/Line2D/relativeCCW.java execution test
FAIL: mauve/gnu/testlet/java/awt/geom/Line2D/setLine.java execution test
FAIL: mauve/gnu/testlet/java/awt/geom/QuadCurve2D/Double/getBounds2D.java execution test
FAIL: mauve/gnu/testlet/java/awt/geom/QuadCurve2D/Double/getCtrlPt.java execution test
FAIL: mauve/gnu/testlet/java/awt/geom/QuadCurve2D/Double/getP1.java execution test
FAIL: mauve/gnu/testlet/java/awt/geom/QuadCurve2D/Double/getP2.java execution test
FAIL: mauve/gnu/testlet/java/awt/geom/QuadCurve2D/Double/setCurve.java execution test
FAIL: mauve/gnu/testlet/java/awt/geom/QuadCurve2D/Float/getBounds2D.java execution test
FAIL: mauve/gnu/testlet/java/awt/geom/QuadCurve2D/Float/getCtrlPt.java execution test
FAIL: mauve/gnu/testlet/java/awt/geom/QuadCurve2D/Float/getP1.java execution test
FAIL: mauve/gnu/testlet/java/awt/geom/QuadCurve2D/Float/getP2.java execution test
FAIL: mauve/gnu/testlet/java/awt/geom/QuadCurve2D/Float/setCurve.java execution test
FAIL: mauve/gnu/testlet/java/awt/geom/QuadCurve2D/clone.java execution test
FAIL: mauve/gnu/testlet/java/awt/geom/QuadCurve2D/getFlatness.java execution test
FAIL: mauve/gnu/testlet/java/awt/geom/QuadCurve2D/getFlatnessSq.java execution test
FAIL: mauve/gnu/testlet/java/awt/geom/QuadCurve2D/setCurve.java execution test
FAIL: mauve/gnu/testlet/java/awt/geom/QuadCurve2D/subdivide.java execution test
FAIL: mauve/gnu/testlet/java/awt/geom/Rectangle2D/Double/clone.java execution test
FAIL: mauve/gnu/testlet/java/awt/geom/Rectangle2D/Double/isEmpty.java execution test
FAIL: mauve/gnu/testlet/java/awt/geom/Rectangle2D/Double/outcode.java execution test
FAIL: mauve/gnu/testlet/java/awt/geom/Rectangle2D/Double/setRect.java execution test
FAIL: mauve/gnu/testlet/java/awt/geom/Rectangle2D/Float/clone.java execution test
FAIL: mauve/gnu/testlet/java/awt/geom/Rectangle2D/Float/isEmpty.java execution test
FAIL: mauve/gnu/testlet/java/awt/geom/Rectangle2D/Float/outcode.java execution test
FAIL: mauve/gnu/testlet/java/awt/geom/Rectangle2D/Float/setRect.java execution test
FAIL: mauve/gnu/testlet/java/awt/geom/Rectangle2D/constants.java execution test
FAIL: mauve/gnu/testlet/java/awt/geom/Rectangle2D/contains.java execution test
FAIL: mauve/gnu/testlet/java/awt/geom/Rectangle2D/equals.java execution test
FAIL: mauve/gnu/testlet/java/awt/geom/Rectangle2D/getPathIterator.java execution test
FAIL: mauve/gnu/testlet/java/awt/geom/Rectangle2D/intersect.java execution test
FAIL: mauve/gnu/testlet/java/awt/geom/Rectangle2D/intersects.java execution test
FAIL: mauve/gnu/testlet/java/awt/geom/Rectangle2D/setFrame.java execution test
FAIL: mauve/gnu/testlet/java/awt/geom/Rectangle2D/union.java execution test
FAIL: mauve/gnu/testlet/java/awt/geom/RectangularShape/contains.java execution test
FAIL: mauve/gnu/testlet/java/awt/geom/RectangularShape/intersects.java execution test
FAIL: mauve/gnu/testlet/java/awt/geom/RoundRectangle2D/contains.java execution test
FAIL: mauve/gnu/testlet/java/awt/geom/RoundRectangle2D/intersects.java execution test
FAIL: mauve/gnu/testlet/java/awt/image/BandCombineOp/getPoint2D.java execution test
FAIL: mauve/gnu/testlet/java/awt/image/ByteLookupTable/constructors.java execution test
FAIL: mauve/gnu/testlet/java/awt/image/ByteLookupTable/getTable.java execution test
FAIL: mauve/gnu/testlet/java/awt/image/ByteLookupTable/lookupPixel.java execution test
FAIL: mauve/gnu/testlet/java/awt/image/ComponentSampleModel/constructors.java execution test
FAIL: mauve/gnu/testlet/java/awt/image/ComponentSampleModel/createCompatibleSampleModel.java execution test
FAIL: mauve/gnu/testlet/java/awt/image/ComponentSampleModel/createDataBuffer.java execution test
FAIL: mauve/gnu/testlet/java/awt/image/ComponentSampleModel/createSubsetSampleModel.java execution test
FAIL: mauve/gnu/testlet/java/awt/image/ComponentSampleModel/equals.java execution test
FAIL: mauve/gnu/testlet/java/awt/image/ComponentSampleModel/getBandOffsets.java execution test
FAIL: mauve/gnu/testlet/java/awt/image/ComponentSampleModel/getDataElements.java execution test
FAIL: mauve/gnu/testlet/java/awt/image/ComponentSampleModel/getNumDataElements.java execution test
FAIL: mauve/gnu/testlet/java/awt/image/ComponentSampleModel/getOffset.java execution test
FAIL: mauve/gnu/testlet/java/awt/image/ComponentSampleModel/getPixel.java execution test
FAIL: mauve/gnu/testlet/java/awt/image/ComponentSampleModel/getPixelStride.java execution test
FAIL: mauve/gnu/testlet/java/awt/image/ComponentSampleModel/getPixels.java execution test
FAIL: mauve/gnu/testlet/java/awt/image/ComponentSampleModel/getSample.java execution test
FAIL: mauve/gnu/testlet/java/awt/image/ComponentSampleModel/getSampleDouble.java execution test
FAIL: mauve/gnu/testlet/java/awt/image/ComponentSampleModel/getSampleFloat.java execution test
FAIL: mauve/gnu/testlet/java/awt/image/ComponentSampleModel/getSampleSize.java execution test
FAIL: mauve/gnu/testlet/java/awt/image/ComponentSampleModel/getSamples.java execution test
FAIL: mauve/gnu/testlet/java/awt/image/ComponentSampleModel/getScanlineStride.java execution test
FAIL: mauve/gnu/testlet/java/awt/image/ComponentSampleModel/hashCode.java execution test
FAIL: mauve/gnu/testlet/java/awt/image/ComponentSampleModel/setPixel.java execution test
FAIL: mauve/gnu/testlet/java/awt/image/ComponentSampleModel/setPixels.java execution test
FAIL: mauve/gnu/testlet/java/awt/image/ComponentSampleModel/setSample.java execution test
FAIL: mauve/gnu/testlet/java/awt/image/ComponentSampleModel/setSamples.java execution test
FAIL: mauve/gnu/testlet/java/awt/image/ConvolveOp/constants.java execution test
FAIL: mauve/gnu/testlet/java/awt/image/ConvolveOp/constructors.java execution test
FAIL: mauve/gnu/testlet/java/awt/image/ConvolveOp/getEdgeCondition.java execution test
FAIL: mauve/gnu/testlet/java/awt/image/ConvolveOp/getKernel.java execution test
FAIL: mauve/gnu/testlet/java/awt/image/ConvolveOp/getPoint2D.java execution test
FAIL: mauve/gnu/testlet/java/awt/image/DataBuffer/constants.java execution test
FAIL: mauve/gnu/testlet/java/awt/image/DataBuffer/getDataTypeSize.java execution test
FAIL: mauve/gnu/testlet/java/awt/image/DataBuffer/getOffset.java execution test
FAIL: mauve/gnu/testlet/java/awt/image/DataBuffer/getOffsets.java execution test
FAIL: mauve/gnu/testlet/java/awt/image/DataBufferByte/getData.java execution test
FAIL: mauve/gnu/testlet/java/awt/image/DataBufferByte/getDataType.java execution test
FAIL: mauve/gnu/testlet/java/awt/image/DataBufferByte/getElem.java execution test
FAIL: mauve/gnu/testlet/java/awt/image/DataBufferByte/setElem.java execution test
FAIL: mauve/gnu/testlet/java/awt/image/DataBufferDouble/getData.java execution test
FAIL: mauve/gnu/testlet/java/awt/image/DataBufferDouble/getDataType.java execution test
FAIL: mauve/gnu/testlet/java/awt/image/DataBufferDouble/setElem.java execution test
FAIL: mauve/gnu/testlet/java/awt/image/DataBufferFloat/getData.java execution test
FAIL: mauve/gnu/testlet/java/awt/image/DataBufferFloat/getDataType.java execution test
FAIL: mauve/gnu/testlet/java/awt/image/DataBufferFloat/setElem.java execution test
FAIL: mauve/gnu/testlet/java/awt/image/DataBufferInt/getData.java execution test
FAIL: mauve/gnu/testlet/java/awt/image/DataBufferInt/getDataType.java execution test
FAIL: mauve/gnu/testlet/java/awt/image/DataBufferInt/getElem.java execution test
FAIL: mauve/gnu/testlet/java/awt/image/DataBufferInt/setElem.java execution test
FAIL: mauve/gnu/testlet/java/awt/image/DataBufferShort/getData.java execution test
FAIL: mauve/gnu/testlet/java/awt/image/DataBufferShort/getDataType.java execution test
FAIL: mauve/gnu/testlet/java/awt/image/DataBufferShort/getElem.java execution test
FAIL: mauve/gnu/testlet/java/awt/image/DataBufferShort/setElem.java execution test
FAIL: mauve/gnu/testlet/java/awt/image/DataBufferUShort/getData.java execution test
FAIL: mauve/gnu/testlet/java/awt/image/DataBufferUShort/getDataType.java execution test
FAIL: mauve/gnu/testlet/java/awt/image/DataBufferUShort/getElem.java execution test
FAIL: mauve/gnu/testlet/java/awt/image/DataBufferUShort/setElem.java execution test
FAIL: mauve/gnu/testlet/java/awt/image/Kernel/check.java execution test
FAIL: mauve/gnu/testlet/java/awt/image/Kernel/getHeight.java execution test
FAIL: mauve/gnu/testlet/java/awt/image/Kernel/getKernelData.java execution test
FAIL: mauve/gnu/testlet/java/awt/image/Kernel/getWidth.java execution test
FAIL: mauve/gnu/testlet/java/awt/image/Kernel/getXOrigin.java execution test
FAIL: mauve/gnu/testlet/java/awt/image/Kernel/getYOrigin.java execution test
FAIL: mauve/gnu/testlet/java/awt/image/LookupOp/createCompatibleDestRaster.java execution test
FAIL: mauve/gnu/testlet/java/awt/image/LookupOp/filterRaster.java execution test
FAIL: mauve/gnu/testlet/java/awt/image/LookupOp/getPoint2D.java execution test
FAIL: mauve/gnu/testlet/java/awt/image/LookupOp/getTable.java execution test
FAIL: mauve/gnu/testlet/java/awt/image/LookupTable/constructor.java execution test
FAIL: mauve/gnu/testlet/java/awt/image/LookupTable/getNumComponents.java execution test
FAIL: mauve/gnu/testlet/java/awt/image/MultiPixelPackedSampleModel/constructors.java execution test
FAIL: mauve/gnu/testlet/java/awt/image/MultiPixelPackedSampleModel/createCompatibleSampleModel.java execution test
FAIL: mauve/gnu/testlet/java/awt/image/MultiPixelPackedSampleModel/createDataBuffer.java execution test
FAIL: mauve/gnu/testlet/java/awt/image/MultiPixelPackedSampleModel/createSubsetSampleModel.java execution test
FAIL: mauve/gnu/testlet/java/awt/image/MultiPixelPackedSampleModel/equals.java execution test
FAIL: mauve/gnu/testlet/java/awt/image/MultiPixelPackedSampleModel/getBitOffset.java execution test
FAIL: mauve/gnu/testlet/java/awt/image/MultiPixelPackedSampleModel/getDataElements.java execution test
FAIL: mauve/gnu/testlet/java/awt/image/MultiPixelPackedSampleModel/getOffset.java execution test
FAIL: mauve/gnu/testlet/java/awt/image/MultiPixelPackedSampleModel/getPixel.java execution test
FAIL: mauve/gnu/testlet/java/awt/image/MultiPixelPackedSampleModel/getPixelBitStride.java execution test
FAIL: mauve/gnu/testlet/java/awt/image/MultiPixelPackedSampleModel/getSample.java execution test
FAIL: mauve/gnu/testlet/java/awt/image/MultiPixelPackedSampleModel/getSampleSize.java execution test
FAIL: mauve/gnu/testlet/java/awt/image/MultiPixelPackedSampleModel/getScanlineStride.java execution test
FAIL: mauve/gnu/testlet/java/awt/image/MultiPixelPackedSampleModel/getTransferType.java execution test
FAIL: mauve/gnu/testlet/java/awt/image/MultiPixelPackedSampleModel/hashCode.java execution test
FAIL: mauve/gnu/testlet/java/awt/image/MultiPixelPackedSampleModel/setDataElements.java execution test
FAIL: mauve/gnu/testlet/java/awt/image/MultiPixelPackedSampleModel/setPixel.java execution test
FAIL: mauve/gnu/testlet/java/awt/image/MultiPixelPackedSampleModel/setSample.java execution test
FAIL: mauve/gnu/testlet/java/awt/image/PixelInterleavedSampleModel/createSubsetSampleModel.java execution test
FAIL: mauve/gnu/testlet/java/awt/image/RescaleOp/constructors.java execution test
FAIL: mauve/gnu/testlet/java/awt/image/RescaleOp/createCompatibleDestRaster.java execution test
FAIL: mauve/gnu/testlet/java/awt/image/RescaleOp/getNumFactors.java execution test
FAIL: mauve/gnu/testlet/java/awt/image/RescaleOp/getOffsets.java execution test
FAIL: mauve/gnu/testlet/java/awt/image/RescaleOp/getPoint2D.java execution test
FAIL: mauve/gnu/testlet/java/awt/image/RescaleOp/getScaleFactors.java execution test
FAIL: mauve/gnu/testlet/java/awt/image/SampleModel/createDataBuffer.java execution test
FAIL: mauve/gnu/testlet/java/awt/image/SampleModel/getPixel.java execution test
FAIL: mauve/gnu/testlet/java/awt/image/SampleModel/getPixels.java execution test
FAIL: mauve/gnu/testlet/java/awt/image/SampleModel/getSample.java execution test
FAIL: mauve/gnu/testlet/java/awt/image/SampleModel/getSampleSize.java execution test
FAIL: mauve/gnu/testlet/java/awt/image/SampleModel/getSamples.java execution test
FAIL: mauve/gnu/testlet/java/awt/image/SampleModel/setPixel.java execution test
FAIL: mauve/gnu/testlet/java/awt/image/SampleModel/setPixels.java execution test
FAIL: mauve/gnu/testlet/java/awt/image/SampleModel/setSample.java execution test
FAIL: mauve/gnu/testlet/java/awt/image/SampleModel/setSamples.java execution test
FAIL: mauve/gnu/testlet/java/awt/image/ShortLookupTable/constructors.java execution test
FAIL: mauve/gnu/testlet/java/awt/image/ShortLookupTable/getTable.java execution test
FAIL: mauve/gnu/testlet/java/awt/image/ShortLookupTable/lookupPixel.java execution test
FAIL: mauve/gnu/testlet/java/awt/image/SinglePixelPackedSampleModel/constructors.java execution test
FAIL: mauve/gnu/testlet/java/awt/image/SinglePixelPackedSampleModel/createCompatibleSampleModel.java execution test
FAIL: mauve/gnu/testlet/java/awt/image/SinglePixelPackedSampleModel/createDataBuffer.java execution test
FAIL: mauve/gnu/testlet/java/awt/image/SinglePixelPackedSampleModel/createSubsetSampleModel.java execution test
FAIL: mauve/gnu/testlet/java/awt/image/SinglePixelPackedSampleModel/equals.java execution test
FAIL: mauve/gnu/testlet/java/awt/image/SinglePixelPackedSampleModel/getBitMasks.java execution test
FAIL: mauve/gnu/testlet/java/awt/image/SinglePixelPackedSampleModel/getBitOffsets.java execution test
FAIL: mauve/gnu/testlet/java/awt/image/SinglePixelPackedSampleModel/getDataElements.java execution test
FAIL: mauve/gnu/testlet/java/awt/image/SinglePixelPackedSampleModel/getNumDataElements.java execution test
FAIL: mauve/gnu/testlet/java/awt/image/SinglePixelPackedSampleModel/getOffset.java execution test
FAIL: mauve/gnu/testlet/java/awt/image/SinglePixelPackedSampleModel/getPixel.java execution test
FAIL: mauve/gnu/testlet/java/awt/image/SinglePixelPackedSampleModel/getPixels.java execution test
FAIL: mauve/gnu/testlet/java/awt/image/SinglePixelPackedSampleModel/getSample.java execution test
FAIL: mauve/gnu/testlet/java/awt/image/SinglePixelPackedSampleModel/getSampleSize.java execution test
FAIL: mauve/gnu/testlet/java/awt/image/SinglePixelPackedSampleModel/getScanlineStride.java execution test
FAIL: mauve/gnu/testlet/java/awt/image/SinglePixelPackedSampleModel/hashCode.java execution test
FAIL: mauve/gnu/testlet/java/awt/image/SinglePixelPackedSampleModel/setDataElements.java execution test
FAIL: mauve/gnu/testlet/java/awt/image/SinglePixelPackedSampleModel/setPixel.java execution test
FAIL: mauve/gnu/testlet/java/awt/image/SinglePixelPackedSampleModel/setSample.java execution test
FAIL: mauve/gnu/testlet/java/beans/Beans/instantiate_1.java execution test
FAIL: mauve/gnu/testlet/java/beans/DesignMode/constants.java execution test
FAIL: mauve/gnu/testlet/java/beans/FeatureDescriptor/check.java execution test
FAIL: mauve/gnu/testlet/java/beans/Introspector/jdk12.java execution test
FAIL: mauve/gnu/testlet/java/beans/PropertyEditorSupport/getSource.java execution test
FAIL: mauve/gnu/testlet/java/beans/PropertyEditorSupport/setValue.java execution test
FAIL: mauve/gnu/testlet/java/beans/SimpleBeanInfo/getAdditionalBeanInfo.java execution test
FAIL: mauve/gnu/testlet/java/beans/SimpleBeanInfo/getBeanDescriptor.java execution test
FAIL: mauve/gnu/testlet/java/beans/SimpleBeanInfo/getDefaultEventIndex.java execution test
FAIL: mauve/gnu/testlet/java/beans/SimpleBeanInfo/getDefaultPropertyIndex.java execution test
FAIL: mauve/gnu/testlet/java/beans/SimpleBeanInfo/getEventSetDescriptors.java execution test
FAIL: mauve/gnu/testlet/java/beans/SimpleBeanInfo/getIcon.java execution test
FAIL: mauve/gnu/testlet/java/beans/VetoableChangeSupport/addVetoableChangeListener.java execution test
FAIL: mauve/gnu/testlet/java/beans/beancontext/Add.java execution test
FAIL: mauve/gnu/testlet/java/beans/beancontext/Array.java execution test
FAIL: mauve/gnu/testlet/java/beans/beancontext/BeanContextServicesSupport/getChildBeanContextServicesListener.java execution test
FAIL: mauve/gnu/testlet/java/beans/beancontext/BeanContextSupport/constructors.java execution test
FAIL: mauve/gnu/testlet/java/beans/beancontext/BeanContextSupport/getBeanContextPeer.java execution test
FAIL: mauve/gnu/testlet/java/beans/beancontext/BeanContextSupport/getChildBeanContextChild.java execution test
FAIL: mauve/gnu/testlet/java/beans/beancontext/BeanContextSupport/getChildBeanContextMembershipListener.java execution test
FAIL: mauve/gnu/testlet/java/beans/beancontext/BeanContextSupport/getChildPropertyChangeListener.java execution test
FAIL: mauve/gnu/testlet/java/beans/beancontext/BeanContextSupport/getChildSerializable.java execution test
FAIL: mauve/gnu/testlet/java/beans/beancontext/BeanContextSupport/getChildVetoableChangeListener.java execution test
FAIL: mauve/gnu/testlet/java/beans/beancontext/BeanContextSupport/getChildVisibility.java execution test
FAIL: mauve/gnu/testlet/java/beans/beancontext/BeanContextSupport/setDesignTime.java execution test
FAIL: mauve/gnu/testlet/java/beans/beancontext/BeanContextSupport/toArray.java execution test
FAIL: mauve/gnu/testlet/java/beans/beancontext/InstantiateChild.java execution test
FAIL: mauve/gnu/testlet/java/beans/beancontext/Remove.java execution test
FAIL: mauve/gnu/testlet/java/io/BufferedInputStream/ProtectedVars.java execution test
FAIL: mauve/gnu/testlet/java/io/BufferedInputStream/SimpleRead.java execution test
FAIL: mauve/gnu/testlet/java/io/BufferedInputStream/Skip.java execution test
FAIL: mauve/gnu/testlet/java/io/BufferedInputStream/ZeroRead.java execution test
FAIL: mauve/gnu/testlet/java/io/BufferedOutputStream/Test.java execution test
FAIL: mauve/gnu/testlet/java/io/BufferedOutputStream/interrupt.java execution test
FAIL: mauve/gnu/testlet/java/io/BufferedReader/SimpleRead.java execution test
FAIL: mauve/gnu/testlet/java/io/BufferedReader/boundary.java execution test
FAIL: mauve/gnu/testlet/java/io/BufferedReader/mark.java execution test
FAIL: mauve/gnu/testlet/java/io/BufferedWriter/Test.java execution test
FAIL: mauve/gnu/testlet/java/io/ByteArrayInputStream/MarkReset.java execution test
FAIL: mauve/gnu/testlet/java/io/ByteArrayInputStream/SimpleRead.java execution test
FAIL: mauve/gnu/testlet/java/io/ByteArrayOutputStream/subclass.java execution test
FAIL: mauve/gnu/testlet/java/io/ByteArrayOutputStream/write.java execution test
FAIL: mauve/gnu/testlet/java/io/CharArrayReader/OutOfBounds.java execution test
FAIL: mauve/gnu/testlet/java/io/CharArrayReader/SimpleRead.java execution test
FAIL: mauve/gnu/testlet/java/io/CharArrayWriter/BasicTests.java execution test
FAIL: mauve/gnu/testlet/java/io/CharArrayWriter/ProtectedVars.java execution test
FAIL: mauve/gnu/testlet/java/io/CharConversionException/TryCatch.java execution test
FAIL: mauve/gnu/testlet/java/io/CharConversionException/classInfo/getModifiers.java execution test
XPASS: mauve/gnu/testlet/java/io/DataInputStream/ReadReference2.java execution test
FAIL: mauve/gnu/testlet/java/io/EOFException/classInfo/getModifiers.java execution test
WARNING: program timed out
FAIL: mauve/gnu/testlet/java/io/File/newFileURI.java execution test
FAIL: mauve/gnu/testlet/java/io/FileInputStream/fileinputstream.java execution test
FAIL: mauve/gnu/testlet/java/io/FileNotFoundException/classInfo/getModifiers.java execution test
XPASS: mauve/gnu/testlet/java/io/FilePermission/simple.java execution test
FAIL: mauve/gnu/testlet/java/io/IOError/classInfo/getModifiers.java execution test
FAIL: mauve/gnu/testlet/java/io/IOException/classInfo/getModifiers.java execution test
FAIL: mauve/gnu/testlet/java/io/InputStreamReader/except.java execution test
WARNING: program timed out
FAIL: mauve/gnu/testlet/java/io/InterruptedIOException/classInfo/getModifiers.java execution test
FAIL: mauve/gnu/testlet/java/io/InvalidClassException/classInfo/getModifiers.java execution test
FAIL: mauve/gnu/testlet/java/io/InvalidObjectException/classInfo/getModifiers.java execution test
FAIL: mauve/gnu/testlet/java/io/LineNumberReader/Test.java execution test
FAIL: mauve/gnu/testlet/java/io/LineNumberReader/Test2.java execution test
FAIL: mauve/gnu/testlet/java/io/NotActiveException/classInfo/getModifiers.java execution test
FAIL: mauve/gnu/testlet/java/io/NotSerializableException/classInfo/getModifiers.java execution test
FAIL: mauve/gnu/testlet/java/io/ObjectInputOutput/ExtTest.java execution test
WARNING: program timed out
WARNING: program timed out
WARNING: program timed out
FAIL: mauve/gnu/testlet/java/io/ObjectInputOutput/SerTest.java execution test
FAIL: mauve/gnu/testlet/java/io/ObjectInputStream/ClassLoaderTest.java execution test
FAIL: mauve/gnu/testlet/java/io/ObjectInputStream/readResolve.java execution test
FAIL: mauve/gnu/testlet/java/io/ObjectInputStream/registerValidation.java execution test
FAIL: mauve/gnu/testlet/java/io/ObjectInputStream/security.java execution test
FAIL: mauve/gnu/testlet/java/io/ObjectOutputStream/useProtocolVersion.java execution test
FAIL: mauve/gnu/testlet/java/io/OutputStream/Test.java execution test
FAIL: mauve/gnu/testlet/java/io/OutputStreamWriter/jdk11.java execution test
FAIL: mauve/gnu/testlet/java/io/PrintStream/encodings.java execution test
FAIL: mauve/gnu/testlet/java/io/PrintStream/subclass.java execution test
FAIL: mauve/gnu/testlet/java/io/PushbackInputStream/BufferOverflow.java execution test
FAIL: mauve/gnu/testlet/java/io/PushbackInputStream/ProtectedVars.java execution test
FAIL: mauve/gnu/testlet/java/io/PushbackInputStream/Unread.java execution test
FAIL: mauve/gnu/testlet/java/io/PushbackReader/BufferOverflow.java execution test
FAIL: mauve/gnu/testlet/java/io/PushbackReader/Unread.java execution test
FAIL: mauve/gnu/testlet/java/io/Reader/Test.java execution test
FAIL: mauve/gnu/testlet/java/io/SequenceInputStream/Test.java execution test
FAIL: mauve/gnu/testlet/java/io/Serializable/BreakMe.java execution test
FAIL: mauve/gnu/testlet/java/io/Serializable/BreakMeTestSer.java execution test
FAIL: mauve/gnu/testlet/java/io/Serializable/ParentReadResolve.java execution test
FAIL: mauve/gnu/testlet/java/io/Serializable/ParentWriteReplace.java execution test
FAIL: mauve/gnu/testlet/java/io/StreamCorruptedException/TryCatch.java execution test
FAIL: mauve/gnu/testlet/java/io/StreamCorruptedException/classInfo/InstanceOf.java execution test
FAIL: mauve/gnu/testlet/java/io/StreamCorruptedException/classInfo/getInterfaces.java execution test
FAIL: mauve/gnu/testlet/java/io/StreamCorruptedException/classInfo/getModifiers.java execution test
FAIL: mauve/gnu/testlet/java/io/StreamCorruptedException/classInfo/getName.java execution test
FAIL: mauve/gnu/testlet/java/io/StreamCorruptedException/classInfo/getPackage.java execution test
FAIL: mauve/gnu/testlet/java/io/StreamCorruptedException/classInfo/getSimpleName.java execution test
FAIL: mauve/gnu/testlet/java/io/StreamCorruptedException/classInfo/getSuperclass.java execution test
FAIL: mauve/gnu/testlet/java/io/StreamCorruptedException/classInfo/isAssignableFrom.java execution test
FAIL: mauve/gnu/testlet/java/io/StreamCorruptedException/classInfo/isInstance.java execution test
FAIL: mauve/gnu/testlet/java/io/StreamCorruptedException/classInfo/isInterface.java execution test
FAIL: mauve/gnu/testlet/java/io/StreamCorruptedException/classInfo/isLocalClass.java execution test
FAIL: mauve/gnu/testlet/java/io/StreamCorruptedException/classInfo/isMemberClass.java execution test
FAIL: mauve/gnu/testlet/java/io/StreamCorruptedException/classInfo/isPrimitive.java execution test
FAIL: mauve/gnu/testlet/java/io/StreamCorruptedException/classInfo/isSynthetic.java execution test
FAIL: mauve/gnu/testlet/java/io/StreamCorruptedException/constructor.java execution test
FAIL: mauve/gnu/testlet/java/io/StreamTokenizer/Test.java execution test
FAIL: mauve/gnu/testlet/java/io/StreamTokenizer/WordWhiteChars.java execution test
FAIL: mauve/gnu/testlet/java/io/StreamTokenizer/commentchar.java execution test
FAIL: mauve/gnu/testlet/java/io/StreamTokenizer/newline.java execution test
FAIL: mauve/gnu/testlet/java/io/StreamTokenizer/slashslash.java execution test
FAIL: mauve/gnu/testlet/java/io/StreamTokenizer/slashstar.java execution test
FAIL: mauve/gnu/testlet/java/io/StringBufferInputStream/MarkReset.java execution test
FAIL: mauve/gnu/testlet/java/io/StringBufferInputStream/ProtectedVars.java execution test
FAIL: mauve/gnu/testlet/java/io/StringBufferInputStream/SimpleRead.java execution test
FAIL: mauve/gnu/testlet/java/io/StringReader/Test.java execution test
FAIL: mauve/gnu/testlet/java/io/StringWriter/Test.java execution test
FAIL: mauve/gnu/testlet/java/io/SyncFailedException/TryCatch.java execution test
FAIL: mauve/gnu/testlet/java/io/SyncFailedException/classInfo/InstanceOf.java execution test
FAIL: mauve/gnu/testlet/java/io/SyncFailedException/classInfo/getInterfaces.java execution test
FAIL: mauve/gnu/testlet/java/io/SyncFailedException/classInfo/getModifiers.java execution test
FAIL: mauve/gnu/testlet/java/io/SyncFailedException/classInfo/getName.java execution test
FAIL: mauve/gnu/testlet/java/io/SyncFailedException/classInfo/getPackage.java execution test
FAIL: mauve/gnu/testlet/java/io/SyncFailedException/classInfo/getSimpleName.java execution test
FAIL: mauve/gnu/testlet/java/io/SyncFailedException/classInfo/getSuperclass.java execution test
FAIL: mauve/gnu/testlet/java/io/SyncFailedException/classInfo/isAssignableFrom.java execution test
FAIL: mauve/gnu/testlet/java/io/SyncFailedException/classInfo/isInstance.java execution test
FAIL: mauve/gnu/testlet/java/io/SyncFailedException/classInfo/isInterface.java execution test
FAIL: mauve/gnu/testlet/java/io/SyncFailedException/classInfo/isLocalClass.java execution test
FAIL: mauve/gnu/testlet/java/io/SyncFailedException/classInfo/isMemberClass.java execution test
FAIL: mauve/gnu/testlet/java/io/SyncFailedException/classInfo/isPrimitive.java execution test
FAIL: mauve/gnu/testlet/java/io/SyncFailedException/classInfo/isSynthetic.java execution test
FAIL: mauve/gnu/testlet/java/io/SyncFailedException/constructor.java execution test
FAIL: mauve/gnu/testlet/java/io/UTFDataFormatException/TryCatch.java execution test
FAIL: mauve/gnu/testlet/java/io/UTFDataFormatException/classInfo/getModifiers.java execution test
FAIL: mauve/gnu/testlet/java/io/UTFDataFormatException/classInfo/isMemberClass.java execution test
FAIL: mauve/gnu/testlet/java/io/UTFDataFormatException/classInfo/isPrimitive.java execution test
FAIL: mauve/gnu/testlet/java/io/UTFDataFormatException/classInfo/isSynthetic.java execution test
FAIL: mauve/gnu/testlet/java/io/UTFDataFormatException/constructor.java execution test
FAIL: mauve/gnu/testlet/java/io/UnsupportedEncodingException/TryCatch.java execution test
FAIL: mauve/gnu/testlet/java/io/UnsupportedEncodingException/classInfo/InstanceOf.java execution test
FAIL: mauve/gnu/testlet/java/io/UnsupportedEncodingException/classInfo/getInterfaces.java execution test
FAIL: mauve/gnu/testlet/java/io/UnsupportedEncodingException/classInfo/getModifiers.java execution test
WARNING: program timed out
FAIL: mauve/gnu/testlet/java/io/UnsupportedEncodingException/classInfo/getPackage.java execution test
FAIL: mauve/gnu/testlet/java/io/UnsupportedEncodingException/classInfo/getSimpleName.java execution test
FAIL: mauve/gnu/testlet/java/io/UnsupportedEncodingException/classInfo/getSuperclass.java execution test
FAIL: mauve/gnu/testlet/java/io/UnsupportedEncodingException/classInfo/isAssignableFrom.java execution test
FAIL: mauve/gnu/testlet/java/io/UnsupportedEncodingException/classInfo/isInstance.java execution test
FAIL: mauve/gnu/testlet/java/io/UnsupportedEncodingException/classInfo/isInterface.java execution test
FAIL: mauve/gnu/testlet/java/io/UnsupportedEncodingException/classInfo/isLocalClass.java execution test
FAIL: mauve/gnu/testlet/java/io/UnsupportedEncodingException/classInfo/isMemberClass.java execution test
FAIL: mauve/gnu/testlet/java/io/UnsupportedEncodingException/classInfo/isPrimitive.java execution test
FAIL: mauve/gnu/testlet/java/io/UnsupportedEncodingException/classInfo/isSynthetic.java execution test
FAIL: mauve/gnu/testlet/java/io/UnsupportedEncodingException/constructor.java execution test
FAIL: mauve/gnu/testlet/java/io/Utf8Encoding/ReadReference.java execution test
FAIL: mauve/gnu/testlet/java/io/Utf8Encoding/mojo.java execution test
FAIL: mauve/gnu/testlet/java/io/WriteAbortedException/TryCatch.java execution test
FAIL: mauve/gnu/testlet/java/io/WriteAbortedException/classInfo/InstanceOf.java execution test
FAIL: mauve/gnu/testlet/java/io/WriteAbortedException/classInfo/getInterfaces.java execution test
FAIL: mauve/gnu/testlet/java/io/WriteAbortedException/classInfo/getModifiers.java execution test
FAIL: mauve/gnu/testlet/java/io/WriteAbortedException/classInfo/getName.java execution test
FAIL: mauve/gnu/testlet/java/io/WriteAbortedException/classInfo/getPackage.java execution test
FAIL: mauve/gnu/testlet/java/io/WriteAbortedException/classInfo/getSimpleName.java execution test
FAIL: mauve/gnu/testlet/java/io/WriteAbortedException/classInfo/getSuperclass.java execution test
FAIL: mauve/gnu/testlet/java/io/WriteAbortedException/classInfo/isAssignableFrom.java execution test
FAIL: mauve/gnu/testlet/java/io/WriteAbortedException/classInfo/isInstance.java execution test
FAIL: mauve/gnu/testlet/java/io/WriteAbortedException/classInfo/isInterface.java execution test
FAIL: mauve/gnu/testlet/java/io/WriteAbortedException/classInfo/isLocalClass.java execution test
FAIL: mauve/gnu/testlet/java/io/WriteAbortedException/classInfo/isMemberClass.java execution test
FAIL: mauve/gnu/testlet/java/io/WriteAbortedException/classInfo/isPrimitive.java execution test
FAIL: mauve/gnu/testlet/java/io/WriteAbortedException/classInfo/isSynthetic.java execution test
FAIL: mauve/gnu/testlet/java/io/WriteAbortedException/constructor.java execution test
FAIL: mauve/gnu/testlet/java/io/Writer/Test.java execution test
FAIL: mauve/gnu/testlet/java/lang/AbstractMethodError/TryCatch.java execution test
FAIL: mauve/gnu/testlet/java/lang/AbstractMethodError/classInfo/InstanceOf.java execution test
FAIL: mauve/gnu/testlet/java/lang/AbstractMethodError/classInfo/getCanonicalName.java execution test
FAIL: mauve/gnu/testlet/java/lang/AbstractMethodError/classInfo/getComponentType.java execution test
FAIL: mauve/gnu/testlet/java/lang/AbstractMethodError/classInfo/getConstructor.java execution test
FAIL: mauve/gnu/testlet/java/lang/AbstractMethodError/classInfo/getConstructors.java execution test
FAIL: mauve/gnu/testlet/java/lang/AbstractMethodError/classInfo/getDeclaredConstructor.java execution test
FAIL: mauve/gnu/testlet/java/lang/AbstractMethodError/classInfo/getDeclaredConstructors.java execution test
FAIL: mauve/gnu/testlet/java/lang/AbstractMethodError/classInfo/getDeclaredField.java execution test
FAIL: mauve/gnu/testlet/java/lang/AbstractMethodError/classInfo/getDeclaredFields.java execution test
FAIL: mauve/gnu/testlet/java/lang/AbstractMethodError/classInfo/getDeclaredMethod.java execution test
FAIL: mauve/gnu/testlet/java/lang/AbstractMethodError/classInfo/getDeclaredMethods.java execution test
FAIL: mauve/gnu/testlet/java/lang/AbstractMethodError/classInfo/getDeclaringClass.java execution test
FAIL: mauve/gnu/testlet/java/lang/AbstractMethodError/classInfo/getEnclosingClass.java execution test
FAIL: mauve/gnu/testlet/java/lang/AbstractMethodError/classInfo/getEnclosingConstructor.java execution test
FAIL: mauve/gnu/testlet/java/lang/AbstractMethodError/classInfo/getEnclosingMethod.java execution test
FAIL: mauve/gnu/testlet/java/lang/AbstractMethodError/classInfo/getField.java execution test
FAIL: mauve/gnu/testlet/java/lang/AbstractMethodError/classInfo/getFields.java execution test
FAIL: mauve/gnu/testlet/java/lang/AbstractMethodError/classInfo/getInterfaces.java execution test
FAIL: mauve/gnu/testlet/java/lang/AbstractMethodError/classInfo/getMethod.java execution test
FAIL: mauve/gnu/testlet/java/lang/AbstractMethodError/classInfo/getModifiers.java execution test
FAIL: mauve/gnu/testlet/java/lang/AbstractMethodError/classInfo/getName.java execution test
FAIL: mauve/gnu/testlet/java/lang/AbstractMethodError/classInfo/getPackage.java execution test
FAIL: mauve/gnu/testlet/java/lang/AbstractMethodError/classInfo/getSimpleName.java execution test
FAIL: mauve/gnu/testlet/java/lang/AbstractMethodError/classInfo/getSuperclass.java execution test
FAIL: mauve/gnu/testlet/java/lang/AbstractMethodError/classInfo/isAnnotation.java execution test
FAIL: mauve/gnu/testlet/java/lang/AbstractMethodError/classInfo/isAnonymousClass.java execution test
FAIL: mauve/gnu/testlet/java/lang/AbstractMethodError/classInfo/isArray.java execution test
FAIL: mauve/gnu/testlet/java/lang/AbstractMethodError/classInfo/isAssignableFrom.java execution test
FAIL: mauve/gnu/testlet/java/lang/AbstractMethodError/classInfo/isEnum.java execution test
FAIL: mauve/gnu/testlet/java/lang/AbstractMethodError/classInfo/isInstance.java execution test
FAIL: mauve/gnu/testlet/java/lang/AbstractMethodError/classInfo/isInterface.java execution test
FAIL: mauve/gnu/testlet/java/lang/AbstractMethodError/classInfo/isLocalClass.java execution test
FAIL: mauve/gnu/testlet/java/lang/AbstractMethodError/classInfo/isMemberClass.java execution test
FAIL: mauve/gnu/testlet/java/lang/AbstractMethodError/classInfo/isPrimitive.java execution test
FAIL: mauve/gnu/testlet/java/lang/AbstractMethodError/classInfo/isSynthetic.java execution test
FAIL: mauve/gnu/testlet/java/lang/AbstractMethodError/constructor.java execution test
FAIL: mauve/gnu/testlet/java/lang/ArithmeticException/TryCatch.java execution test
FAIL: mauve/gnu/testlet/java/lang/ArithmeticException/classInfo/InstanceOf.java execution test
FAIL: mauve/gnu/testlet/java/lang/ArithmeticException/classInfo/getCanonicalName.java execution test
FAIL: mauve/gnu/testlet/java/lang/ArithmeticException/classInfo/getComponentType.java execution test
FAIL: mauve/gnu/testlet/java/lang/ArithmeticException/classInfo/getConstructor.java execution test
FAIL: mauve/gnu/testlet/java/lang/ArithmeticException/classInfo/getConstructors.java execution test
FAIL: mauve/gnu/testlet/java/lang/ArithmeticException/classInfo/getDeclaredConstructor.java execution test
FAIL: mauve/gnu/testlet/java/lang/ArithmeticException/classInfo/getDeclaredConstructors.java execution test
FAIL: mauve/gnu/testlet/java/lang/ArithmeticException/classInfo/getDeclaredField.java execution test
FAIL: mauve/gnu/testlet/java/lang/ArithmeticException/classInfo/getDeclaredFields.java execution test
FAIL: mauve/gnu/testlet/java/lang/ArithmeticException/classInfo/getDeclaredMethod.java execution test
FAIL: mauve/gnu/testlet/java/lang/ArithmeticException/classInfo/getDeclaredMethods.java execution test
FAIL: mauve/gnu/testlet/java/lang/ArithmeticException/classInfo/getDeclaringClass.java execution test
FAIL: mauve/gnu/testlet/java/lang/ArithmeticException/classInfo/getEnclosingClass.java execution test
FAIL: mauve/gnu/testlet/java/lang/ArithmeticException/classInfo/getEnclosingConstructor.java execution test
FAIL: mauve/gnu/testlet/java/lang/ArithmeticException/classInfo/getFields.java execution test
FAIL: mauve/gnu/testlet/java/lang/ArithmeticException/classInfo/getMethod.java execution test
FAIL: mauve/gnu/testlet/java/lang/ArithmeticException/classInfo/getModifiers.java execution test
XPASS: mauve/gnu/testlet/java/lang/ArithmeticException/classInfo/isAnnotationPresent.java execution test
XPASS: mauve/gnu/testlet/java/lang/ArrayIndexOutOfBoundsException/classInfo/getAnnotation.java execution test
XPASS: mauve/gnu/testlet/java/lang/ArrayIndexOutOfBoundsException/classInfo/getAnnotations.java execution test
XPASS: mauve/gnu/testlet/java/lang/ArrayIndexOutOfBoundsException/classInfo/getClasses.java execution test
XPASS: mauve/gnu/testlet/java/lang/ArrayIndexOutOfBoundsException/classInfo/getDeclaredAnnotations.java execution test
XPASS: mauve/gnu/testlet/java/lang/ArrayIndexOutOfBoundsException/classInfo/getDeclaredClasses.java execution test
FAIL: mauve/gnu/testlet/java/lang/ArrayIndexOutOfBoundsException/classInfo/getDeclaredFields.java execution test
FAIL: mauve/gnu/testlet/java/lang/ArrayIndexOutOfBoundsException/classInfo/getFields.java execution test
FAIL: mauve/gnu/testlet/java/lang/ArrayIndexOutOfBoundsException/classInfo/getMethod.java execution test
FAIL: mauve/gnu/testlet/java/lang/ArrayIndexOutOfBoundsException/classInfo/getModifiers.java execution test
FAIL: mauve/gnu/testlet/java/lang/ArrayIndexOutOfBoundsException/classInfo/getSuperclass.java execution test
FAIL: mauve/gnu/testlet/java/lang/ArrayIndexOutOfBoundsException/classInfo/isAnnotation.java execution test
FAIL: mauve/gnu/testlet/java/lang/ArrayIndexOutOfBoundsException/classInfo/isAnonymousClass.java execution test
FAIL: mauve/gnu/testlet/java/lang/ArrayIndexOutOfBoundsException/classInfo/isArray.java execution test
FAIL: mauve/gnu/testlet/java/lang/ArrayIndexOutOfBoundsException/classInfo/isAssignableFrom.java execution test
FAIL: mauve/gnu/testlet/java/lang/ArrayIndexOutOfBoundsException/classInfo/isEnum.java execution test
FAIL: mauve/gnu/testlet/java/lang/ArrayIndexOutOfBoundsException/classInfo/isInstance.java execution test
FAIL: mauve/gnu/testlet/java/lang/ArrayIndexOutOfBoundsException/classInfo/isInterface.java execution test
FAIL: mauve/gnu/testlet/java/lang/ArrayIndexOutOfBoundsException/classInfo/isLocalClass.java execution test
FAIL: mauve/gnu/testlet/java/lang/ArrayIndexOutOfBoundsException/classInfo/isMemberClass.java execution test
FAIL: mauve/gnu/testlet/java/lang/ArrayIndexOutOfBoundsException/classInfo/isPrimitive.java execution test
FAIL: mauve/gnu/testlet/java/lang/ArrayIndexOutOfBoundsException/classInfo/isSynthetic.java execution test
FAIL: mauve/gnu/testlet/java/lang/ArrayIndexOutOfBoundsException/constructor.java execution test
FAIL: mauve/gnu/testlet/java/lang/ArrayStoreException/TryCatch.java execution test
FAIL: mauve/gnu/testlet/java/lang/ArrayStoreException/classInfo/InstanceOf.java execution test
FAIL: mauve/gnu/testlet/java/lang/ArrayStoreException/classInfo/getCanonicalName.java execution test
FAIL: mauve/gnu/testlet/java/lang/ArrayStoreException/classInfo/getComponentType.java execution test
FAIL: mauve/gnu/testlet/java/lang/ArrayStoreException/classInfo/getConstructor.java execution test
FAIL: mauve/gnu/testlet/java/lang/ArrayStoreException/classInfo/getConstructors.java execution test
FAIL: mauve/gnu/testlet/java/lang/ArrayStoreException/classInfo/getDeclaredConstructor.java execution test
FAIL: mauve/gnu/testlet/java/lang/ArrayStoreException/classInfo/getDeclaredConstructors.java execution test
FAIL: mauve/gnu/testlet/java/lang/ArrayStoreException/classInfo/getDeclaredField.java execution test
FAIL: mauve/gnu/testlet/java/lang/ArrayStoreException/classInfo/getDeclaredFields.java execution test
FAIL: mauve/gnu/testlet/java/lang/ArrayStoreException/classInfo/getDeclaredMethod.java execution test
FAIL: mauve/gnu/testlet/java/lang/ArrayStoreException/classInfo/getDeclaredMethods.java execution test
FAIL: mauve/gnu/testlet/java/lang/ArrayStoreException/classInfo/getDeclaringClass.java execution test
FAIL: mauve/gnu/testlet/java/lang/ArrayStoreException/classInfo/getEnclosingClass.java execution test
FAIL: mauve/gnu/testlet/java/lang/ArrayStoreException/classInfo/getEnclosingConstructor.java execution test
FAIL: mauve/gnu/testlet/java/lang/ArrayStoreException/classInfo/getEnclosingMethod.java execution test
FAIL: mauve/gnu/testlet/java/lang/ArrayStoreException/classInfo/getField.java execution test
FAIL: mauve/gnu/testlet/java/lang/ArrayStoreException/classInfo/getFields.java execution test
FAIL: mauve/gnu/testlet/java/lang/ArrayStoreException/classInfo/getInterfaces.java execution test
FAIL: mauve/gnu/testlet/java/lang/ArrayStoreException/classInfo/getMethod.java execution test
FAIL: mauve/gnu/testlet/java/lang/ArrayStoreException/classInfo/getModifiers.java execution test
FAIL: mauve/gnu/testlet/java/lang/ArrayStoreException/classInfo/getName.java execution test
FAIL: mauve/gnu/testlet/java/lang/ArrayStoreException/classInfo/getPackage.java execution test
FAIL: mauve/gnu/testlet/java/lang/ArrayStoreException/classInfo/getSimpleName.java execution test
FAIL: mauve/gnu/testlet/java/lang/ArrayStoreException/classInfo/getSuperclass.java execution test
FAIL: mauve/gnu/testlet/java/lang/ArrayStoreException/classInfo/isAnnotation.java execution test
FAIL: mauve/gnu/testlet/java/lang/ArrayStoreException/classInfo/isAnonymousClass.java execution test
FAIL: mauve/gnu/testlet/java/lang/ArrayStoreException/classInfo/isArray.java execution test
FAIL: mauve/gnu/testlet/java/lang/ArrayStoreException/classInfo/isAssignableFrom.java execution test
FAIL: mauve/gnu/testlet/java/lang/ArrayStoreException/classInfo/isEnum.java execution test
FAIL: mauve/gnu/testlet/java/lang/ArrayStoreException/classInfo/isInstance.java execution test
FAIL: mauve/gnu/testlet/java/lang/ArrayStoreException/classInfo/isInterface.java execution test
FAIL: mauve/gnu/testlet/java/lang/ArrayStoreException/classInfo/isLocalClass.java execution test
FAIL: mauve/gnu/testlet/java/lang/ArrayStoreException/classInfo/isMemberClass.java execution test
FAIL: mauve/gnu/testlet/java/lang/ArrayStoreException/classInfo/isPrimitive.java execution test
FAIL: mauve/gnu/testlet/java/lang/ArrayStoreException/classInfo/isSynthetic.java execution test
FAIL: mauve/gnu/testlet/java/lang/ArrayStoreException/constructor.java execution test
FAIL: mauve/gnu/testlet/java/lang/AssertionError/TryCatch.java execution test
FAIL: mauve/gnu/testlet/java/lang/AssertionError/classInfo/InstanceOf.java execution test
FAIL: mauve/gnu/testlet/java/lang/AssertionError/classInfo/getCanonicalName.java execution test
FAIL: mauve/gnu/testlet/java/lang/AssertionError/classInfo/getComponentType.java execution test
FAIL: mauve/gnu/testlet/java/lang/AssertionError/classInfo/getConstructor.java execution test
FAIL: mauve/gnu/testlet/java/lang/AssertionError/classInfo/getConstructors.java execution test
FAIL: mauve/gnu/testlet/java/lang/AssertionError/classInfo/getDeclaredConstructor.java execution test
FAIL: mauve/gnu/testlet/java/lang/AssertionError/classInfo/getDeclaredConstructors.java execution test
FAIL: mauve/gnu/testlet/java/lang/AssertionError/classInfo/getDeclaredField.java execution test
FAIL: mauve/gnu/testlet/java/lang/AssertionError/classInfo/getDeclaredFields.java execution test
FAIL: mauve/gnu/testlet/java/lang/AssertionError/classInfo/getDeclaredMethod.java execution test
FAIL: mauve/gnu/testlet/java/lang/AssertionError/classInfo/getDeclaredMethods.java execution test
FAIL: mauve/gnu/testlet/java/lang/AssertionError/classInfo/getDeclaringClass.java execution test
FAIL: mauve/gnu/testlet/java/lang/AssertionError/classInfo/getEnclosingClass.java execution test
FAIL: mauve/gnu/testlet/java/lang/AssertionError/classInfo/getEnclosingConstructor.java execution test
FAIL: mauve/gnu/testlet/java/lang/AssertionError/classInfo/getEnclosingMethod.java execution test
FAIL: mauve/gnu/testlet/java/lang/AssertionError/classInfo/getField.java execution test
FAIL: mauve/gnu/testlet/java/lang/AssertionError/classInfo/getFields.java execution test
FAIL: mauve/gnu/testlet/java/lang/AssertionError/classInfo/getInterfaces.java execution test
FAIL: mauve/gnu/testlet/java/lang/AssertionError/classInfo/getMethod.java execution test
FAIL: mauve/gnu/testlet/java/lang/AssertionError/classInfo/getModifiers.java execution test
FAIL: mauve/gnu/testlet/java/lang/AssertionError/classInfo/getName.java execution test
FAIL: mauve/gnu/testlet/java/lang/AssertionError/classInfo/getPackage.java execution test
FAIL: mauve/gnu/testlet/java/lang/AssertionError/classInfo/getSimpleName.java execution test
FAIL: mauve/gnu/testlet/java/lang/AssertionError/classInfo/getSuperclass.java execution test
FAIL: mauve/gnu/testlet/java/lang/AssertionError/classInfo/isAnnotation.java execution test
FAIL: mauve/gnu/testlet/java/lang/AssertionError/classInfo/isAnonymousClass.java execution test
FAIL: mauve/gnu/testlet/java/lang/AssertionError/classInfo/isArray.java execution test
FAIL: mauve/gnu/testlet/java/lang/AssertionError/classInfo/isAssignableFrom.java execution test
FAIL: mauve/gnu/testlet/java/lang/AssertionError/classInfo/isEnum.java execution test
FAIL: mauve/gnu/testlet/java/lang/AssertionError/classInfo/isInstance.java execution test
FAIL: mauve/gnu/testlet/java/lang/AssertionError/classInfo/isInterface.java execution test
FAIL: mauve/gnu/testlet/java/lang/AssertionError/classInfo/isLocalClass.java execution test
FAIL: mauve/gnu/testlet/java/lang/AssertionError/classInfo/isMemberClass.java execution test
XPASS: mauve/gnu/testlet/java/lang/Boolean/classInfo/getAnnotation.java execution test
XPASS: mauve/gnu/testlet/java/lang/Boolean/classInfo/getAnnotations.java execution test
XPASS: mauve/gnu/testlet/java/lang/Boolean/classInfo/getClasses.java execution test
XPASS: mauve/gnu/testlet/java/lang/Boolean/classInfo/getDeclaredAnnotations.java execution test
XPASS: mauve/gnu/testlet/java/lang/Boolean/classInfo/getDeclaredClasses.java execution test
FAIL: mauve/gnu/testlet/java/lang/Boolean/classInfo/getDeclaredFields.java execution test
FAIL: mauve/gnu/testlet/java/lang/Boolean/classInfo/getDeclaredMethod.java execution test
FAIL: mauve/gnu/testlet/java/lang/Boolean/classInfo/getDeclaredMethods.java execution test
FAIL: mauve/gnu/testlet/java/lang/Boolean/classInfo/getEnclosingClass.java execution test
FAIL: mauve/gnu/testlet/java/lang/Boolean/classInfo/getEnclosingConstructor.java execution test
FAIL: mauve/gnu/testlet/java/lang/Boolean/classInfo/getEnclosingMethod.java execution test
FAIL: mauve/gnu/testlet/java/lang/Boolean/classInfo/getField.java execution test
FAIL: mauve/gnu/testlet/java/lang/Boolean/classInfo/getFields.java execution test
FAIL: mauve/gnu/testlet/java/lang/Boolean/classInfo/getInterfaces.java execution test
FAIL: mauve/gnu/testlet/java/lang/Boolean/classInfo/getMethod.java execution test
FAIL: mauve/gnu/testlet/java/lang/Boolean/classInfo/getModifiers.java execution test
FAIL: mauve/gnu/testlet/java/lang/Boolean/classInfo/getName.java execution test
FAIL: mauve/gnu/testlet/java/lang/Boolean/classInfo/getPackage.java execution test
FAIL: mauve/gnu/testlet/java/lang/Boolean/classInfo/getSimpleName.java execution test
FAIL: mauve/gnu/testlet/java/lang/Boolean/classInfo/getSuperclass.java execution test
FAIL: mauve/gnu/testlet/java/lang/Boolean/classInfo/isAnnotation.java execution test
FAIL: mauve/gnu/testlet/java/lang/Boolean/classInfo/isAnonymousClass.java execution test
FAIL: mauve/gnu/testlet/java/lang/Boolean/classInfo/isArray.java execution test
FAIL: mauve/gnu/testlet/java/lang/Boolean/classInfo/isAssignableFrom.java execution test
FAIL: mauve/gnu/testlet/java/lang/Boolean/classInfo/isEnum.java execution test
FAIL: mauve/gnu/testlet/java/lang/Boolean/classInfo/isInstance.java execution test
FAIL: mauve/gnu/testlet/java/lang/Boolean/classInfo/isInterface.java execution test
FAIL: mauve/gnu/testlet/java/lang/Boolean/classInfo/isLocalClass.java execution test
FAIL: mauve/gnu/testlet/java/lang/Boolean/classInfo/isMemberClass.java execution test
FAIL: mauve/gnu/testlet/java/lang/Boolean/classInfo/isPrimitive.java execution test
FAIL: mauve/gnu/testlet/java/lang/Boolean/classInfo/isSynthetic.java execution test
FAIL: mauve/gnu/testlet/java/lang/Boolean/compareToBoolean.java execution test
FAIL: mauve/gnu/testlet/java/lang/Boolean/constructor.java execution test
FAIL: mauve/gnu/testlet/java/lang/Boolean/equals_Boolean.java execution test
FAIL: mauve/gnu/testlet/java/lang/Boolean/get.java execution test
FAIL: mauve/gnu/testlet/java/lang/Boolean/hashcode_Boolean.java execution test
FAIL: mauve/gnu/testlet/java/lang/Boolean/new_Boolean.java execution test
FAIL: mauve/gnu/testlet/java/lang/Boolean/parseBoolean.java execution test
FAIL: mauve/gnu/testlet/java/lang/Boolean/toString.java execution test
FAIL: mauve/gnu/testlet/java/lang/Boolean/value.java execution test
FAIL: mauve/gnu/testlet/java/lang/Boolean/valueOfBoolean.java execution test
FAIL: mauve/gnu/testlet/java/lang/Boolean/valueOfString.java execution test
FAIL: mauve/gnu/testlet/java/lang/Byte/ByteTest.java execution test
FAIL: mauve/gnu/testlet/java/lang/Byte/byteDivide.java execution test
FAIL: mauve/gnu/testlet/java/lang/Byte/classInfo/InstanceOf.java execution test
FAIL: mauve/gnu/testlet/java/lang/Byte/classInfo/getCanonicalName.java execution test
FAIL: mauve/gnu/testlet/java/lang/Byte/classInfo/getComponentType.java execution test
FAIL: mauve/gnu/testlet/java/lang/Byte/classInfo/getConstructor.java execution test
FAIL: mauve/gnu/testlet/java/lang/Byte/classInfo/getConstructors.java execution test
FAIL: mauve/gnu/testlet/java/lang/Byte/classInfo/getDeclaredConstructor.java execution test
FAIL: mauve/gnu/testlet/java/lang/Byte/classInfo/getDeclaredConstructors.java execution test
FAIL: mauve/gnu/testlet/java/lang/Byte/classInfo/getDeclaredField.java execution test
FAIL: mauve/gnu/testlet/java/lang/Byte/classInfo/getDeclaredFields.java execution test
FAIL: mauve/gnu/testlet/java/lang/Byte/classInfo/getDeclaredMethod.java execution test
FAIL: mauve/gnu/testlet/java/lang/Byte/classInfo/getDeclaredMethods.java execution test
FAIL: mauve/gnu/testlet/java/lang/Byte/classInfo/getDeclaringClass.java execution test
FAIL: mauve/gnu/testlet/java/lang/Byte/classInfo/getEnclosingClass.java execution test
FAIL: mauve/gnu/testlet/java/lang/Byte/classInfo/getEnclosingConstructor.java execution test
FAIL: mauve/gnu/testlet/java/lang/Byte/classInfo/getEnclosingMethod.java execution test
FAIL: mauve/gnu/testlet/java/lang/Byte/classInfo/getField.java execution test
FAIL: mauve/gnu/testlet/java/lang/Byte/classInfo/getFields.java execution test
FAIL: mauve/gnu/testlet/java/lang/Byte/classInfo/getInterfaces.java execution test
FAIL: mauve/gnu/testlet/java/lang/Byte/classInfo/getMethod.java execution test
FAIL: mauve/gnu/testlet/java/lang/Byte/classInfo/getModifiers.java execution test
FAIL: mauve/gnu/testlet/java/lang/Byte/classInfo/getName.java execution test
FAIL: mauve/gnu/testlet/java/lang/Byte/classInfo/getPackage.java execution test
FAIL: mauve/gnu/testlet/java/lang/Byte/classInfo/getSimpleName.java execution test
FAIL: mauve/gnu/testlet/java/lang/Byte/classInfo/getSuperclass.java execution test
FAIL: mauve/gnu/testlet/java/lang/Byte/classInfo/isAnnotation.java execution test
FAIL: mauve/gnu/testlet/java/lang/Byte/classInfo/isAnonymousClass.java execution test
FAIL: mauve/gnu/testlet/java/lang/Byte/classInfo/isArray.java execution test
FAIL: mauve/gnu/testlet/java/lang/Byte/classInfo/isAssignableFrom.java execution test
FAIL: mauve/gnu/testlet/java/lang/Byte/classInfo/isEnum.java execution test
FAIL: mauve/gnu/testlet/java/lang/Byte/classInfo/isInstance.java execution test
FAIL: mauve/gnu/testlet/java/lang/Byte/classInfo/isInterface.java execution test
FAIL: mauve/gnu/testlet/java/lang/Byte/classInfo/isLocalClass.java execution test
FAIL: mauve/gnu/testlet/java/lang/Byte/classInfo/isMemberClass.java execution test
FAIL: mauve/gnu/testlet/java/lang/Byte/classInfo/isPrimitive.java execution test
FAIL: mauve/gnu/testlet/java/lang/Byte/classInfo/isSynthetic.java execution test
FAIL: mauve/gnu/testlet/java/lang/Byte/constructor.java execution test
FAIL: mauve/gnu/testlet/java/lang/Byte/new_Byte.java execution test
FAIL: mauve/gnu/testlet/java/lang/Byte/parseByte.java execution test
FAIL: mauve/gnu/testlet/java/lang/Byte/parseByteRadix.java execution test
FAIL: mauve/gnu/testlet/java/lang/Byte/toString.java execution test
FAIL: mauve/gnu/testlet/java/lang/Byte/valueOfByte.java execution test
FAIL: mauve/gnu/testlet/java/lang/Byte/valueOfString.java execution test
FAIL: mauve/gnu/testlet/java/lang/Byte/valueOfStringRadix.java execution test
FAIL: mauve/gnu/testlet/java/lang/Character/CharacterTest.java execution test
FAIL: mauve/gnu/testlet/java/lang/Character/classInfo/InstanceOf.java execution test
FAIL: mauve/gnu/testlet/java/lang/Character/classInfo/getCanonicalName.java execution test
XPASS: mauve/gnu/testlet/java/lang/Character/classInfo/getClasses.java execution test
XPASS: mauve/gnu/testlet/java/lang/Character/classInfo/getDeclaredAnnotations.java execution test
XPASS: mauve/gnu/testlet/java/lang/Character/classInfo/getDeclaredClasses.java execution test
FAIL: mauve/gnu/testlet/java/lang/Character/classInfo/getDeclaredFields.java execution test
FAIL: mauve/gnu/testlet/java/lang/Character/classInfo/getFields.java execution test
FAIL: mauve/gnu/testlet/java/lang/Character/classInfo/getModifiers.java execution test
XPASS: mauve/gnu/testlet/java/lang/Character/classInfo/isAnnotationPresent.java execution test
FAIL: mauve/gnu/testlet/java/lang/Character/equals_Character.java execution test
FAIL: mauve/gnu/testlet/java/lang/Character/forDigit.java execution test
FAIL: mauve/gnu/testlet/java/lang/Character/getNumericValue.java execution test
FAIL: mauve/gnu/testlet/java/lang/Character/getType.java execution test
FAIL: mauve/gnu/testlet/java/lang/Character/getType12.java execution test
FAIL: mauve/gnu/testlet/java/lang/Character/hash.java execution test
FAIL: mauve/gnu/testlet/java/lang/Character/to.java execution test
FAIL: mauve/gnu/testlet/java/lang/Character/unicode.java execution test
FAIL: mauve/gnu/testlet/java/lang/Class/GetSimpleName.java execution test
FAIL: mauve/gnu/testlet/java/lang/Class/IsAnonymousClass.java execution test
FAIL: mauve/gnu/testlet/java/lang/Class/classInfo/InstanceOf.java execution test
FAIL: mauve/gnu/testlet/java/lang/Class/classInfo/getCanonicalName.java execution test
FAIL: mauve/gnu/testlet/java/lang/Class/classInfo/getComponentType.java execution test
FAIL: mauve/gnu/testlet/java/lang/Class/classInfo/getConstructor.java execution test
FAIL: mauve/gnu/testlet/java/lang/Class/classInfo/getConstructors.java execution test
FAIL: mauve/gnu/testlet/java/lang/Class/classInfo/getDeclaredConstructor.java execution test
FAIL: mauve/gnu/testlet/java/lang/Class/classInfo/getDeclaredConstructors.java execution test
FAIL: mauve/gnu/testlet/java/lang/Class/classInfo/getDeclaredField.java execution test
FAIL: mauve/gnu/testlet/java/lang/Class/classInfo/getDeclaredFields.java execution test
FAIL: mauve/gnu/testlet/java/lang/Class/classInfo/getDeclaredMethod.java execution test
FAIL: mauve/gnu/testlet/java/lang/Class/classInfo/getDeclaredMethods.java execution test
FAIL: mauve/gnu/testlet/java/lang/Class/classInfo/getDeclaringClass.java execution test
FAIL: mauve/gnu/testlet/java/lang/Class/classInfo/getEnclosingClass.java execution test
FAIL: mauve/gnu/testlet/java/lang/Class/classInfo/getEnclosingConstructor.java execution test
FAIL: mauve/gnu/testlet/java/lang/Class/classInfo/getEnclosingMethod.java execution test
FAIL: mauve/gnu/testlet/java/lang/Class/classInfo/getField.java execution test
FAIL: mauve/gnu/testlet/java/lang/Class/classInfo/getFields.java execution test
FAIL: mauve/gnu/testlet/java/lang/Class/classInfo/getInterfaces.java execution test
FAIL: mauve/gnu/testlet/java/lang/Class/classInfo/getMethod.java execution test
FAIL: mauve/gnu/testlet/java/lang/Class/classInfo/getModifiers.java execution test
FAIL: mauve/gnu/testlet/java/lang/Class/classInfo/getName.java execution test
FAIL: mauve/gnu/testlet/java/lang/Class/classInfo/getPackage.java execution test
FAIL: mauve/gnu/testlet/java/lang/Class/classInfo/getSimpleName.java execution test
FAIL: mauve/gnu/testlet/java/lang/Class/classInfo/getSuperclass.java execution test
FAIL: mauve/gnu/testlet/java/lang/Class/classInfo/isAnnotation.java execution test
FAIL: mauve/gnu/testlet/java/lang/Class/classInfo/isAnonymousClass.java execution test
FAIL: mauve/gnu/testlet/java/lang/Class/classInfo/isArray.java execution test
FAIL: mauve/gnu/testlet/java/lang/Class/classInfo/isAssignableFrom.java execution test
FAIL: mauve/gnu/testlet/java/lang/Class/classInfo/isEnum.java execution test
FAIL: mauve/gnu/testlet/java/lang/Class/classInfo/isInstance.java execution test
FAIL: mauve/gnu/testlet/java/lang/Class/classInfo/isInterface.java execution test
FAIL: mauve/gnu/testlet/java/lang/Class/classInfo/isLocalClass.java execution test
FAIL: mauve/gnu/testlet/java/lang/Class/classInfo/isMemberClass.java execution test
FAIL: mauve/gnu/testlet/java/lang/Class/classInfo/isPrimitive.java execution test
FAIL: mauve/gnu/testlet/java/lang/Class/classInfo/isSynthetic.java execution test
FAIL: mauve/gnu/testlet/java/lang/Class/init.java execution test
FAIL: mauve/gnu/testlet/java/lang/Class/isAnnotation.java execution test
FAIL: mauve/gnu/testlet/java/lang/ClassCastException/TryCatch.java execution test
FAIL: mauve/gnu/testlet/java/lang/ClassCastException/classInfo/InstanceOf.java execution test
FAIL: mauve/gnu/testlet/java/lang/ClassCastException/classInfo/getCanonicalName.java execution test
FAIL: mauve/gnu/testlet/java/lang/ClassCastException/classInfo/getComponentType.java execution test
FAIL: mauve/gnu/testlet/java/lang/ClassCastException/classInfo/getConstructor.java execution test
FAIL: mauve/gnu/testlet/java/lang/ClassCastException/classInfo/getConstructors.java execution test
FAIL: mauve/gnu/testlet/java/lang/ClassCastException/classInfo/getDeclaredConstructor.java execution test
FAIL: mauve/gnu/testlet/java/lang/ClassCastException/classInfo/getDeclaredConstructors.java execution test
FAIL: mauve/gnu/testlet/java/lang/ClassCastException/classInfo/getDeclaredField.java execution test
FAIL: mauve/gnu/testlet/java/lang/ClassCastException/classInfo/getDeclaredFields.java execution test
FAIL: mauve/gnu/testlet/java/lang/ClassCastException/classInfo/getDeclaredMethod.java execution test
FAIL: mauve/gnu/testlet/java/lang/ClassCastException/classInfo/getDeclaredMethods.java execution test
FAIL: mauve/gnu/testlet/java/lang/ClassCastException/classInfo/getDeclaringClass.java execution test
FAIL: mauve/gnu/testlet/java/lang/ClassCastException/classInfo/getEnclosingClass.java execution test
FAIL: mauve/gnu/testlet/java/lang/ClassCastException/classInfo/getEnclosingConstructor.java execution test
FAIL: mauve/gnu/testlet/java/lang/ClassCastException/classInfo/getEnclosingMethod.java execution test
FAIL: mauve/gnu/testlet/java/lang/ClassCastException/classInfo/getField.java execution test
FAIL: mauve/gnu/testlet/java/lang/ClassCastException/classInfo/getFields.java execution test
FAIL: mauve/gnu/testlet/java/lang/ClassCastException/classInfo/getInterfaces.java execution test
FAIL: mauve/gnu/testlet/java/lang/ClassCastException/classInfo/getMethod.java execution test
FAIL: mauve/gnu/testlet/java/lang/ClassCastException/classInfo/getModifiers.java execution test
FAIL: mauve/gnu/testlet/java/lang/ClassCastException/classInfo/getName.java execution test
XPASS: mauve/gnu/testlet/java/lang/ClassCastException/classInfo/isAnnotationPresent.java execution test
FAIL: mauve/gnu/testlet/java/lang/ClassCastException/classInfo/isLocalClass.java execution test
FAIL: mauve/gnu/testlet/java/lang/ClassCastException/classInfo/isMemberClass.java execution test
FAIL: mauve/gnu/testlet/java/lang/ClassCastException/classInfo/isPrimitive.java execution test
FAIL: mauve/gnu/testlet/java/lang/ClassCastException/classInfo/isSynthetic.java execution test
FAIL: mauve/gnu/testlet/java/lang/ClassCastException/constructor.java execution test
FAIL: mauve/gnu/testlet/java/lang/ClassCircularityError/TryCatch.java execution test
FAIL: mauve/gnu/testlet/java/lang/ClassCircularityError/classInfo/InstanceOf.java execution test
FAIL: mauve/gnu/testlet/java/lang/ClassCircularityError/classInfo/getCanonicalName.java execution test
FAIL: mauve/gnu/testlet/java/lang/ClassCircularityError/classInfo/getComponentType.java execution test
FAIL: mauve/gnu/testlet/java/lang/ClassCircularityError/classInfo/getConstructor.java execution test
FAIL: mauve/gnu/testlet/java/lang/ClassCircularityError/classInfo/getConstructors.java execution test
FAIL: mauve/gnu/testlet/java/lang/ClassCircularityError/classInfo/getDeclaredConstructor.java execution test
FAIL: mauve/gnu/testlet/java/lang/ClassCircularityError/classInfo/getDeclaredConstructors.java execution test
FAIL: mauve/gnu/testlet/java/lang/ClassCircularityError/classInfo/getDeclaredField.java execution test
FAIL: mauve/gnu/testlet/java/lang/ClassCircularityError/classInfo/getDeclaredFields.java execution test
FAIL: mauve/gnu/testlet/java/lang/ClassCircularityError/classInfo/getDeclaredMethod.java execution test
FAIL: mauve/gnu/testlet/java/lang/ClassCircularityError/classInfo/getDeclaredMethods.java execution test
FAIL: mauve/gnu/testlet/java/lang/ClassCircularityError/classInfo/getDeclaringClass.java execution test
FAIL: mauve/gnu/testlet/java/lang/ClassCircularityError/classInfo/getEnclosingClass.java execution test
FAIL: mauve/gnu/testlet/java/lang/ClassCircularityError/classInfo/getEnclosingConstructor.java execution test
FAIL: mauve/gnu/testlet/java/lang/ClassCircularityError/classInfo/getEnclosingMethod.java execution test
FAIL: mauve/gnu/testlet/java/lang/ClassCircularityError/classInfo/getField.java execution test
FAIL: mauve/gnu/testlet/java/lang/ClassCircularityError/classInfo/getFields.java execution test
FAIL: mauve/gnu/testlet/java/lang/ClassCircularityError/classInfo/getInterfaces.java execution test
FAIL: mauve/gnu/testlet/java/lang/ClassCircularityError/classInfo/getMethod.java execution test
FAIL: mauve/gnu/testlet/java/lang/ClassCircularityError/classInfo/getModifiers.java execution test
FAIL: mauve/gnu/testlet/java/lang/ClassCircularityError/classInfo/getName.java execution test
FAIL: mauve/gnu/testlet/java/lang/ClassCircularityError/classInfo/getPackage.java execution test
FAIL: mauve/gnu/testlet/java/lang/ClassCircularityError/classInfo/getSimpleName.java execution test
FAIL: mauve/gnu/testlet/java/lang/ClassCircularityError/classInfo/getSuperclass.java execution test
FAIL: mauve/gnu/testlet/java/lang/ClassCircularityError/classInfo/isAnnotation.java execution test
FAIL: mauve/gnu/testlet/java/lang/ClassCircularityError/classInfo/isAnonymousClass.java execution test
FAIL: mauve/gnu/testlet/java/lang/ClassCircularityError/classInfo/isArray.java execution test
FAIL: mauve/gnu/testlet/java/lang/ClassCircularityError/classInfo/isAssignableFrom.java execution test
FAIL: mauve/gnu/testlet/java/lang/ClassCircularityError/classInfo/isEnum.java execution test
FAIL: mauve/gnu/testlet/java/lang/ClassCircularityError/classInfo/isInstance.java execution test
FAIL: mauve/gnu/testlet/java/lang/ClassCircularityError/classInfo/isInterface.java execution test
FAIL: mauve/gnu/testlet/java/lang/ClassCircularityError/classInfo/isLocalClass.java execution test
FAIL: mauve/gnu/testlet/java/lang/ClassCircularityError/classInfo/isMemberClass.java execution test
FAIL: mauve/gnu/testlet/java/lang/ClassCircularityError/classInfo/isPrimitive.java execution test
FAIL: mauve/gnu/testlet/java/lang/ClassCircularityError/classInfo/isSynthetic.java execution test
FAIL: mauve/gnu/testlet/java/lang/ClassCircularityError/constructor.java execution test
FAIL: mauve/gnu/testlet/java/lang/ClassFormatError/TryCatch.java execution test
FAIL: mauve/gnu/testlet/java/lang/ClassFormatError/classInfo/InstanceOf.java execution test
FAIL: mauve/gnu/testlet/java/lang/ClassFormatError/classInfo/getCanonicalName.java execution test
FAIL: mauve/gnu/testlet/java/lang/ClassFormatError/classInfo/getComponentType.java execution test
FAIL: mauve/gnu/testlet/java/lang/ClassFormatError/classInfo/getConstructor.java execution test
FAIL: mauve/gnu/testlet/java/lang/ClassFormatError/classInfo/getConstructors.java execution test
FAIL: mauve/gnu/testlet/java/lang/ClassFormatError/classInfo/getDeclaredConstructor.java execution test
FAIL: mauve/gnu/testlet/java/lang/ClassFormatError/classInfo/getDeclaredConstructors.java execution test
FAIL: mauve/gnu/testlet/java/lang/ClassFormatError/classInfo/getDeclaredField.java execution test
FAIL: mauve/gnu/testlet/java/lang/ClassFormatError/classInfo/getDeclaredFields.java execution test
FAIL: mauve/gnu/testlet/java/lang/ClassFormatError/classInfo/getDeclaredMethod.java execution test
FAIL: mauve/gnu/testlet/java/lang/ClassFormatError/classInfo/getDeclaredMethods.java execution test
FAIL: mauve/gnu/testlet/java/lang/ClassFormatError/classInfo/getDeclaringClass.java execution test
FAIL: mauve/gnu/testlet/java/lang/ClassFormatError/classInfo/getEnclosingClass.java execution test
FAIL: mauve/gnu/testlet/java/lang/ClassFormatError/classInfo/getEnclosingConstructor.java execution test
FAIL: mauve/gnu/testlet/java/lang/ClassFormatError/classInfo/getEnclosingMethod.java execution test
FAIL: mauve/gnu/testlet/java/lang/ClassFormatError/classInfo/getField.java execution test
FAIL: mauve/gnu/testlet/java/lang/ClassFormatError/classInfo/getFields.java execution test
FAIL: mauve/gnu/testlet/java/lang/ClassFormatError/classInfo/getInterfaces.java execution test
FAIL: mauve/gnu/testlet/java/lang/ClassFormatError/classInfo/getMethod.java execution test
FAIL: mauve/gnu/testlet/java/lang/ClassFormatError/classInfo/getModifiers.java execution test
FAIL: mauve/gnu/testlet/java/lang/ClassFormatError/classInfo/getName.java execution test
FAIL: mauve/gnu/testlet/java/lang/ClassFormatError/classInfo/getPackage.java execution test
FAIL: mauve/gnu/testlet/java/lang/ClassFormatError/classInfo/getSimpleName.java execution test
FAIL: mauve/gnu/testlet/java/lang/ClassFormatError/classInfo/getSuperclass.java execution test
FAIL: mauve/gnu/testlet/java/lang/ClassFormatError/classInfo/isAnnotation.java execution test
FAIL: mauve/gnu/testlet/java/lang/ClassFormatError/classInfo/isAnonymousClass.java execution test
FAIL: mauve/gnu/testlet/java/lang/ClassFormatError/classInfo/isArray.java execution test
FAIL: mauve/gnu/testlet/java/lang/ClassFormatError/classInfo/isAssignableFrom.java execution test
FAIL: mauve/gnu/testlet/java/lang/ClassFormatError/classInfo/isEnum.java execution test
FAIL: mauve/gnu/testlet/java/lang/ClassFormatError/classInfo/isInstance.java execution test
FAIL: mauve/gnu/testlet/java/lang/ClassFormatError/classInfo/isInterface.java execution test
FAIL: mauve/gnu/testlet/java/lang/ClassFormatError/classInfo/isLocalClass.java execution test
FAIL: mauve/gnu/testlet/java/lang/ClassFormatError/classInfo/isMemberClass.java execution test
FAIL: mauve/gnu/testlet/java/lang/ClassFormatError/classInfo/isPrimitive.java execution test
FAIL: mauve/gnu/testlet/java/lang/ClassFormatError/classInfo/isSynthetic.java execution test
FAIL: mauve/gnu/testlet/java/lang/ClassFormatError/constructor.java execution test
FAIL: mauve/gnu/testlet/java/lang/ClassLoader/Resources.java execution test
XPASS: mauve/gnu/testlet/java/lang/ClassNotFoundException/classInfo/getAnnotation.java execution test
XPASS: mauve/gnu/testlet/java/lang/ClassNotFoundException/classInfo/getAnnotations.java execution test
XPASS: mauve/gnu/testlet/java/lang/ClassNotFoundException/classInfo/getClasses.java execution test
XPASS: mauve/gnu/testlet/java/lang/ClassNotFoundException/classInfo/getDeclaredAnnotations.java execution test
XPASS: mauve/gnu/testlet/java/lang/ClassNotFoundException/classInfo/getDeclaredClasses.java execution test
FAIL: mauve/gnu/testlet/java/lang/ClassNotFoundException/classInfo/getDeclaredFields.java execution test
FAIL: mauve/gnu/testlet/java/lang/ClassNotFoundException/classInfo/getFields.java execution test
FAIL: mauve/gnu/testlet/java/lang/ClassNotFoundException/classInfo/getMethod.java execution test
FAIL: mauve/gnu/testlet/java/lang/ClassNotFoundException/classInfo/getModifiers.java execution test
XPASS: mauve/gnu/testlet/java/lang/ClassNotFoundException/classInfo/isAnnotationPresent.java execution test
XPASS: mauve/gnu/testlet/java/lang/CloneNotSupportedException/classInfo/getAnnotation.java execution test
XPASS: mauve/gnu/testlet/java/lang/CloneNotSupportedException/classInfo/getAnnotations.java execution test
XPASS: mauve/gnu/testlet/java/lang/CloneNotSupportedException/classInfo/getClasses.java execution test
XPASS: mauve/gnu/testlet/java/lang/CloneNotSupportedException/classInfo/getDeclaredAnnotations.java execution test
XPASS: mauve/gnu/testlet/java/lang/CloneNotSupportedException/classInfo/getDeclaredClasses.java execution test
FAIL: mauve/gnu/testlet/java/lang/CloneNotSupportedException/classInfo/getDeclaredFields.java execution test
FAIL: mauve/gnu/testlet/java/lang/CloneNotSupportedException/classInfo/getFields.java execution test
FAIL: mauve/gnu/testlet/java/lang/CloneNotSupportedException/classInfo/getMethod.java execution test
FAIL: mauve/gnu/testlet/java/lang/CloneNotSupportedException/classInfo/getModifiers.java execution test
XPASS: mauve/gnu/testlet/java/lang/CloneNotSupportedException/classInfo/isAnnotationPresent.java execution test
FAIL: mauve/gnu/testlet/java/lang/Cloneable/CloneableTest.java execution test
FAIL: mauve/gnu/testlet/java/lang/Double/DoubleSetterTest.java execution test
WARNING: program timed out
XPASS: mauve/gnu/testlet/java/lang/Double/classInfo/getAnnotation.java execution test
XPASS: mauve/gnu/testlet/java/lang/Double/classInfo/getAnnotations.java execution test
XPASS: mauve/gnu/testlet/java/lang/Double/classInfo/getClasses.java execution test
FAIL: mauve/gnu/testlet/java/lang/Double/classInfo/getConstructors.java execution test
XPASS: mauve/gnu/testlet/java/lang/Double/classInfo/getDeclaredAnnotations.java execution test
XPASS: mauve/gnu/testlet/java/lang/Double/classInfo/getDeclaredClasses.java execution test
FAIL: mauve/gnu/testlet/java/lang/Double/classInfo/getDeclaredConstructors.java execution test
FAIL: mauve/gnu/testlet/java/lang/Double/classInfo/getDeclaredFields.java execution test
FAIL: mauve/gnu/testlet/java/lang/Double/classInfo/getDeclaredMethods.java execution test
FAIL: mauve/gnu/testlet/java/lang/Double/classInfo/getFields.java execution test
FAIL: mauve/gnu/testlet/java/lang/Double/classInfo/getModifiers.java execution test
XPASS: mauve/gnu/testlet/java/lang/Double/classInfo/isAnnotationPresent.java execution test
FAIL: mauve/gnu/testlet/java/lang/Double/compare.java execution test
FAIL: mauve/gnu/testlet/java/lang/Double/doubleToLongBits.java execution test
FAIL: mauve/gnu/testlet/java/lang/Double/doubleToRawLongBits.java execution test
WARNING: program timed out
WARNING: program timed out
XPASS: mauve/gnu/testlet/java/lang/Double/valueOfDouble.java execution test
XPASS: mauve/gnu/testlet/java/lang/EnumConstantNotPresentException/classInfo/getAnnotation.java execution test
XPASS: mauve/gnu/testlet/java/lang/EnumConstantNotPresentException/classInfo/getAnnotations.java execution test
XPASS: mauve/gnu/testlet/java/lang/EnumConstantNotPresentException/classInfo/getClasses.java execution test
XPASS: mauve/gnu/testlet/java/lang/EnumConstantNotPresentException/classInfo/getDeclaredAnnotations.java execution test
XPASS: mauve/gnu/testlet/java/lang/EnumConstantNotPresentException/classInfo/getDeclaredClasses.java execution test
FAIL: mauve/gnu/testlet/java/lang/EnumConstantNotPresentException/classInfo/getDeclaredFields.java execution test
FAIL: mauve/gnu/testlet/java/lang/EnumConstantNotPresentException/classInfo/getFields.java execution test
FAIL: mauve/gnu/testlet/java/lang/EnumConstantNotPresentException/classInfo/getMethod.java execution test
FAIL: mauve/gnu/testlet/java/lang/EnumConstantNotPresentException/classInfo/getModifiers.java execution test
XPASS: mauve/gnu/testlet/java/lang/EnumConstantNotPresentException/classInfo/isAnnotationPresent.java execution test
FAIL: mauve/gnu/testlet/java/lang/EnumConstantNotPresentException/classInfo/isPrimitive.java execution test
FAIL: mauve/gnu/testlet/java/lang/EnumConstantNotPresentException/classInfo/isSynthetic.java execution test
FAIL: mauve/gnu/testlet/java/lang/EnumConstantNotPresentException/constructor.java execution test
FAIL: mauve/gnu/testlet/java/lang/Error/TryCatch.java execution test
FAIL: mauve/gnu/testlet/java/lang/Error/classInfo/InstanceOf.java execution test
FAIL: mauve/gnu/testlet/java/lang/Error/classInfo/getCanonicalName.java execution test
FAIL: mauve/gnu/testlet/java/lang/Error/classInfo/getComponentType.java execution test
FAIL: mauve/gnu/testlet/java/lang/Error/classInfo/getConstructor.java execution test
FAIL: mauve/gnu/testlet/java/lang/Error/classInfo/getConstructors.java execution test
FAIL: mauve/gnu/testlet/java/lang/Error/classInfo/getDeclaredConstructor.java execution test
FAIL: mauve/gnu/testlet/java/lang/Error/classInfo/getDeclaredConstructors.java execution test
FAIL: mauve/gnu/testlet/java/lang/Error/classInfo/getDeclaredField.java execution test
FAIL: mauve/gnu/testlet/java/lang/Error/classInfo/getDeclaredFields.java execution test
FAIL: mauve/gnu/testlet/java/lang/Error/classInfo/getDeclaredMethod.java execution test
FAIL: mauve/gnu/testlet/java/lang/Error/classInfo/getDeclaredMethods.java execution test
FAIL: mauve/gnu/testlet/java/lang/Error/classInfo/getDeclaringClass.java execution test
FAIL: mauve/gnu/testlet/java/lang/Error/classInfo/getEnclosingClass.java execution test
FAIL: mauve/gnu/testlet/java/lang/Error/classInfo/getEnclosingConstructor.java execution test
FAIL: mauve/gnu/testlet/java/lang/Error/classInfo/getEnclosingMethod.java execution test
FAIL: mauve/gnu/testlet/java/lang/Error/classInfo/getField.java execution test
FAIL: mauve/gnu/testlet/java/lang/Error/classInfo/getFields.java execution test
FAIL: mauve/gnu/testlet/java/lang/Error/classInfo/getInterfaces.java execution test
FAIL: mauve/gnu/testlet/java/lang/Error/classInfo/getMethod.java execution test
FAIL: mauve/gnu/testlet/java/lang/Error/classInfo/getModifiers.java execution test
FAIL: mauve/gnu/testlet/java/lang/Error/classInfo/getName.java execution test
FAIL: mauve/gnu/testlet/java/lang/Error/classInfo/getPackage.java execution test
FAIL: mauve/gnu/testlet/java/lang/Error/classInfo/getSimpleName.java execution test
FAIL: mauve/gnu/testlet/java/lang/Error/classInfo/getSuperclass.java execution test
FAIL: mauve/gnu/testlet/java/lang/Error/classInfo/isAnnotation.java execution test
FAIL: mauve/gnu/testlet/java/lang/Error/classInfo/isAnonymousClass.java execution test
FAIL: mauve/gnu/testlet/java/lang/Error/classInfo/isArray.java execution test
FAIL: mauve/gnu/testlet/java/lang/Error/classInfo/isAssignableFrom.java execution test
FAIL: mauve/gnu/testlet/java/lang/Error/classInfo/isEnum.java execution test
FAIL: mauve/gnu/testlet/java/lang/Error/classInfo/isInstance.java execution test
FAIL: mauve/gnu/testlet/java/lang/Error/classInfo/isInterface.java execution test
FAIL: mauve/gnu/testlet/java/lang/Error/classInfo/isLocalClass.java execution test
FAIL: mauve/gnu/testlet/java/lang/Error/classInfo/isMemberClass.java execution test
FAIL: mauve/gnu/testlet/java/lang/Error/classInfo/isPrimitive.java execution test
FAIL: mauve/gnu/testlet/java/lang/Error/classInfo/isSynthetic.java execution test
FAIL: mauve/gnu/testlet/java/lang/Error/constructor.java execution test
FAIL: mauve/gnu/testlet/java/lang/Exception/TryCatch.java execution test
FAIL: mauve/gnu/testlet/java/lang/Exception/classInfo/InstanceOf.java execution test
FAIL: mauve/gnu/testlet/java/lang/Exception/classInfo/getCanonicalName.java execution test
FAIL: mauve/gnu/testlet/java/lang/Exception/classInfo/getComponentType.java execution test
FAIL: mauve/gnu/testlet/java/lang/Exception/classInfo/getConstructor.java execution test
FAIL: mauve/gnu/testlet/java/lang/Exception/classInfo/getConstructors.java execution test
FAIL: mauve/gnu/testlet/java/lang/Exception/classInfo/getDeclaredConstructor.java execution test
FAIL: mauve/gnu/testlet/java/lang/Exception/classInfo/getDeclaredConstructors.java execution test
FAIL: mauve/gnu/testlet/java/lang/Exception/classInfo/getDeclaredField.java execution test
FAIL: mauve/gnu/testlet/java/lang/Exception/classInfo/getDeclaredFields.java execution test
FAIL: mauve/gnu/testlet/java/lang/Exception/classInfo/getDeclaredMethod.java execution test
FAIL: mauve/gnu/testlet/java/lang/Exception/classInfo/getDeclaredMethods.java execution test
FAIL: mauve/gnu/testlet/java/lang/Exception/classInfo/getDeclaringClass.java execution test
FAIL: mauve/gnu/testlet/java/lang/Exception/classInfo/getEnclosingClass.java execution test
FAIL: mauve/gnu/testlet/java/lang/Exception/classInfo/getEnclosingConstructor.java execution test
FAIL: mauve/gnu/testlet/java/lang/Exception/classInfo/getEnclosingMethod.java execution test
FAIL: mauve/gnu/testlet/java/lang/Exception/classInfo/getField.java execution test
FAIL: mauve/gnu/testlet/java/lang/Exception/classInfo/getFields.java execution test
FAIL: mauve/gnu/testlet/java/lang/Exception/classInfo/getInterfaces.java execution test
FAIL: mauve/gnu/testlet/java/lang/Exception/classInfo/getMethod.java execution test
FAIL: mauve/gnu/testlet/java/lang/Exception/classInfo/getModifiers.java execution test
FAIL: mauve/gnu/testlet/java/lang/Exception/classInfo/getName.java execution test
FAIL: mauve/gnu/testlet/java/lang/Exception/classInfo/getPackage.java execution test
FAIL: mauve/gnu/testlet/java/lang/Exception/classInfo/getSimpleName.java execution test
FAIL: mauve/gnu/testlet/java/lang/Exception/classInfo/getSuperclass.java execution test
FAIL: mauve/gnu/testlet/java/lang/Exception/classInfo/isAnnotation.java execution test
FAIL: mauve/gnu/testlet/java/lang/Exception/classInfo/isAnonymousClass.java execution test
FAIL: mauve/gnu/testlet/java/lang/Exception/classInfo/isArray.java execution test
FAIL: mauve/gnu/testlet/java/lang/Exception/classInfo/isAssignableFrom.java execution test
FAIL: mauve/gnu/testlet/java/lang/Exception/classInfo/isEnum.java execution test
FAIL: mauve/gnu/testlet/java/lang/Exception/classInfo/isInstance.java execution test
FAIL: mauve/gnu/testlet/java/lang/Exception/classInfo/isInterface.java execution test
FAIL: mauve/gnu/testlet/java/lang/Exception/classInfo/isLocalClass.java execution test
FAIL: mauve/gnu/testlet/java/lang/Exception/classInfo/isMemberClass.java execution test
FAIL: mauve/gnu/testlet/java/lang/Exception/classInfo/isPrimitive.java execution test
FAIL: mauve/gnu/testlet/java/lang/Exception/classInfo/isSynthetic.java execution test
FAIL: mauve/gnu/testlet/java/lang/Exception/constructor.java execution test
WARNING: program timed out
XPASS: mauve/gnu/testlet/java/lang/Float/classInfo/getAnnotation.java execution test
XPASS: mauve/gnu/testlet/java/lang/Float/classInfo/getAnnotations.java execution test
XPASS: mauve/gnu/testlet/java/lang/Float/classInfo/getClasses.java execution test
FAIL: mauve/gnu/testlet/java/lang/Float/classInfo/getConstructors.java execution test
XPASS: mauve/gnu/testlet/java/lang/Float/classInfo/getDeclaredAnnotations.java execution test
XPASS: mauve/gnu/testlet/java/lang/Float/classInfo/getDeclaredClasses.java execution test
FAIL: mauve/gnu/testlet/java/lang/Float/classInfo/getDeclaredConstructors.java execution test
FAIL: mauve/gnu/testlet/java/lang/Float/classInfo/getDeclaredFields.java execution test
FAIL: mauve/gnu/testlet/java/lang/Float/classInfo/getDeclaredMethods.java execution test
FAIL: mauve/gnu/testlet/java/lang/Float/classInfo/getFields.java execution test
FAIL: mauve/gnu/testlet/java/lang/Float/classInfo/getModifiers.java execution test
XPASS: mauve/gnu/testlet/java/lang/Float/classInfo/isAnnotationPresent.java execution test
FAIL: mauve/gnu/testlet/java/lang/Float/compare.java execution test
XPASS: mauve/gnu/testlet/java/lang/IllegalAccessError/classInfo/getAnnotation.java execution test
XPASS: mauve/gnu/testlet/java/lang/IllegalAccessError/classInfo/getAnnotations.java execution test
XPASS: mauve/gnu/testlet/java/lang/IllegalAccessError/classInfo/getClasses.java execution test
XPASS: mauve/gnu/testlet/java/lang/IllegalAccessError/classInfo/getDeclaredAnnotations.java execution test
XPASS: mauve/gnu/testlet/java/lang/IllegalAccessError/classInfo/getDeclaredClasses.java execution test
FAIL: mauve/gnu/testlet/java/lang/IllegalAccessError/classInfo/getDeclaredFields.java execution test
FAIL: mauve/gnu/testlet/java/lang/IllegalAccessError/classInfo/getFields.java execution test
FAIL: mauve/gnu/testlet/java/lang/IllegalAccessError/classInfo/getMethod.java execution test
FAIL: mauve/gnu/testlet/java/lang/IllegalAccessError/classInfo/getModifiers.java execution test
XPASS: mauve/gnu/testlet/java/lang/IllegalAccessError/classInfo/isAnnotationPresent.java execution test
XPASS: mauve/gnu/testlet/java/lang/IllegalAccessException/classInfo/getAnnotation.java execution test
XPASS: mauve/gnu/testlet/java/lang/IllegalAccessException/classInfo/getAnnotations.java execution test
XPASS: mauve/gnu/testlet/java/lang/IllegalAccessException/classInfo/getClasses.java execution test
XPASS: mauve/gnu/testlet/java/lang/IllegalAccessException/classInfo/getDeclaredAnnotations.java execution test
XPASS: mauve/gnu/testlet/java/lang/IllegalAccessException/classInfo/getDeclaredClasses.java execution test
FAIL: mauve/gnu/testlet/java/lang/IllegalAccessException/classInfo/getDeclaredFields.java execution test
FAIL: mauve/gnu/testlet/java/lang/IllegalAccessException/classInfo/getFields.java execution test
FAIL: mauve/gnu/testlet/java/lang/IllegalAccessException/classInfo/getMethod.java execution test
FAIL: mauve/gnu/testlet/java/lang/IllegalAccessException/classInfo/getModifiers.java execution test
XPASS: mauve/gnu/testlet/java/lang/IllegalAccessException/classInfo/isAnnotationPresent.java execution test
XPASS: mauve/gnu/testlet/java/lang/IllegalArgumentException/classInfo/getAnnotation.java execution test
XPASS: mauve/gnu/testlet/java/lang/IllegalArgumentException/classInfo/getAnnotations.java execution test
XPASS: mauve/gnu/testlet/java/lang/IllegalArgumentException/classInfo/getClasses.java execution test
XPASS: mauve/gnu/testlet/java/lang/IllegalArgumentException/classInfo/getDeclaredAnnotations.java execution test
XPASS: mauve/gnu/testlet/java/lang/IllegalArgumentException/classInfo/getDeclaredClasses.java execution test
FAIL: mauve/gnu/testlet/java/lang/IllegalArgumentException/classInfo/getDeclaredFields.java execution test
FAIL: mauve/gnu/testlet/java/lang/IllegalArgumentException/classInfo/getFields.java execution test
FAIL: mauve/gnu/testlet/java/lang/IllegalArgumentException/classInfo/getMethod.java execution test
FAIL: mauve/gnu/testlet/java/lang/IllegalArgumentException/classInfo/getModifiers.java execution test
XPASS: mauve/gnu/testlet/java/lang/IllegalArgumentException/classInfo/isAnnotationPresent.java execution test
XPASS: mauve/gnu/testlet/java/lang/IllegalMonitorStateException/classInfo/getAnnotation.java execution test
XPASS: mauve/gnu/testlet/java/lang/IllegalMonitorStateException/classInfo/getAnnotations.java execution test
XPASS: mauve/gnu/testlet/java/lang/IllegalMonitorStateException/classInfo/getClasses.java execution test
XPASS: mauve/gnu/testlet/java/lang/IllegalMonitorStateException/classInfo/getDeclaredAnnotations.java execution test
XPASS: mauve/gnu/testlet/java/lang/IllegalMonitorStateException/classInfo/getDeclaredClasses.java execution test
FAIL: mauve/gnu/testlet/java/lang/IllegalMonitorStateException/classInfo/getDeclaredFields.java execution test
FAIL: mauve/gnu/testlet/java/lang/IllegalMonitorStateException/classInfo/getFields.java execution test
FAIL: mauve/gnu/testlet/java/lang/IllegalMonitorStateException/classInfo/getMethod.java execution test
FAIL: mauve/gnu/testlet/java/lang/IllegalMonitorStateException/classInfo/getModifiers.java execution test
XPASS: mauve/gnu/testlet/java/lang/IllegalMonitorStateException/classInfo/isAnnotationPresent.java execution test
XPASS: mauve/gnu/testlet/java/lang/IllegalStateException/classInfo/getAnnotation.java execution test
XPASS: mauve/gnu/testlet/java/lang/IllegalStateException/classInfo/getAnnotations.java execution test
XPASS: mauve/gnu/testlet/java/lang/IllegalStateException/classInfo/getClasses.java execution test
XPASS: mauve/gnu/testlet/java/lang/IllegalStateException/classInfo/getDeclaredAnnotations.java execution test
XPASS: mauve/gnu/testlet/java/lang/IllegalStateException/classInfo/getDeclaredClasses.java execution test
FAIL: mauve/gnu/testlet/java/lang/IllegalStateException/classInfo/getDeclaredFields.java execution test
FAIL: mauve/gnu/testlet/java/lang/IllegalStateException/classInfo/getFields.java execution test
FAIL: mauve/gnu/testlet/java/lang/IllegalStateException/classInfo/getMethod.java execution test
FAIL: mauve/gnu/testlet/java/lang/IllegalStateException/classInfo/getModifiers.java execution test
XPASS: mauve/gnu/testlet/java/lang/IllegalStateException/classInfo/isAnnotationPresent.java execution test
XPASS: mauve/gnu/testlet/java/lang/IllegalThreadStateException/classInfo/getAnnotation.java execution test
XPASS: mauve/gnu/testlet/java/lang/IllegalThreadStateException/classInfo/getAnnotations.java execution test
XPASS: mauve/gnu/testlet/java/lang/IllegalThreadStateException/classInfo/getClasses.java execution test
XPASS: mauve/gnu/testlet/java/lang/IllegalThreadStateException/classInfo/getDeclaredAnnotations.java execution test
XPASS: mauve/gnu/testlet/java/lang/IllegalThreadStateException/classInfo/getDeclaredClasses.java execution test
FAIL: mauve/gnu/testlet/java/lang/IllegalThreadStateException/classInfo/getDeclaredFields.java execution test
FAIL: mauve/gnu/testlet/java/lang/IllegalThreadStateException/classInfo/getFields.java execution test
FAIL: mauve/gnu/testlet/java/lang/IllegalThreadStateException/classInfo/getMethod.java execution test
FAIL: mauve/gnu/testlet/java/lang/IllegalThreadStateException/classInfo/getModifiers.java execution test
XPASS: mauve/gnu/testlet/java/lang/IllegalThreadStateException/classInfo/isAnnotationPresent.java execution test
XPASS: mauve/gnu/testlet/java/lang/IncompatibleClassChangeError/classInfo/getAnnotation.java execution test
XPASS: mauve/gnu/testlet/java/lang/IncompatibleClassChangeError/classInfo/getAnnotations.java execution test
XPASS: mauve/gnu/testlet/java/lang/IncompatibleClassChangeError/classInfo/getClasses.java execution test
XPASS: mauve/gnu/testlet/java/lang/IncompatibleClassChangeError/classInfo/getDeclaredAnnotations.java execution test
XPASS: mauve/gnu/testlet/java/lang/IncompatibleClassChangeError/classInfo/getDeclaredClasses.java execution test
FAIL: mauve/gnu/testlet/java/lang/IncompatibleClassChangeError/classInfo/getDeclaredFields.java execution test
FAIL: mauve/gnu/testlet/java/lang/IncompatibleClassChangeError/classInfo/getFields.java execution test
FAIL: mauve/gnu/testlet/java/lang/IncompatibleClassChangeError/classInfo/getMethod.java execution test
FAIL: mauve/gnu/testlet/java/lang/IncompatibleClassChangeError/classInfo/getModifiers.java execution test
XPASS: mauve/gnu/testlet/java/lang/IncompatibleClassChangeError/classInfo/isAnnotationPresent.java execution test
XPASS: mauve/gnu/testlet/java/lang/IndexOutOfBoundsException/classInfo/getAnnotation.java execution test
XPASS: mauve/gnu/testlet/java/lang/IndexOutOfBoundsException/classInfo/getAnnotations.java execution test
XPASS: mauve/gnu/testlet/java/lang/IndexOutOfBoundsException/classInfo/getClasses.java execution test
XPASS: mauve/gnu/testlet/java/lang/IndexOutOfBoundsException/classInfo/getDeclaredAnnotations.java execution test
XPASS: mauve/gnu/testlet/java/lang/IndexOutOfBoundsException/classInfo/getDeclaredClasses.java execution test
FAIL: mauve/gnu/testlet/java/lang/IndexOutOfBoundsException/classInfo/getDeclaredFields.java execution test
FAIL: mauve/gnu/testlet/java/lang/IndexOutOfBoundsException/classInfo/getFields.java execution test
FAIL: mauve/gnu/testlet/java/lang/IndexOutOfBoundsException/classInfo/getMethod.java execution test
FAIL: mauve/gnu/testlet/java/lang/IndexOutOfBoundsException/classInfo/getModifiers.java execution test
XPASS: mauve/gnu/testlet/java/lang/IndexOutOfBoundsException/classInfo/isAnnotationPresent.java execution test
FAIL: mauve/gnu/testlet/java/lang/IndexOutOfBoundsException/classInfo/isArray.java execution test
FAIL: mauve/gnu/testlet/java/lang/IndexOutOfBoundsException/classInfo/isAssignableFrom.java execution test
FAIL: mauve/gnu/testlet/java/lang/IndexOutOfBoundsException/classInfo/isEnum.java execution test
FAIL: mauve/gnu/testlet/java/lang/IndexOutOfBoundsException/classInfo/isInstance.java execution test
FAIL: mauve/gnu/testlet/java/lang/IndexOutOfBoundsException/classInfo/isInterface.java execution test
FAIL: mauve/gnu/testlet/java/lang/IndexOutOfBoundsException/classInfo/isLocalClass.java execution test
FAIL: mauve/gnu/testlet/java/lang/IndexOutOfBoundsException/classInfo/isMemberClass.java execution test
FAIL: mauve/gnu/testlet/java/lang/IndexOutOfBoundsException/classInfo/isPrimitive.java execution test
FAIL: mauve/gnu/testlet/java/lang/IndexOutOfBoundsException/classInfo/isSynthetic.java execution test
FAIL: mauve/gnu/testlet/java/lang/IndexOutOfBoundsException/constructor.java execution test
FAIL: mauve/gnu/testlet/java/lang/InheritableThreadLocal/classInfo/InstanceOf.java execution test
FAIL: mauve/gnu/testlet/java/lang/InheritableThreadLocal/classInfo/getCanonicalName.java execution test
FAIL: mauve/gnu/testlet/java/lang/InheritableThreadLocal/classInfo/getComponentType.java execution test
FAIL: mauve/gnu/testlet/java/lang/InheritableThreadLocal/classInfo/getConstructor.java execution test
FAIL: mauve/gnu/testlet/java/lang/InheritableThreadLocal/classInfo/getConstructors.java execution test
FAIL: mauve/gnu/testlet/java/lang/InheritableThreadLocal/classInfo/getDeclaredConstructor.java execution test
FAIL: mauve/gnu/testlet/java/lang/InheritableThreadLocal/classInfo/getDeclaredConstructors.java execution test
FAIL: mauve/gnu/testlet/java/lang/InheritableThreadLocal/classInfo/getDeclaredField.java execution test
FAIL: mauve/gnu/testlet/java/lang/InheritableThreadLocal/classInfo/getDeclaredFields.java execution test
FAIL: mauve/gnu/testlet/java/lang/InheritableThreadLocal/classInfo/getDeclaredMethod.java execution test
FAIL: mauve/gnu/testlet/java/lang/InheritableThreadLocal/classInfo/getDeclaredMethods.java execution test
FAIL: mauve/gnu/testlet/java/lang/InheritableThreadLocal/classInfo/getDeclaringClass.java execution test
FAIL: mauve/gnu/testlet/java/lang/InheritableThreadLocal/classInfo/getEnclosingClass.java execution test
FAIL: mauve/gnu/testlet/java/lang/InheritableThreadLocal/classInfo/getEnclosingConstructor.java execution test
FAIL: mauve/gnu/testlet/java/lang/InheritableThreadLocal/classInfo/getEnclosingMethod.java execution test
FAIL: mauve/gnu/testlet/java/lang/InheritableThreadLocal/classInfo/getField.java execution test
FAIL: mauve/gnu/testlet/java/lang/InheritableThreadLocal/classInfo/getFields.java execution test
FAIL: mauve/gnu/testlet/java/lang/InheritableThreadLocal/classInfo/getInterfaces.java execution test
FAIL: mauve/gnu/testlet/java/lang/InheritableThreadLocal/classInfo/getMethod.java execution test
FAIL: mauve/gnu/testlet/java/lang/InheritableThreadLocal/classInfo/getModifiers.java execution test
FAIL: mauve/gnu/testlet/java/lang/InheritableThreadLocal/classInfo/getName.java execution test
FAIL: mauve/gnu/testlet/java/lang/InheritableThreadLocal/classInfo/getPackage.java execution test
FAIL: mauve/gnu/testlet/java/lang/InheritableThreadLocal/classInfo/getSimpleName.java execution test
FAIL: mauve/gnu/testlet/java/lang/InheritableThreadLocal/classInfo/getSuperclass.java execution test
FAIL: mauve/gnu/testlet/java/lang/InheritableThreadLocal/classInfo/isAnnotation.java execution test
FAIL: mauve/gnu/testlet/java/lang/InheritableThreadLocal/classInfo/isAnonymousClass.java execution test
FAIL: mauve/gnu/testlet/java/lang/InheritableThreadLocal/classInfo/isArray.java execution test
FAIL: mauve/gnu/testlet/java/lang/InheritableThreadLocal/classInfo/isAssignableFrom.java execution test
FAIL: mauve/gnu/testlet/java/lang/InheritableThreadLocal/classInfo/isEnum.java execution test
FAIL: mauve/gnu/testlet/java/lang/InheritableThreadLocal/classInfo/isInstance.java execution test
FAIL: mauve/gnu/testlet/java/lang/InheritableThreadLocal/classInfo/isInterface.java execution test
FAIL: mauve/gnu/testlet/java/lang/InheritableThreadLocal/classInfo/isLocalClass.java execution test
FAIL: mauve/gnu/testlet/java/lang/InheritableThreadLocal/classInfo/isMemberClass.java execution test
FAIL: mauve/gnu/testlet/java/lang/InheritableThreadLocal/classInfo/isPrimitive.java execution test
FAIL: mauve/gnu/testlet/java/lang/InheritableThreadLocal/classInfo/isSynthetic.java execution test
FAIL: mauve/gnu/testlet/java/lang/InheritableThreadLocal/constructor.java execution test
FAIL: mauve/gnu/testlet/java/lang/InheritableThreadLocal/simple.java execution test
FAIL: mauve/gnu/testlet/java/lang/InstantiationError/TryCatch.java execution test
FAIL: mauve/gnu/testlet/java/lang/InstantiationError/classInfo/InstanceOf.java execution test
FAIL: mauve/gnu/testlet/java/lang/InstantiationError/classInfo/getCanonicalName.java execution test
FAIL: mauve/gnu/testlet/java/lang/InstantiationError/classInfo/getComponentType.java execution test
FAIL: mauve/gnu/testlet/java/lang/InstantiationError/classInfo/getConstructor.java execution test
FAIL: mauve/gnu/testlet/java/lang/InstantiationError/classInfo/getConstructors.java execution test
FAIL: mauve/gnu/testlet/java/lang/InstantiationError/classInfo/getDeclaredConstructor.java execution test
FAIL: mauve/gnu/testlet/java/lang/InstantiationError/classInfo/getDeclaredConstructors.java execution test
FAIL: mauve/gnu/testlet/java/lang/InstantiationError/classInfo/getDeclaredField.java execution test
FAIL: mauve/gnu/testlet/java/lang/InstantiationError/classInfo/getDeclaredFields.java execution test
FAIL: mauve/gnu/testlet/java/lang/InstantiationError/classInfo/getDeclaredMethod.java execution test
FAIL: mauve/gnu/testlet/java/lang/InstantiationError/classInfo/getDeclaredMethods.java execution test
FAIL: mauve/gnu/testlet/java/lang/InstantiationError/classInfo/getDeclaringClass.java execution test
FAIL: mauve/gnu/testlet/java/lang/InstantiationError/classInfo/getEnclosingClass.java execution test
FAIL: mauve/gnu/testlet/java/lang/InstantiationError/classInfo/getEnclosingConstructor.java execution test
FAIL: mauve/gnu/testlet/java/lang/InstantiationError/classInfo/getEnclosingMethod.java execution test
FAIL: mauve/gnu/testlet/java/lang/InstantiationError/classInfo/getField.java execution test
FAIL: mauve/gnu/testlet/java/lang/InstantiationError/classInfo/getFields.java execution test
FAIL: mauve/gnu/testlet/java/lang/InstantiationError/classInfo/getInterfaces.java execution test
FAIL: mauve/gnu/testlet/java/lang/InstantiationError/classInfo/getMethod.java execution test
FAIL: mauve/gnu/testlet/java/lang/InstantiationError/classInfo/getModifiers.java execution test
FAIL: mauve/gnu/testlet/java/lang/InstantiationError/classInfo/getName.java execution test
FAIL: mauve/gnu/testlet/java/lang/InstantiationError/classInfo/getPackage.java execution test
FAIL: mauve/gnu/testlet/java/lang/InstantiationError/classInfo/getSimpleName.java execution test
FAIL: mauve/gnu/testlet/java/lang/InstantiationError/classInfo/getSuperclass.java execution test
FAIL: mauve/gnu/testlet/java/lang/InstantiationError/classInfo/isAnnotation.java execution test
FAIL: mauve/gnu/testlet/java/lang/InstantiationError/classInfo/isAnonymousClass.java execution test
FAIL: mauve/gnu/testlet/java/lang/InstantiationError/classInfo/isArray.java execution test
FAIL: mauve/gnu/testlet/java/lang/InstantiationError/classInfo/isAssignableFrom.java execution test
FAIL: mauve/gnu/testlet/java/lang/InstantiationError/classInfo/isEnum.java execution test
FAIL: mauve/gnu/testlet/java/lang/InstantiationError/classInfo/isInstance.java execution test
FAIL: mauve/gnu/testlet/java/lang/InstantiationError/classInfo/isInterface.java execution test
FAIL: mauve/gnu/testlet/java/lang/InstantiationError/classInfo/isLocalClass.java execution test
FAIL: mauve/gnu/testlet/java/lang/InstantiationError/classInfo/isMemberClass.java execution test
FAIL: mauve/gnu/testlet/java/lang/InstantiationError/classInfo/isPrimitive.java execution test
FAIL: mauve/gnu/testlet/java/lang/InstantiationError/classInfo/isSynthetic.java execution test
XPASS: mauve/gnu/testlet/java/lang/InstantiationException/classInfo/getAnnotation.java execution test
XPASS: mauve/gnu/testlet/java/lang/InstantiationException/classInfo/getAnnotations.java execution test
XPASS: mauve/gnu/testlet/java/lang/InstantiationException/classInfo/getClasses.java execution test
XPASS: mauve/gnu/testlet/java/lang/InstantiationException/classInfo/getDeclaredAnnotations.java execution test
XPASS: mauve/gnu/testlet/java/lang/InstantiationException/classInfo/getDeclaredClasses.java execution test
FAIL: mauve/gnu/testlet/java/lang/InstantiationException/classInfo/getDeclaredFields.java execution test
FAIL: mauve/gnu/testlet/java/lang/InstantiationException/classInfo/getEnclosingMethod.java execution test
FAIL: mauve/gnu/testlet/java/lang/InstantiationException/classInfo/getField.java execution test
FAIL: mauve/gnu/testlet/java/lang/InstantiationException/classInfo/getFields.java execution test
FAIL: mauve/gnu/testlet/java/lang/InstantiationException/classInfo/getInterfaces.java execution test
FAIL: mauve/gnu/testlet/java/lang/InstantiationException/classInfo/getMethod.java execution test
FAIL: mauve/gnu/testlet/java/lang/InstantiationException/classInfo/getModifiers.java execution test
FAIL: mauve/gnu/testlet/java/lang/InstantiationException/classInfo/getName.java execution test
FAIL: mauve/gnu/testlet/java/lang/InstantiationException/classInfo/getPackage.java execution test
FAIL: mauve/gnu/testlet/java/lang/InstantiationException/classInfo/getSimpleName.java execution test
FAIL: mauve/gnu/testlet/java/lang/InstantiationException/classInfo/getSuperclass.java execution test
FAIL: mauve/gnu/testlet/java/lang/InstantiationException/classInfo/isAnnotation.java execution test
FAIL: mauve/gnu/testlet/java/lang/InstantiationException/classInfo/isAnonymousClass.java execution test
FAIL: mauve/gnu/testlet/java/lang/InstantiationException/classInfo/isArray.java execution test
FAIL: mauve/gnu/testlet/java/lang/InstantiationException/classInfo/isAssignableFrom.java execution test
FAIL: mauve/gnu/testlet/java/lang/InstantiationException/classInfo/isEnum.java execution test
FAIL: mauve/gnu/testlet/java/lang/InstantiationException/classInfo/isInstance.java execution test
FAIL: mauve/gnu/testlet/java/lang/InstantiationException/classInfo/isInterface.java execution test
FAIL: mauve/gnu/testlet/java/lang/InstantiationException/classInfo/isLocalClass.java execution test
FAIL: mauve/gnu/testlet/java/lang/InstantiationException/classInfo/isMemberClass.java execution test
FAIL: mauve/gnu/testlet/java/lang/InstantiationException/classInfo/isPrimitive.java execution test
FAIL: mauve/gnu/testlet/java/lang/InstantiationException/classInfo/isSynthetic.java execution test
FAIL: mauve/gnu/testlet/java/lang/InstantiationException/constructor.java execution test
FAIL: mauve/gnu/testlet/java/lang/Integer/Tests15.java execution test
FAIL: mauve/gnu/testlet/java/lang/Integer/classInfo/InstanceOf.java execution test
FAIL: mauve/gnu/testlet/java/lang/Integer/classInfo/getCanonicalName.java execution test
FAIL: mauve/gnu/testlet/java/lang/Integer/classInfo/getComponentType.java execution test
FAIL: mauve/gnu/testlet/java/lang/Integer/classInfo/getConstructor.java execution test
FAIL: mauve/gnu/testlet/java/lang/Integer/classInfo/getConstructors.java execution test
FAIL: mauve/gnu/testlet/java/lang/Integer/classInfo/getDeclaredConstructor.java execution test
FAIL: mauve/gnu/testlet/java/lang/Integer/classInfo/getDeclaredConstructors.java execution test
FAIL: mauve/gnu/testlet/java/lang/Integer/classInfo/getDeclaredField.java execution test
FAIL: mauve/gnu/testlet/java/lang/Integer/classInfo/getDeclaredFields.java execution test
FAIL: mauve/gnu/testlet/java/lang/Integer/classInfo/getDeclaringClass.java execution test
FAIL: mauve/gnu/testlet/java/lang/Integer/classInfo/getEnclosingClass.java execution test
FAIL: mauve/gnu/testlet/java/lang/Integer/classInfo/getEnclosingConstructor.java execution test
FAIL: mauve/gnu/testlet/java/lang/Integer/classInfo/getEnclosingMethod.java execution test
FAIL: mauve/gnu/testlet/java/lang/Integer/classInfo/getField.java execution test
FAIL: mauve/gnu/testlet/java/lang/Integer/classInfo/getFields.java execution test
FAIL: mauve/gnu/testlet/java/lang/Integer/classInfo/getInterfaces.java execution test
FAIL: mauve/gnu/testlet/java/lang/Integer/classInfo/getModifiers.java execution test
FAIL: mauve/gnu/testlet/java/lang/Integer/classInfo/getName.java execution test
FAIL: mauve/gnu/testlet/java/lang/Integer/classInfo/getPackage.java execution test
FAIL: mauve/gnu/testlet/java/lang/Integer/classInfo/getSimpleName.java execution test
FAIL: mauve/gnu/testlet/java/lang/Integer/classInfo/getSuperclass.java execution test
FAIL: mauve/gnu/testlet/java/lang/Integer/classInfo/isAnnotation.java execution test
FAIL: mauve/gnu/testlet/java/lang/Integer/classInfo/isAnonymousClass.java execution test
FAIL: mauve/gnu/testlet/java/lang/Integer/classInfo/isArray.java execution test
FAIL: mauve/gnu/testlet/java/lang/Integer/classInfo/isAssignableFrom.java execution test
FAIL: mauve/gnu/testlet/java/lang/Integer/classInfo/isEnum.java execution test
FAIL: mauve/gnu/testlet/java/lang/Integer/classInfo/isInstance.java execution test
FAIL: mauve/gnu/testlet/java/lang/Integer/classInfo/isInterface.java execution test
FAIL: mauve/gnu/testlet/java/lang/Integer/classInfo/isLocalClass.java execution test
FAIL: mauve/gnu/testlet/java/lang/Integer/classInfo/isMemberClass.java execution test
FAIL: mauve/gnu/testlet/java/lang/Integer/classInfo/isPrimitive.java execution test
FAIL: mauve/gnu/testlet/java/lang/Integer/classInfo/isSynthetic.java execution test
FAIL: mauve/gnu/testlet/java/lang/Integer/constructor.java execution test
FAIL: mauve/gnu/testlet/java/lang/Integer/decode.java execution test
FAIL: mauve/gnu/testlet/java/lang/Integer/integerDivide.java execution test
FAIL: mauve/gnu/testlet/java/lang/Integer/integerModulo.java execution test
FAIL: mauve/gnu/testlet/java/lang/Integer/new_Integer.java execution test
FAIL: mauve/gnu/testlet/java/lang/Integer/parseInt.java execution test
FAIL: mauve/gnu/testlet/java/lang/Integer/parseIntRadix.java execution test
FAIL: mauve/gnu/testlet/java/lang/Integer/toString.java execution test
FAIL: mauve/gnu/testlet/java/lang/InternalError/TryCatch.java execution test
FAIL: mauve/gnu/testlet/java/lang/InternalError/classInfo/InstanceOf.java execution test
FAIL: mauve/gnu/testlet/java/lang/InternalError/classInfo/getCanonicalName.java execution test
FAIL: mauve/gnu/testlet/java/lang/InternalError/classInfo/getComponentType.java execution test
FAIL: mauve/gnu/testlet/java/lang/InternalError/classInfo/getConstructor.java execution test
FAIL: mauve/gnu/testlet/java/lang/InternalError/classInfo/getConstructors.java execution test
FAIL: mauve/gnu/testlet/java/lang/InternalError/classInfo/getDeclaredConstructor.java execution test
FAIL: mauve/gnu/testlet/java/lang/InternalError/classInfo/getDeclaredConstructors.java execution test
FAIL: mauve/gnu/testlet/java/lang/InternalError/classInfo/getDeclaredFields.java execution test
FAIL: mauve/gnu/testlet/java/lang/InternalError/classInfo/getFields.java execution test
FAIL: mauve/gnu/testlet/java/lang/InternalError/classInfo/getMethod.java execution test
FAIL: mauve/gnu/testlet/java/lang/InternalError/classInfo/getModifiers.java execution test
XPASS: mauve/gnu/testlet/java/lang/InternalError/classInfo/isAnnotationPresent.java execution test
XPASS: mauve/gnu/testlet/java/lang/InterruptedException/classInfo/getAnnotation.java execution test
XPASS: mauve/gnu/testlet/java/lang/InterruptedException/classInfo/getAnnotations.java execution test
XPASS: mauve/gnu/testlet/java/lang/InterruptedException/classInfo/getClasses.java execution test
XPASS: mauve/gnu/testlet/java/lang/InterruptedException/classInfo/getDeclaredAnnotations.java execution test
XPASS: mauve/gnu/testlet/java/lang/InterruptedException/classInfo/getDeclaredClasses.java execution test
FAIL: mauve/gnu/testlet/java/lang/InterruptedException/classInfo/getDeclaredFields.java execution test
FAIL: mauve/gnu/testlet/java/lang/InterruptedException/classInfo/getFields.java execution test
FAIL: mauve/gnu/testlet/java/lang/InterruptedException/classInfo/getMethod.java execution test
FAIL: mauve/gnu/testlet/java/lang/InterruptedException/classInfo/getModifiers.java execution test
XPASS: mauve/gnu/testlet/java/lang/InterruptedException/classInfo/isAnnotationPresent.java execution test
XPASS: mauve/gnu/testlet/java/lang/LinkageError/classInfo/getAnnotation.java execution test
XPASS: mauve/gnu/testlet/java/lang/LinkageError/classInfo/getAnnotations.java execution test
XPASS: mauve/gnu/testlet/java/lang/LinkageError/classInfo/getClasses.java execution test
FAIL: mauve/gnu/testlet/java/lang/LinkageError/classInfo/getConstructors.java execution test
XPASS: mauve/gnu/testlet/java/lang/LinkageError/classInfo/getDeclaredAnnotations.java execution test
XPASS: mauve/gnu/testlet/java/lang/LinkageError/classInfo/getDeclaredClasses.java execution test
FAIL: mauve/gnu/testlet/java/lang/LinkageError/classInfo/getDeclaredConstructors.java execution test
FAIL: mauve/gnu/testlet/java/lang/LinkageError/classInfo/getDeclaredFields.java execution test
FAIL: mauve/gnu/testlet/java/lang/LinkageError/classInfo/getField.java execution test
FAIL: mauve/gnu/testlet/java/lang/LinkageError/classInfo/getFields.java execution test
FAIL: mauve/gnu/testlet/java/lang/LinkageError/classInfo/getInterfaces.java execution test
FAIL: mauve/gnu/testlet/java/lang/LinkageError/classInfo/getMethod.java execution test
FAIL: mauve/gnu/testlet/java/lang/LinkageError/classInfo/getModifiers.java execution test
FAIL: mauve/gnu/testlet/java/lang/LinkageError/classInfo/getName.java execution test
FAIL: mauve/gnu/testlet/java/lang/LinkageError/classInfo/getPackage.java execution test
FAIL: mauve/gnu/testlet/java/lang/LinkageError/classInfo/getSimpleName.java execution test
FAIL: mauve/gnu/testlet/java/lang/LinkageError/classInfo/getSuperclass.java execution test
FAIL: mauve/gnu/testlet/java/lang/LinkageError/classInfo/isAnnotation.java execution test
FAIL: mauve/gnu/testlet/java/lang/LinkageError/classInfo/isAnonymousClass.java execution test
FAIL: mauve/gnu/testlet/java/lang/LinkageError/classInfo/isArray.java execution test
FAIL: mauve/gnu/testlet/java/lang/LinkageError/classInfo/isAssignableFrom.java execution test
FAIL: mauve/gnu/testlet/java/lang/LinkageError/classInfo/isEnum.java execution test
FAIL: mauve/gnu/testlet/java/lang/LinkageError/classInfo/isInstance.java execution test
FAIL: mauve/gnu/testlet/java/lang/LinkageError/classInfo/isInterface.java execution test
FAIL: mauve/gnu/testlet/java/lang/LinkageError/classInfo/isLocalClass.java execution test
FAIL: mauve/gnu/testlet/java/lang/LinkageError/classInfo/isMemberClass.java execution test
FAIL: mauve/gnu/testlet/java/lang/LinkageError/classInfo/isPrimitive.java execution test
FAIL: mauve/gnu/testlet/java/lang/LinkageError/classInfo/isSynthetic.java execution test
FAIL: mauve/gnu/testlet/java/lang/LinkageError/constructor.java execution test
FAIL: mauve/gnu/testlet/java/lang/Long/Tests15.java execution test
FAIL: mauve/gnu/testlet/java/lang/Long/classInfo/InstanceOf.java execution test
FAIL: mauve/gnu/testlet/java/lang/Long/classInfo/getCanonicalName.java execution test
FAIL: mauve/gnu/testlet/java/lang/Long/classInfo/getComponentType.java execution test
FAIL: mauve/gnu/testlet/java/lang/Long/classInfo/getConstructor.java execution test
FAIL: mauve/gnu/testlet/java/lang/Long/classInfo/getConstructors.java execution test
FAIL: mauve/gnu/testlet/java/lang/Long/classInfo/getDeclaredConstructor.java execution test
FAIL: mauve/gnu/testlet/java/lang/Long/classInfo/getDeclaredConstructors.java execution test
FAIL: mauve/gnu/testlet/java/lang/Long/classInfo/getDeclaredField.java execution test
FAIL: mauve/gnu/testlet/java/lang/Long/classInfo/getDeclaredFields.java execution test
FAIL: mauve/gnu/testlet/java/lang/Long/classInfo/getDeclaringClass.java execution test
FAIL: mauve/gnu/testlet/java/lang/Long/classInfo/getEnclosingClass.java execution test
FAIL: mauve/gnu/testlet/java/lang/Long/classInfo/getEnclosingConstructor.java execution test
FAIL: mauve/gnu/testlet/java/lang/Long/classInfo/getEnclosingMethod.java execution test
FAIL: mauve/gnu/testlet/java/lang/Long/classInfo/getField.java execution test
FAIL: mauve/gnu/testlet/java/lang/Long/classInfo/getFields.java execution test
FAIL: mauve/gnu/testlet/java/lang/Long/classInfo/getInterfaces.java execution test
FAIL: mauve/gnu/testlet/java/lang/Long/classInfo/getModifiers.java execution test
FAIL: mauve/gnu/testlet/java/lang/Long/classInfo/getName.java execution test
FAIL: mauve/gnu/testlet/java/lang/Long/classInfo/getPackage.java execution test
FAIL: mauve/gnu/testlet/java/lang/Long/classInfo/getSimpleName.java execution test
FAIL: mauve/gnu/testlet/java/lang/Long/classInfo/getSuperclass.java execution test
FAIL: mauve/gnu/testlet/java/lang/Long/classInfo/isAnnotation.java execution test
FAIL: mauve/gnu/testlet/java/lang/Long/classInfo/isAnonymousClass.java execution test
FAIL: mauve/gnu/testlet/java/lang/Long/classInfo/isArray.java execution test
FAIL: mauve/gnu/testlet/java/lang/Long/classInfo/isAssignableFrom.java execution test
FAIL: mauve/gnu/testlet/java/lang/Long/classInfo/isEnum.java execution test
FAIL: mauve/gnu/testlet/java/lang/Long/classInfo/isInstance.java execution test
FAIL: mauve/gnu/testlet/java/lang/Long/classInfo/isInterface.java execution test
FAIL: mauve/gnu/testlet/java/lang/Long/classInfo/isLocalClass.java execution test
FAIL: mauve/gnu/testlet/java/lang/Long/classInfo/isMemberClass.java execution test
FAIL: mauve/gnu/testlet/java/lang/Long/classInfo/isPrimitive.java execution test
FAIL: mauve/gnu/testlet/java/lang/Long/classInfo/isSynthetic.java execution test
FAIL: mauve/gnu/testlet/java/lang/Long/getLong.java execution test
FAIL: mauve/gnu/testlet/java/lang/Long/longDivide.java execution test
FAIL: mauve/gnu/testlet/java/lang/Long/longModulo.java execution test
FAIL: mauve/gnu/testlet/java/lang/Long/toString.java execution test
FAIL: mauve/gnu/testlet/java/lang/Math/classInfo/getCanonicalName.java execution test
FAIL: mauve/gnu/testlet/java/lang/Math/classInfo/getComponentType.java execution test
FAIL: mauve/gnu/testlet/java/lang/Math/classInfo/getConstructor.java execution test
FAIL: mauve/gnu/testlet/java/lang/Math/classInfo/getConstructors.java execution test
FAIL: mauve/gnu/testlet/java/lang/Math/classInfo/getDeclaredConstructor.java execution test
FAIL: mauve/gnu/testlet/java/lang/Math/classInfo/getDeclaredConstructors.java execution test
FAIL: mauve/gnu/testlet/java/lang/Math/classInfo/getDeclaredField.java execution test
FAIL: mauve/gnu/testlet/java/lang/Math/classInfo/getDeclaredFields.java execution test
FAIL: mauve/gnu/testlet/java/lang/Math/classInfo/getDeclaredMethod.java execution test
FAIL: mauve/gnu/testlet/java/lang/Math/classInfo/getDeclaredMethods.java execution test
FAIL: mauve/gnu/testlet/java/lang/Math/classInfo/getFields.java execution test
FAIL: mauve/gnu/testlet/java/lang/Math/classInfo/getModifiers.java execution test
XPASS: mauve/gnu/testlet/java/lang/Math/classInfo/isAnnotationPresent.java execution test
FAIL: mauve/gnu/testlet/java/lang/NegativeArraySizeException/TryCatch.java execution test
FAIL: mauve/gnu/testlet/java/lang/NegativeArraySizeException/classInfo/InstanceOf.java execution test
FAIL: mauve/gnu/testlet/java/lang/NegativeArraySizeException/classInfo/getCanonicalName.java execution test
FAIL: mauve/gnu/testlet/java/lang/NegativeArraySizeException/classInfo/getComponentType.java execution test
FAIL: mauve/gnu/testlet/java/lang/NegativeArraySizeException/classInfo/getConstructor.java execution test
FAIL: mauve/gnu/testlet/java/lang/NegativeArraySizeException/classInfo/getConstructors.java execution test
FAIL: mauve/gnu/testlet/java/lang/NegativeArraySizeException/classInfo/getDeclaredConstructor.java execution test
FAIL: mauve/gnu/testlet/java/lang/NegativeArraySizeException/classInfo/getDeclaredConstructors.java execution test
FAIL: mauve/gnu/testlet/java/lang/NegativeArraySizeException/classInfo/getDeclaredField.java execution test
FAIL: mauve/gnu/testlet/java/lang/NegativeArraySizeException/classInfo/getDeclaredFields.java execution test
FAIL: mauve/gnu/testlet/java/lang/NegativeArraySizeException/classInfo/getDeclaredMethod.java execution test
FAIL: mauve/gnu/testlet/java/lang/NegativeArraySizeException/classInfo/getDeclaredMethods.java execution test
FAIL: mauve/gnu/testlet/java/lang/NegativeArraySizeException/classInfo/getDeclaringClass.java execution test
FAIL: mauve/gnu/testlet/java/lang/NegativeArraySizeException/classInfo/getEnclosingClass.java execution test
FAIL: mauve/gnu/testlet/java/lang/NegativeArraySizeException/classInfo/getEnclosingConstructor.java execution test
FAIL: mauve/gnu/testlet/java/lang/NegativeArraySizeException/classInfo/getEnclosingMethod.java execution test
FAIL: mauve/gnu/testlet/java/lang/NegativeArraySizeException/classInfo/getField.java execution test
FAIL: mauve/gnu/testlet/java/lang/NegativeArraySizeException/classInfo/getFields.java execution test
FAIL: mauve/gnu/testlet/java/lang/NegativeArraySizeException/classInfo/getInterfaces.java execution test
FAIL: mauve/gnu/testlet/java/lang/NegativeArraySizeException/classInfo/getMethod.java execution test
FAIL: mauve/gnu/testlet/java/lang/NegativeArraySizeException/classInfo/getModifiers.java execution test
FAIL: mauve/gnu/testlet/java/lang/NegativeArraySizeException/classInfo/getName.java execution test
FAIL: mauve/gnu/testlet/java/lang/NegativeArraySizeException/classInfo/getPackage.java execution test
FAIL: mauve/gnu/testlet/java/lang/NegativeArraySizeException/classInfo/getSimpleName.java execution test
FAIL: mauve/gnu/testlet/java/lang/NegativeArraySizeException/classInfo/getSuperclass.java execution test
FAIL: mauve/gnu/testlet/java/lang/NegativeArraySizeException/classInfo/isAnnotation.java execution test
FAIL: mauve/gnu/testlet/java/lang/NegativeArraySizeException/classInfo/isAnonymousClass.java execution test
FAIL: mauve/gnu/testlet/java/lang/NegativeArraySizeException/classInfo/isArray.java execution test
FAIL: mauve/gnu/testlet/java/lang/NegativeArraySizeException/classInfo/isAssignableFrom.java execution test
FAIL: mauve/gnu/testlet/java/lang/NegativeArraySizeException/classInfo/isEnum.java execution test
FAIL: mauve/gnu/testlet/java/lang/NegativeArraySizeException/classInfo/isInstance.java execution test
FAIL: mauve/gnu/testlet/java/lang/NegativeArraySizeException/classInfo/isInterface.java execution test
FAIL: mauve/gnu/testlet/java/lang/NegativeArraySizeException/classInfo/isLocalClass.java execution test
FAIL: mauve/gnu/testlet/java/lang/NegativeArraySizeException/classInfo/isMemberClass.java execution test
FAIL: mauve/gnu/testlet/java/lang/NegativeArraySizeException/classInfo/isPrimitive.java execution test
FAIL: mauve/gnu/testlet/java/lang/NegativeArraySizeException/classInfo/isSynthetic.java execution test
FAIL: mauve/gnu/testlet/java/lang/NegativeArraySizeException/constructor.java execution test
FAIL: mauve/gnu/testlet/java/lang/NoClassDefFoundError/TryCatch.java execution test
FAIL: mauve/gnu/testlet/java/lang/NoClassDefFoundError/classInfo/InstanceOf.java execution test
FAIL: mauve/gnu/testlet/java/lang/NoClassDefFoundError/classInfo/getCanonicalName.java execution test
FAIL: mauve/gnu/testlet/java/lang/NoClassDefFoundError/classInfo/getComponentType.java execution test
FAIL: mauve/gnu/testlet/java/lang/NoClassDefFoundError/classInfo/getConstructor.java execution test
FAIL: mauve/gnu/testlet/java/lang/NoClassDefFoundError/classInfo/getConstructors.java execution test
FAIL: mauve/gnu/testlet/java/lang/NoClassDefFoundError/classInfo/getDeclaredConstructor.java execution test
FAIL: mauve/gnu/testlet/java/lang/NoClassDefFoundError/classInfo/getDeclaredConstructors.java execution test
FAIL: mauve/gnu/testlet/java/lang/NoClassDefFoundError/classInfo/getDeclaredField.java execution test
FAIL: mauve/gnu/testlet/java/lang/NoClassDefFoundError/classInfo/getDeclaredFields.java execution test
FAIL: mauve/gnu/testlet/java/lang/NoClassDefFoundError/classInfo/getDeclaredMethod.java execution test
FAIL: mauve/gnu/testlet/java/lang/NoClassDefFoundError/classInfo/getDeclaredMethods.java execution test
FAIL: mauve/gnu/testlet/java/lang/NoClassDefFoundError/classInfo/getDeclaringClass.java execution test
FAIL: mauve/gnu/testlet/java/lang/NoClassDefFoundError/classInfo/getEnclosingClass.java execution test
FAIL: mauve/gnu/testlet/java/lang/NoClassDefFoundError/classInfo/getEnclosingConstructor.java execution test
FAIL: mauve/gnu/testlet/java/lang/NoClassDefFoundError/classInfo/getEnclosingMethod.java execution test
FAIL: mauve/gnu/testlet/java/lang/NoClassDefFoundError/classInfo/getField.java execution test
FAIL: mauve/gnu/testlet/java/lang/NoClassDefFoundError/classInfo/getFields.java execution test
FAIL: mauve/gnu/testlet/java/lang/NoClassDefFoundError/classInfo/getInterfaces.java execution test
FAIL: mauve/gnu/testlet/java/lang/NoClassDefFoundError/classInfo/getMethod.java execution test
FAIL: mauve/gnu/testlet/java/lang/NoClassDefFoundError/classInfo/getModifiers.java execution test
FAIL: mauve/gnu/testlet/java/lang/NoClassDefFoundError/classInfo/getName.java execution test
FAIL: mauve/gnu/testlet/java/lang/NoClassDefFoundError/classInfo/getPackage.java execution test
XPASS: mauve/gnu/testlet/java/lang/NoClassDefFoundError/classInfo/isAnnotationPresent.java execution test
XPASS: mauve/gnu/testlet/java/lang/NoSuchFieldError/classInfo/getAnnotation.java execution test
XPASS: mauve/gnu/testlet/java/lang/NoSuchFieldError/classInfo/getAnnotations.java execution test
XPASS: mauve/gnu/testlet/java/lang/NoSuchFieldError/classInfo/getClasses.java execution test
XPASS: mauve/gnu/testlet/java/lang/NoSuchFieldError/classInfo/getDeclaredAnnotations.java execution test
XPASS: mauve/gnu/testlet/java/lang/NoSuchFieldError/classInfo/getDeclaredClasses.java execution test
FAIL: mauve/gnu/testlet/java/lang/NoSuchFieldError/classInfo/getDeclaredFields.java execution test
FAIL: mauve/gnu/testlet/java/lang/NoSuchFieldError/classInfo/getFields.java execution test
FAIL: mauve/gnu/testlet/java/lang/NoSuchFieldError/classInfo/getMethod.java execution test
FAIL: mauve/gnu/testlet/java/lang/NoSuchFieldError/classInfo/getModifiers.java execution test
XPASS: mauve/gnu/testlet/java/lang/NoSuchFieldError/classInfo/isAnnotationPresent.java execution test
XPASS: mauve/gnu/testlet/java/lang/NoSuchFieldException/classInfo/getAnnotation.java execution test
XPASS: mauve/gnu/testlet/java/lang/NoSuchFieldException/classInfo/getAnnotations.java execution test
XPASS: mauve/gnu/testlet/java/lang/NoSuchFieldException/classInfo/getClasses.java execution test
XPASS: mauve/gnu/testlet/java/lang/NoSuchFieldException/classInfo/getDeclaredAnnotations.java execution test
XPASS: mauve/gnu/testlet/java/lang/NoSuchFieldException/classInfo/getDeclaredClasses.java execution test
FAIL: mauve/gnu/testlet/java/lang/NoSuchFieldException/classInfo/getDeclaredFields.java execution test
FAIL: mauve/gnu/testlet/java/lang/NoSuchFieldException/classInfo/getFields.java execution test
FAIL: mauve/gnu/testlet/java/lang/NoSuchFieldException/classInfo/getMethod.java execution test
FAIL: mauve/gnu/testlet/java/lang/NoSuchFieldException/classInfo/getModifiers.java execution test
XPASS: mauve/gnu/testlet/java/lang/NoSuchFieldException/classInfo/isAnnotationPresent.java execution test
FAIL: mauve/gnu/testlet/java/lang/NoSuchFieldException/classInfo/isAnonymousClass.java execution test
FAIL: mauve/gnu/testlet/java/lang/NoSuchFieldException/classInfo/isArray.java execution test
FAIL: mauve/gnu/testlet/java/lang/NoSuchFieldException/classInfo/isAssignableFrom.java execution test
XPASS: mauve/gnu/testlet/java/lang/NoSuchMethodError/classInfo/getAnnotation.java execution test
XPASS: mauve/gnu/testlet/java/lang/NoSuchMethodError/classInfo/getAnnotations.java execution test
XPASS: mauve/gnu/testlet/java/lang/NoSuchMethodError/classInfo/getClasses.java execution test
XPASS: mauve/gnu/testlet/java/lang/NoSuchMethodError/classInfo/getDeclaredAnnotations.java execution test
XPASS: mauve/gnu/testlet/java/lang/NoSuchMethodError/classInfo/getDeclaredClasses.java execution test
FAIL: mauve/gnu/testlet/java/lang/NoSuchMethodError/classInfo/getDeclaredFields.java execution test
FAIL: mauve/gnu/testlet/java/lang/NoSuchMethodError/classInfo/getFields.java execution test
FAIL: mauve/gnu/testlet/java/lang/NoSuchMethodError/classInfo/getMethod.java execution test
FAIL: mauve/gnu/testlet/java/lang/NoSuchMethodError/classInfo/getModifiers.java execution test
XPASS: mauve/gnu/testlet/java/lang/NoSuchMethodError/classInfo/isAnnotationPresent.java execution test
XPASS: mauve/gnu/testlet/java/lang/NoSuchMethodException/classInfo/getAnnotation.java execution test
XPASS: mauve/gnu/testlet/java/lang/NoSuchMethodException/classInfo/getAnnotations.java execution test
XPASS: mauve/gnu/testlet/java/lang/NoSuchMethodException/classInfo/getClasses.java execution test
XPASS: mauve/gnu/testlet/java/lang/NoSuchMethodException/classInfo/getDeclaredAnnotations.java execution test
XPASS: mauve/gnu/testlet/java/lang/NoSuchMethodException/classInfo/getDeclaredClasses.java execution test
FAIL: mauve/gnu/testlet/java/lang/NoSuchMethodException/classInfo/getDeclaredFields.java execution test
FAIL: mauve/gnu/testlet/java/lang/NoSuchMethodException/classInfo/getFields.java execution test
FAIL: mauve/gnu/testlet/java/lang/NoSuchMethodException/classInfo/getMethod.java execution test
FAIL: mauve/gnu/testlet/java/lang/NoSuchMethodException/classInfo/getModifiers.java execution test
XPASS: mauve/gnu/testlet/java/lang/NoSuchMethodException/classInfo/isAnnotationPresent.java execution test
XPASS: mauve/gnu/testlet/java/lang/NullPointerException/classInfo/getAnnotation.java execution test
XPASS: mauve/gnu/testlet/java/lang/NullPointerException/classInfo/getAnnotations.java execution test
XPASS: mauve/gnu/testlet/java/lang/NullPointerException/classInfo/getClasses.java execution test
XPASS: mauve/gnu/testlet/java/lang/NullPointerException/classInfo/getDeclaredAnnotations.java execution test
XPASS: mauve/gnu/testlet/java/lang/NullPointerException/classInfo/getDeclaredClasses.java execution test
FAIL: mauve/gnu/testlet/java/lang/NullPointerException/classInfo/getDeclaredFields.java execution test
FAIL: mauve/gnu/testlet/java/lang/NullPointerException/classInfo/getFields.java execution test
FAIL: mauve/gnu/testlet/java/lang/NullPointerException/classInfo/getMethod.java execution test
FAIL: mauve/gnu/testlet/java/lang/NullPointerException/classInfo/getModifiers.java execution test
XPASS: mauve/gnu/testlet/java/lang/NullPointerException/classInfo/isAnnotationPresent.java execution test
XPASS: mauve/gnu/testlet/java/lang/NumberFormatException/classInfo/getAnnotation.java execution test
XPASS: mauve/gnu/testlet/java/lang/NumberFormatException/classInfo/getAnnotations.java execution test
XPASS: mauve/gnu/testlet/java/lang/NumberFormatException/classInfo/getClasses.java execution test
XPASS: mauve/gnu/testlet/java/lang/NumberFormatException/classInfo/getDeclaredAnnotations.java execution test
XPASS: mauve/gnu/testlet/java/lang/NumberFormatException/classInfo/getDeclaredClasses.java execution test
FAIL: mauve/gnu/testlet/java/lang/NumberFormatException/classInfo/getDeclaredFields.java execution test
FAIL: mauve/gnu/testlet/java/lang/NumberFormatException/classInfo/getFields.java execution test
FAIL: mauve/gnu/testlet/java/lang/NumberFormatException/classInfo/getMethod.java execution test
FAIL: mauve/gnu/testlet/java/lang/NumberFormatException/classInfo/getModifiers.java execution test
XPASS: mauve/gnu/testlet/java/lang/NumberFormatException/classInfo/isAnnotationPresent.java execution test
XPASS: mauve/gnu/testlet/java/lang/Object/classInfo/getAnnotation.java execution test
XPASS: mauve/gnu/testlet/java/lang/Object/classInfo/getAnnotations.java execution test
XPASS: mauve/gnu/testlet/java/lang/Object/classInfo/getClasses.java execution test
XPASS: mauve/gnu/testlet/java/lang/Object/classInfo/getDeclaredAnnotations.java execution test
XPASS: mauve/gnu/testlet/java/lang/Object/classInfo/getDeclaredClasses.java execution test
FAIL: mauve/gnu/testlet/java/lang/Object/classInfo/getDeclaredFields.java execution test
FAIL: mauve/gnu/testlet/java/lang/Object/classInfo/getDeclaredMethods.java execution test
FAIL: mauve/gnu/testlet/java/lang/Object/classInfo/getMethods.java execution test
FAIL: mauve/gnu/testlet/java/lang/Object/classInfo/getModifiers.java execution test
XPASS: mauve/gnu/testlet/java/lang/Object/classInfo/isAnnotationPresent.java execution test
XPASS: mauve/gnu/testlet/java/lang/OutOfMemoryError/classInfo/getAnnotation.java execution test
XPASS: mauve/gnu/testlet/java/lang/OutOfMemoryError/classInfo/getAnnotations.java execution test
XPASS: mauve/gnu/testlet/java/lang/OutOfMemoryError/classInfo/getClasses.java execution test
XPASS: mauve/gnu/testlet/java/lang/OutOfMemoryError/classInfo/getDeclaredAnnotations.java execution test
XPASS: mauve/gnu/testlet/java/lang/OutOfMemoryError/classInfo/getDeclaredClasses.java execution test
FAIL: mauve/gnu/testlet/java/lang/OutOfMemoryError/classInfo/getDeclaredFields.java execution test
FAIL: mauve/gnu/testlet/java/lang/OutOfMemoryError/classInfo/getFields.java execution test
FAIL: mauve/gnu/testlet/java/lang/OutOfMemoryError/classInfo/getMethod.java execution test
FAIL: mauve/gnu/testlet/java/lang/OutOfMemoryError/classInfo/getModifiers.java execution test
XPASS: mauve/gnu/testlet/java/lang/OutOfMemoryError/classInfo/isAnnotationPresent.java execution test
XPASS: mauve/gnu/testlet/java/lang/Package/classInfo/getAnnotation.java execution test
XPASS: mauve/gnu/testlet/java/lang/Package/classInfo/getAnnotations.java execution test
XPASS: mauve/gnu/testlet/java/lang/Package/classInfo/getClasses.java execution test
FAIL: mauve/gnu/testlet/java/lang/Package/classInfo/getConstructors.java execution test
XPASS: mauve/gnu/testlet/java/lang/Package/classInfo/getDeclaredAnnotations.java execution test
FAIL: mauve/gnu/testlet/java/lang/Package/classInfo/getDeclaredMethods.java execution test
FAIL: mauve/gnu/testlet/java/lang/Package/classInfo/getFields.java execution test
FAIL: mauve/gnu/testlet/java/lang/Package/classInfo/getModifiers.java execution test
XPASS: mauve/gnu/testlet/java/lang/Package/classInfo/isAnnotationPresent.java execution test
FAIL: mauve/gnu/testlet/java/lang/Process/destroy.java execution test
XPASS: mauve/gnu/testlet/java/lang/ProcessBuilder/classInfo/getAnnotation.java execution test
XPASS: mauve/gnu/testlet/java/lang/ProcessBuilder/classInfo/getAnnotations.java execution test
XPASS: mauve/gnu/testlet/java/lang/ProcessBuilder/classInfo/getDeclaredAnnotations.java execution test
FAIL: mauve/gnu/testlet/java/lang/ProcessBuilder/classInfo/getDeclaredFields.java execution test
FAIL: mauve/gnu/testlet/java/lang/ProcessBuilder/classInfo/getDeclaredMethods.java execution test
FAIL: mauve/gnu/testlet/java/lang/ProcessBuilder/classInfo/getFields.java execution test
FAIL: mauve/gnu/testlet/java/lang/ProcessBuilder/classInfo/getModifiers.java execution test
XPASS: mauve/gnu/testlet/java/lang/ProcessBuilder/classInfo/isAnnotationPresent.java execution test
FAIL: mauve/gnu/testlet/java/lang/ProcessBuilder/simple.java execution test
XPASS: mauve/gnu/testlet/java/lang/Runtime/classInfo/getAnnotation.java execution test
XPASS: mauve/gnu/testlet/java/lang/Runtime/classInfo/getAnnotations.java execution test
XPASS: mauve/gnu/testlet/java/lang/Runtime/classInfo/getClasses.java execution test
FAIL: mauve/gnu/testlet/java/lang/Runtime/classInfo/getConstructors.java execution test
XPASS: mauve/gnu/testlet/java/lang/Runtime/classInfo/getDeclaredAnnotations.java execution test
XPASS: mauve/gnu/testlet/java/lang/Runtime/classInfo/getDeclaredClasses.java execution test
FAIL: mauve/gnu/testlet/java/lang/Runtime/classInfo/getDeclaredMethods.java execution test
XPASS: mauve/gnu/testlet/java/lang/Runtime/classInfo/isAnnotationPresent.java execution test
FAIL: mauve/gnu/testlet/java/lang/Runtime/security.java execution test
XPASS: mauve/gnu/testlet/java/lang/RuntimeException/classInfo/getAnnotation.java execution test
XPASS: mauve/gnu/testlet/java/lang/RuntimeException/classInfo/getAnnotations.java execution test
XPASS: mauve/gnu/testlet/java/lang/RuntimeException/classInfo/getClasses.java execution test
FAIL: mauve/gnu/testlet/java/lang/RuntimeException/classInfo/getConstructors.java execution test
XPASS: mauve/gnu/testlet/java/lang/RuntimeException/classInfo/getDeclaredAnnotations.java execution test
XPASS: mauve/gnu/testlet/java/lang/RuntimeException/classInfo/getDeclaredClasses.java execution test
FAIL: mauve/gnu/testlet/java/lang/RuntimeException/classInfo/getDeclaredConstructors.java execution test
FAIL: mauve/gnu/testlet/java/lang/RuntimeException/classInfo/getDeclaredFields.java execution test
FAIL: mauve/gnu/testlet/java/lang/RuntimeException/classInfo/getFields.java execution test
FAIL: mauve/gnu/testlet/java/lang/RuntimeException/classInfo/getMethod.java execution test
FAIL: mauve/gnu/testlet/java/lang/RuntimeException/classInfo/getModifiers.java execution test
WARNING: program timed out
FAIL: mauve/gnu/testlet/java/lang/RuntimeException/classInfo/isInterface.java execution test
XPASS: mauve/gnu/testlet/java/lang/SecurityException/classInfo/getAnnotation.java execution test
XPASS: mauve/gnu/testlet/java/lang/SecurityException/classInfo/getAnnotations.java execution test
XPASS: mauve/gnu/testlet/java/lang/SecurityException/classInfo/getClasses.java execution test
XPASS: mauve/gnu/testlet/java/lang/SecurityException/classInfo/getDeclaredAnnotations.java execution test
XPASS: mauve/gnu/testlet/java/lang/SecurityException/classInfo/getDeclaredClasses.java execution test
FAIL: mauve/gnu/testlet/java/lang/SecurityException/classInfo/getDeclaredFields.java execution test
FAIL: mauve/gnu/testlet/java/lang/SecurityException/classInfo/getFields.java execution test
FAIL: mauve/gnu/testlet/java/lang/SecurityException/classInfo/getMethod.java execution test
FAIL: mauve/gnu/testlet/java/lang/SecurityException/classInfo/getModifiers.java execution test
XPASS: mauve/gnu/testlet/java/lang/SecurityException/classInfo/isAnnotationPresent.java execution test
XPASS: mauve/gnu/testlet/java/lang/Short/classInfo/getAnnotation.java execution test
XPASS: mauve/gnu/testlet/java/lang/Short/classInfo/getAnnotations.java execution test
XPASS: mauve/gnu/testlet/java/lang/Short/classInfo/getClasses.java execution test
FAIL: mauve/gnu/testlet/java/lang/Short/classInfo/getConstructors.java execution test
XPASS: mauve/gnu/testlet/java/lang/Short/classInfo/getDeclaredAnnotations.java execution test
FAIL: mauve/gnu/testlet/java/lang/Short/classInfo/getDeclaredConstructors.java execution test
FAIL: mauve/gnu/testlet/java/lang/Short/classInfo/getDeclaredFields.java execution test
FAIL: mauve/gnu/testlet/java/lang/Short/classInfo/getDeclaredMethod.java execution test
FAIL: mauve/gnu/testlet/java/lang/Short/classInfo/getDeclaredMethods.java execution test
FAIL: mauve/gnu/testlet/java/lang/Short/classInfo/getFields.java execution test
FAIL: mauve/gnu/testlet/java/lang/Short/classInfo/getMethod.java execution test
FAIL: mauve/gnu/testlet/java/lang/Short/classInfo/getModifiers.java execution test
XPASS: mauve/gnu/testlet/java/lang/Short/classInfo/isAnnotationPresent.java execution test
XPASS: mauve/gnu/testlet/java/lang/StackOverflowError/classInfo/getAnnotation.java execution test
XPASS: mauve/gnu/testlet/java/lang/StackOverflowError/classInfo/getAnnotations.java execution test
XPASS: mauve/gnu/testlet/java/lang/StackOverflowError/classInfo/getClasses.java execution test
FAIL: mauve/gnu/testlet/java/lang/StackOverflowError/classInfo/getConstructors.java execution test
FAIL: mauve/gnu/testlet/java/lang/StackOverflowError/classInfo/getDeclaredFields.java execution test
FAIL: mauve/gnu/testlet/java/lang/StackOverflowError/classInfo/getFields.java execution test
FAIL: mauve/gnu/testlet/java/lang/StackOverflowError/classInfo/getMethod.java execution test
FAIL: mauve/gnu/testlet/java/lang/StackOverflowError/classInfo/getModifiers.java execution test
XPASS: mauve/gnu/testlet/java/lang/StackOverflowError/classInfo/isAnnotationPresent.java execution test
XPASS: mauve/gnu/testlet/java/lang/String/classInfo/getAnnotation.java execution test
XPASS: mauve/gnu/testlet/java/lang/String/classInfo/getAnnotations.java execution test
XPASS: mauve/gnu/testlet/java/lang/String/classInfo/getClasses.java execution test
XPASS: mauve/gnu/testlet/java/lang/String/classInfo/getDeclaredAnnotations.java execution test
WARNING: program timed out
FAIL: mauve/gnu/testlet/java/lang/String/classInfo/getDeclaredField.java execution test
FAIL: mauve/gnu/testlet/java/lang/String/classInfo/getDeclaredFields.java execution test
FAIL: mauve/gnu/testlet/java/lang/String/classInfo/getFields.java execution test
FAIL: mauve/gnu/testlet/java/lang/String/classInfo/getModifiers.java execution test
XPASS: mauve/gnu/testlet/java/lang/String/classInfo/isAnnotationPresent.java execution test
FAIL: mauve/gnu/testlet/java/lang/String/decode.java execution test
XPASS: mauve/gnu/testlet/java/lang/String/getBytes13.java execution test
XPASS: mauve/gnu/testlet/java/lang/String/getBytes14.java execution test
FAIL: mauve/gnu/testlet/java/lang/StringBuffer/classInfo/getModifiers.java execution test
FAIL: mauve/gnu/testlet/java/lang/StringBuilder/classInfo/getModifiers.java execution test
FAIL: mauve/gnu/testlet/java/lang/StringIndexOutOfBoundsException/classInfo/getDeclaredFields.java execution test
FAIL: mauve/gnu/testlet/java/lang/StringIndexOutOfBoundsException/classInfo/getFields.java execution test
FAIL: mauve/gnu/testlet/java/lang/StringIndexOutOfBoundsException/classInfo/getModifiers.java execution test
XPASS: mauve/gnu/testlet/java/lang/StringIndexOutOfBoundsException/classInfo/isAnnotationPresent.java execution test
FAIL: mauve/gnu/testlet/java/lang/System/getProperty.java execution test
FAIL: mauve/gnu/testlet/java/lang/Thread/contextClassLoader.java execution test
FAIL: mauve/gnu/testlet/java/lang/Thread/getThreadGroup.java execution test
FAIL: mauve/gnu/testlet/java/lang/Thread/security10.java execution test
FAIL: mauve/gnu/testlet/java/lang/ThreadDeath/classInfo/getDeclaredFields.java execution test
FAIL: mauve/gnu/testlet/java/lang/ThreadDeath/classInfo/getFields.java execution test
FAIL: mauve/gnu/testlet/java/lang/ThreadDeath/classInfo/getModifiers.java execution test
XPASS: mauve/gnu/testlet/java/lang/ThreadDeath/classInfo/isAnnotationPresent.java execution test
XPASS: mauve/gnu/testlet/java/lang/TypeNotPresentException/classInfo/getAnnotation.java execution test
XPASS: mauve/gnu/testlet/java/lang/TypeNotPresentException/classInfo/getAnnotations.java execution test
XPASS: mauve/gnu/testlet/java/lang/TypeNotPresentException/classInfo/getClasses.java execution test
XPASS: mauve/gnu/testlet/java/lang/TypeNotPresentException/classInfo/getDeclaredAnnotations.java execution test
XPASS: mauve/gnu/testlet/java/lang/TypeNotPresentException/classInfo/getDeclaredClasses.java execution test
FAIL: mauve/gnu/testlet/java/lang/TypeNotPresentException/classInfo/getDeclaredFields.java execution test
FAIL: mauve/gnu/testlet/java/lang/TypeNotPresentException/classInfo/getFields.java execution test
FAIL: mauve/gnu/testlet/java/lang/TypeNotPresentException/classInfo/getMethod.java execution test
FAIL: mauve/gnu/testlet/java/lang/TypeNotPresentException/classInfo/getModifiers.java execution test
XPASS: mauve/gnu/testlet/java/lang/TypeNotPresentException/classInfo/isAnnotationPresent.java execution test
XPASS: mauve/gnu/testlet/java/lang/UnknownError/classInfo/getAnnotation.java execution test
XPASS: mauve/gnu/testlet/java/lang/UnknownError/classInfo/getAnnotations.java execution test
XPASS: mauve/gnu/testlet/java/lang/UnknownError/classInfo/getClasses.java execution test
XPASS: mauve/gnu/testlet/java/lang/UnknownError/classInfo/getDeclaredAnnotations.java execution test
XPASS: mauve/gnu/testlet/java/lang/UnknownError/classInfo/getDeclaredClasses.java execution test
FAIL: mauve/gnu/testlet/java/lang/UnknownError/classInfo/getDeclaredFields.java execution test
FAIL: mauve/gnu/testlet/java/lang/UnknownError/classInfo/getFields.java execution test
FAIL: mauve/gnu/testlet/java/lang/UnknownError/classInfo/getMethod.java execution test
FAIL: mauve/gnu/testlet/java/lang/UnknownError/classInfo/getModifiers.java execution test
XPASS: mauve/gnu/testlet/java/lang/UnknownError/classInfo/isAnnotationPresent.java execution test
XPASS: mauve/gnu/testlet/java/lang/UnsatisfiedLinkError/classInfo/getAnnotation.java execution test
XPASS: mauve/gnu/testlet/java/lang/UnsatisfiedLinkError/classInfo/getAnnotations.java execution test
XPASS: mauve/gnu/testlet/java/lang/UnsatisfiedLinkError/classInfo/getClasses.java execution test
XPASS: mauve/gnu/testlet/java/lang/UnsatisfiedLinkError/classInfo/getDeclaredAnnotations.java execution test
XPASS: mauve/gnu/testlet/java/lang/UnsatisfiedLinkError/classInfo/getDeclaredClasses.java execution test
WARNING: program timed out
FAIL: mauve/gnu/testlet/java/lang/UnsatisfiedLinkError/classInfo/getDeclaredFields.java execution test
FAIL: mauve/gnu/testlet/java/lang/UnsatisfiedLinkError/classInfo/getFields.java execution test
FAIL: mauve/gnu/testlet/java/lang/UnsatisfiedLinkError/classInfo/getMethod.java execution test
FAIL: mauve/gnu/testlet/java/lang/UnsatisfiedLinkError/classInfo/getModifiers.java execution test
XPASS: mauve/gnu/testlet/java/lang/UnsatisfiedLinkError/classInfo/isAnnotationPresent.java execution test
XPASS: mauve/gnu/testlet/java/lang/UnsupportedClassVersionError/classInfo/getAnnotation.java execution test
XPASS: mauve/gnu/testlet/java/lang/UnsupportedClassVersionError/classInfo/getAnnotations.java execution test
XPASS: mauve/gnu/testlet/java/lang/UnsupportedClassVersionError/classInfo/getClasses.java execution test
XPASS: mauve/gnu/testlet/java/lang/UnsupportedClassVersionError/classInfo/getDeclaredAnnotations.java execution test
XPASS: mauve/gnu/testlet/java/lang/UnsupportedClassVersionError/classInfo/getDeclaredClasses.java execution test
FAIL: mauve/gnu/testlet/java/lang/UnsupportedClassVersionError/classInfo/getDeclaredFields.java execution test
FAIL: mauve/gnu/testlet/java/lang/UnsupportedClassVersionError/classInfo/getFields.java execution test
FAIL: mauve/gnu/testlet/java/lang/UnsupportedClassVersionError/classInfo/getMethod.java execution test
FAIL: mauve/gnu/testlet/java/lang/UnsupportedClassVersionError/classInfo/getModifiers.java execution test
XPASS: mauve/gnu/testlet/java/lang/UnsupportedClassVersionError/classInfo/isAnnotationPresent.java execution test
WARNING: program timed out
FAIL: mauve/gnu/testlet/java/lang/UnsupportedClassVersionError/classInfo/isAnonymousClass.java execution test
XPASS: mauve/gnu/testlet/java/lang/UnsupportedOperationException/classInfo/getAnnotation.java execution test
XPASS: mauve/gnu/testlet/java/lang/UnsupportedOperationException/classInfo/getAnnotations.java execution test
XPASS: mauve/gnu/testlet/java/lang/UnsupportedOperationException/classInfo/getClasses.java execution test
XPASS: mauve/gnu/testlet/java/lang/UnsupportedOperationException/classInfo/getDeclaredAnnotations.java execution test
XPASS: mauve/gnu/testlet/java/lang/UnsupportedOperationException/classInfo/getDeclaredClasses.java execution test
FAIL: mauve/gnu/testlet/java/lang/UnsupportedOperationException/classInfo/getDeclaredFields.java execution test
FAIL: mauve/gnu/testlet/java/lang/UnsupportedOperationException/classInfo/getFields.java execution test
FAIL: mauve/gnu/testlet/java/lang/UnsupportedOperationException/classInfo/getMethod.java execution test
FAIL: mauve/gnu/testlet/java/lang/UnsupportedOperationException/classInfo/getModifiers.java execution test
XPASS: mauve/gnu/testlet/java/lang/UnsupportedOperationException/classInfo/isAnnotationPresent.java execution test
FAIL: mauve/gnu/testlet/java/lang/UnsupportedOperationException/classInfo/isAssignableFrom.java execution test
XPASS: mauve/gnu/testlet/java/lang/VerifyError/classInfo/getAnnotation.java execution test
XPASS: mauve/gnu/testlet/java/lang/VerifyError/classInfo/getAnnotations.java execution test
XPASS: mauve/gnu/testlet/java/lang/VerifyError/classInfo/getClasses.java execution test
XPASS: mauve/gnu/testlet/java/lang/VerifyError/classInfo/getDeclaredAnnotations.java execution test
XPASS: mauve/gnu/testlet/java/lang/VerifyError/classInfo/getDeclaredClasses.java execution test
FAIL: mauve/gnu/testlet/java/lang/VerifyError/classInfo/getDeclaredFields.java execution test
FAIL: mauve/gnu/testlet/java/lang/VerifyError/classInfo/getFields.java execution test
FAIL: mauve/gnu/testlet/java/lang/VerifyError/classInfo/getMethod.java execution test
FAIL: mauve/gnu/testlet/java/lang/VerifyError/classInfo/getModifiers.java execution test
XPASS: mauve/gnu/testlet/java/lang/VerifyError/classInfo/isAnnotationPresent.java execution test
XPASS: mauve/gnu/testlet/java/lang/management/OperatingSystemMXBeanTest.java execution test
FAIL: mauve/gnu/testlet/java/lang/reflect/Field/access.java execution test
WARNING: program timed out
FAIL: mauve/gnu/testlet/java/math/BigDecimal/add.java execution test
FAIL: mauve/gnu/testlet/java/math/BigDecimal/byteValue.java execution test
FAIL: mauve/gnu/testlet/java/math/BigDecimal/compareTo.java execution test
FAIL: mauve/gnu/testlet/java/math/BigDecimal/constructorBigInteger.java execution test
FAIL: mauve/gnu/testlet/java/math/BigDecimal/constructorLong.java execution test
FAIL: mauve/gnu/testlet/java/math/BigDecimal/divideToIntegralValue.java execution test
FAIL: mauve/gnu/testlet/java/math/BigDecimal/intValue.java execution test
FAIL: mauve/gnu/testlet/java/math/BigDecimal/intValueExact.java execution test
FAIL: mauve/gnu/testlet/java/math/BigDecimal/longValue.java execution test
FAIL: mauve/gnu/testlet/java/math/BigDecimal/longValueExact.java execution test
FAIL: mauve/gnu/testlet/java/math/BigDecimal/pow.java execution test
FAIL: mauve/gnu/testlet/java/math/BigDecimal/shortValue.java execution test
FAIL: mauve/gnu/testlet/java/math/BigDecimal/shortValueExact.java execution test
FAIL: mauve/gnu/testlet/java/math/BigDecimal/toEngineeringString.java execution test
FAIL: mauve/gnu/testlet/java/math/BigDecimal/toPlainString.java execution test
FAIL: mauve/gnu/testlet/java/math/BigDecimal/valueOfLong.java execution test
FAIL: mauve/gnu/testlet/java/math/BigDecimal/valueOfLongInt.java execution test
FAIL: mauve/gnu/testlet/java/math/BigInteger/TestOfToByteArray.java execution test
WARNING: program timed out
WARNING: program timed out
FAIL: mauve/gnu/testlet/java/math/BigInteger/valueOf.java execution test
XPASS: mauve/gnu/testlet/java/net/DatagramPacket/DatagramPacketTest.java execution test
XPASS: mauve/gnu/testlet/java/net/DatagramPacket/DatagramPacketTest2.java execution test
FAIL: mauve/gnu/testlet/java/net/HttpURLConnection/fileNotFound.java execution test
FAIL: mauve/gnu/testlet/java/net/HttpURLConnection/getOutputStream.java execution test
FAIL: mauve/gnu/testlet/java/net/HttpURLConnection/getRequestProperty.java execution test
FAIL: mauve/gnu/testlet/java/net/HttpURLConnection/illegalStateException.java execution test
FAIL: mauve/gnu/testlet/java/net/HttpURLConnection/nullPointerException.java execution test
XPASS: mauve/gnu/testlet/java/net/InetAddress/InetAddressTest.java execution test
XPASS: mauve/gnu/testlet/java/net/InetAddress/getLocalHost.java execution test
FAIL: mauve/gnu/testlet/java/net/SocketPermission/argument.java execution test
WARNING: program timed out
FAIL: mauve/gnu/testlet/java/net/SocketPermission/serialization.java execution test
FAIL: mauve/gnu/testlet/java/net/URI/ToStringTest.java execution test
FAIL: mauve/gnu/testlet/java/net/URLConnection/Jar.java execution test
FAIL: mauve/gnu/testlet/java/net/URLConnection/getRequestProperties.java execution test
FAIL: mauve/gnu/testlet/java/net/URLStreamHandler/Except.java execution test
FAIL: mauve/gnu/testlet/java/nio/charset/Charset/encode.java execution test
FAIL: mauve/gnu/testlet/java/nio/charset/Charset/forName2.java execution test
FAIL: mauve/gnu/testlet/java/nio/charset/Charset/utf16.java execution test
WARNING: program timed out
FAIL: mauve/gnu/testlet/java/security/AccessController/doPrivileged.java execution test
FAIL: mauve/gnu/testlet/java/security/BasicPermission/newPermission.java execution test
XPASS: mauve/gnu/testlet/java/security/Policy/Security.java execution test
XPASS: mauve/gnu/testlet/java/security/ProtectionDomain/Implies.java execution test
XPASS: mauve/gnu/testlet/java/security/Provider/NameVersionInfo.java execution test
FAIL: mauve/gnu/testlet/java/sql/Timestamp/TimestampTest.java execution test
XPASS: mauve/gnu/testlet/java/text/Bidi/Basic.java execution test
XPASS: mauve/gnu/testlet/java/text/Bidi/reorderVisually.java execution test
XPASS: mauve/gnu/testlet/java/text/ChoiceFormat/format.java execution test
XPASS: mauve/gnu/testlet/java/text/ChoiceFormat/parse.java execution test
FAIL: mauve/gnu/testlet/java/text/CollationElementIterator/jdk11.java execution test
FAIL: mauve/gnu/testlet/java/text/SimpleDateFormat/attribute.java execution test
FAIL: mauve/gnu/testlet/java/util/AbstractList/AcuniaAbstractListTest.java execution test
FAIL: mauve/gnu/testlet/java/util/AbstractSequentialList/AcuniaAbstractSequentialListTest.java execution test
WARNING: program timed out
WARNING: program timed out
FAIL: mauve/gnu/testlet/java/util/BitSet/get.java execution test
XPASS: mauve/gnu/testlet/java/util/Collection/Test.java execution test
WARNING: program timed out
FAIL: mauve/gnu/testlet/java/util/Collections/nCopies.java execution test
FAIL: mauve/gnu/testlet/java/util/ConcurrentModificationException/classInfo/getModifiers.java execution test
FAIL: mauve/gnu/testlet/java/util/Currency/Canada.java execution test
FAIL: mauve/gnu/testlet/java/util/Currency/UK.java execution test
FAIL: mauve/gnu/testlet/java/util/Currency/US.java execution test
FAIL: mauve/gnu/testlet/java/util/Currency/getInstance.java execution test
XPASS: mauve/gnu/testlet/java/util/Date/getTimezoneOffset.java execution test
WARNING: program timed out
FAIL: mauve/gnu/testlet/java/util/Date/serialization.java execution test
FAIL: mauve/gnu/testlet/java/util/DuplicateFormatFlagsException/classInfo/getModifiers.java execution test
FAIL: mauve/gnu/testlet/java/util/DuplicateFormatFlagsException/classInfo/getPackage.java execution test
FAIL: mauve/gnu/testlet/java/util/EmptyStackException/classInfo/getModifiers.java execution test
FAIL: mauve/gnu/testlet/java/util/EnumSet/ComplementOf.java execution test
FAIL: mauve/gnu/testlet/java/util/FormatFlagsConversionMismatchException/classInfo/getModifiers.java execution test
FAIL: mauve/gnu/testlet/java/util/FormatterClosedException/classInfo/getModifiers.java execution test
FAIL: mauve/gnu/testlet/java/util/Hashtable/NullValue.java execution test
FAIL: mauve/gnu/testlet/java/util/IllegalFormatCodePointException/classInfo/getDeclaredFields.java execution test
FAIL: mauve/gnu/testlet/java/util/IllegalFormatCodePointException/classInfo/getFields.java execution test
FAIL: mauve/gnu/testlet/java/util/IllegalFormatCodePointException/classInfo/getModifiers.java execution test
XPASS: mauve/gnu/testlet/java/util/IllegalFormatCodePointException/classInfo/isAnnotationPresent.java execution test
FAIL: mauve/gnu/testlet/java/util/IllegalFormatCodePointException/classInfo/isAssignableFrom.java execution test
FAIL: mauve/gnu/testlet/java/util/IllegalFormatCodePointException/classInfo/isEnum.java execution test
FAIL: mauve/gnu/testlet/java/util/IllegalFormatCodePointException/classInfo/isInstance.java execution test
FAIL: mauve/gnu/testlet/java/util/IllegalFormatConversionException/classInfo/getDeclaredFields.java execution test
FAIL: mauve/gnu/testlet/java/util/IllegalFormatConversionException/classInfo/getFields.java execution test
FAIL: mauve/gnu/testlet/java/util/IllegalFormatConversionException/classInfo/getModifiers.java execution test
XPASS: mauve/gnu/testlet/java/util/IllegalFormatConversionException/classInfo/isAnnotationPresent.java execution test
FAIL: mauve/gnu/testlet/java/util/IllegalFormatFlagsException/classInfo/getDeclaredFields.java execution test
FAIL: mauve/gnu/testlet/java/util/IllegalFormatFlagsException/classInfo/getFields.java execution test
FAIL: mauve/gnu/testlet/java/util/IllegalFormatFlagsException/classInfo/getModifiers.java execution test
XPASS: mauve/gnu/testlet/java/util/IllegalFormatFlagsException/classInfo/isAnnotationPresent.java execution test
FAIL: mauve/gnu/testlet/java/util/IllegalFormatFlagsException/classInfo/isArray.java execution test
FAIL: mauve/gnu/testlet/java/util/IllegalFormatFlagsException/classInfo/isAssignableFrom.java execution test
FAIL: mauve/gnu/testlet/java/util/IllegalFormatFlagsException/classInfo/isEnum.java execution test
FAIL: mauve/gnu/testlet/java/util/IllegalFormatFlagsException/classInfo/isInstance.java execution test
FAIL: mauve/gnu/testlet/java/util/IllegalFormatPrecisionException/classInfo/getDeclaredFields.java execution test
FAIL: mauve/gnu/testlet/java/util/IllegalFormatPrecisionException/classInfo/getFields.java execution test
FAIL: mauve/gnu/testlet/java/util/IllegalFormatPrecisionException/classInfo/getModifiers.java execution test
XPASS: mauve/gnu/testlet/java/util/IllegalFormatPrecisionException/classInfo/isAnnotationPresent.java execution test
FAIL: mauve/gnu/testlet/java/util/IllegalFormatWidthException/classInfo/getDeclaredFields.java execution test
FAIL: mauve/gnu/testlet/java/util/IllegalFormatWidthException/classInfo/getFields.java execution test
FAIL: mauve/gnu/testlet/java/util/IllegalFormatWidthException/classInfo/getModifiers.java execution test
XPASS: mauve/gnu/testlet/java/util/IllegalFormatWidthException/classInfo/isAnnotationPresent.java execution test
FAIL: mauve/gnu/testlet/java/util/LinkedHashMap/Regress.java execution test
FAIL: mauve/gnu/testlet/java/util/LinkedList/AcuniaLinkedListTest.java execution test
FAIL: mauve/gnu/testlet/java/util/LinkedList/SubListTest.java execution test
FAIL: mauve/gnu/testlet/java/util/ResourceBundle/getBundle.java execution test
FAIL: mauve/gnu/testlet/java/util/Timer/taskException.java execution test
FAIL: mauve/gnu/testlet/java/util/TreeMap/serialization.java execution test
FAIL: mauve/gnu/testlet/java/util/concurrent/CopyOnWriteArrayList/AddAllTest.java execution test
XPASS: mauve/gnu/testlet/java/util/logging/Handler/getErrorManager.java execution test
XPASS: mauve/gnu/testlet/java/util/logging/Handler/isLoggable.java execution test
XPASS: mauve/gnu/testlet/java/util/logging/Handler/reportError.java execution test
XPASS: mauve/gnu/testlet/java/util/logging/Handler/setErrorManager.java execution test
XPASS: mauve/gnu/testlet/java/util/logging/Handler/setFilter.java execution test
XPASS: mauve/gnu/testlet/java/util/logging/Handler/setLevel.java execution test
FAIL: mauve/gnu/testlet/java/util/logging/Level/parse.java execution test
XPASS: mauve/gnu/testlet/java/util/logging/LogRecord/getMillis.java execution test
XPASS: mauve/gnu/testlet/java/util/logging/LogRecord/getThreadID.java execution test
XPASS: mauve/gnu/testlet/java/util/logging/LogRecord/setLevel.java execution test
XPASS: mauve/gnu/testlet/java/util/logging/LogRecord/setLoggerName.java execution test
XPASS: mauve/gnu/testlet/java/util/logging/LogRecord/setMessage.java execution test
XPASS: mauve/gnu/testlet/java/util/logging/LogRecord/setMillis.java execution test
XPASS: mauve/gnu/testlet/java/util/logging/LogRecord/setParameters.java execution test
XPASS: mauve/gnu/testlet/java/util/logging/LogRecord/setResourceBundle.java execution test
XPASS: mauve/gnu/testlet/java/util/logging/LogRecord/setSequenceNumber.java execution test
XPASS: mauve/gnu/testlet/java/util/logging/LogRecord/setSourceClassName.java execution test
XPASS: mauve/gnu/testlet/java/util/logging/LogRecord/setSourceMethodName.java execution test
XPASS: mauve/gnu/testlet/java/util/logging/LogRecord/setThreadID.java execution test
XPASS: mauve/gnu/testlet/java/util/logging/LogRecord/setThrown.java execution test
XPASS: mauve/gnu/testlet/java/util/logging/Logger/PR35974.java execution test
XPASS: mauve/gnu/testlet/java/util/logging/Logger/getName.java execution test
XPASS: mauve/gnu/testlet/java/util/logging/Logger/getParent.java execution test
XPASS: mauve/gnu/testlet/java/util/logging/LoggingMXBean/Test.java execution test
XPASS: mauve/gnu/testlet/java/util/logging/SocketHandler/SocketHandler.java execution test
WARNING: program timed out
XPASS: mauve/gnu/testlet/java/util/logging/XMLFormatter/getTail.java execution test
FAIL: mauve/gnu/testlet/java/util/zip/ZipEntry/newZipEntry.java execution test
FAIL: mauve/gnu/testlet/java/util/zip/ZipEntry/setComment.java execution test
FAIL: mauve/gnu/testlet/java/util/zip/ZipFile/DirEntryTest.java execution test
FAIL: mauve/gnu/testlet/java/util/zip/ZipFile/NoEntryTest.java execution test

		=== openldk Summary ===

# of expected passes		7388
# of unexpected failures	1461
# of unexpected successes	288
# of expected failures		1416
# of unresolved testcases	14
make: *** [Makefile:11: check] Error 1
